{
  "stats": {
    "suites": 36,
    "tests": 80,
    "passes": 63,
    "pending": 0,
    "failures": 17,
    "start": "2022-06-13T12:18:22.860Z",
    "end": "2022-06-13T12:46:29.107Z",
    "duration": 1686247,
    "testsRegistered": 96,
    "passPercent": 65.625,
    "pendingPercent": 0,
    "other": 3,
    "hasOther": true,
    "skipped": 15,
    "hasSkipped": true
  },
  "results": [
    {
      "uuid": "e33b9f3d-ae4c-4508-b1e0-ef36fc4594a0",
      "title": "",
      "fullFile": "cypress/integration/1-v3-markets/2-avalanche-v3-market/1-swap-full/link.swap-full.spec.ts",
      "file": "cypress/integration/1-v3-markets/2-avalanche-v3-market/1-swap-full/link.swap-full.spec.ts",
      "beforeHooks": [],
      "afterHooks": [],
      "tests": [],
      "suites": [
        {
          "uuid": "9e135f5e-f56b-4926-ae2f-a7884f58b689",
          "title": "Swap from LINK to WAVAX",
          "fullFile": "",
          "file": "",
          "beforeHooks": [],
          "afterHooks": [],
          "tests": [],
          "suites": [
            {
              "uuid": "38b32068-394e-4d6e-99eb-d2b09fd17b28",
              "title": "Supply process for AVAX",
              "fullFile": "",
              "file": "",
              "beforeHooks": [],
              "afterHooks": [],
              "tests": [
                {
                  "title": "Open AVAX supply popup view",
                  "fullTitle": "Swap from LINK to WAVAX Supply process for AVAX Open AVAX supply popup view",
                  "timedOut": null,
                  "duration": 10667,
                  "state": "passed",
                  "speed": "slow",
                  "pass": true,
                  "fail": false,
                  "pending": false,
                  "context": null,
                  "code": "Object(_actions_steps__WEBPACK_IMPORTED_MODULE_0__[\"doSwitchToDashboardSupplyView\"])();\ncy.get(`[data-cy='dashboardSupplyListItem_${_shortName.toUpperCase()}']`)\n    .find('button:contains(\"Supply\")')\n    .click();\ncy.get(`[data-cy=Modal] h2:contains(\"Supply ${_shortName}\")`).should('be.visible');",
                  "err": {},
                  "uuid": "16991819-d72e-4cc2-8642-46b4b646e1ef",
                  "parentUUID": "38b32068-394e-4d6e-99eb-d2b09fd17b28",
                  "isHook": false,
                  "skipped": false
                },
                {
                  "title": "Supply 1000 amount for AVAX",
                  "fullTitle": "Swap from LINK to WAVAX Supply process for AVAX Supply 1000 amount for AVAX",
                  "timedOut": null,
                  "duration": 9891,
                  "state": "passed",
                  "speed": "slow",
                  "pass": true,
                  "fail": false,
                  "pending": false,
                  "context": null,
                  "code": "Object(_actions_steps__WEBPACK_IMPORTED_MODULE_0__[\"setAmount\"])({\n    amount,\n    max: isMaxAmount,\n});\nObject(_actions_steps__WEBPACK_IMPORTED_MODULE_0__[\"doConfirm\"])({\n    hasApproval,\n    actionName: _actionName,\n    assetName: _shortName,\n});",
                  "err": {},
                  "uuid": "1c704cdd-4819-4d94-904b-cffd575837eb",
                  "parentUUID": "38b32068-394e-4d6e-99eb-d2b09fd17b28",
                  "isHook": false,
                  "skipped": false
                },
                {
                  "title": "Close modal popup",
                  "fullTitle": "Swap from LINK to WAVAX Supply process for AVAX Close modal popup",
                  "timedOut": null,
                  "duration": 1013,
                  "state": "passed",
                  "speed": "slow",
                  "pass": true,
                  "fail": false,
                  "pending": false,
                  "context": null,
                  "code": "cy.get('[data-cy=closeButton]').should('not.be.disabled').click();\ncy.get('[data-cy=Modal]').should('not.exist');",
                  "err": {},
                  "uuid": "ea3c0176-d026-4d31-be77-a75b2859bf48",
                  "parentUUID": "38b32068-394e-4d6e-99eb-d2b09fd17b28",
                  "isHook": false,
                  "skipped": false
                }
              ],
              "suites": [],
              "passes": [
                "16991819-d72e-4cc2-8642-46b4b646e1ef",
                "1c704cdd-4819-4d94-904b-cffd575837eb",
                "ea3c0176-d026-4d31-be77-a75b2859bf48"
              ],
              "failures": [],
              "pending": [],
              "skipped": [],
              "duration": 21571,
              "root": false,
              "rootEmpty": false,
              "_timeout": 2000
            },
            {
              "uuid": "365d2285-518f-4017-9aab-74d8ec1a9ad7",
              "title": "Borrow process for LINK.e",
              "fullFile": "",
              "file": "",
              "beforeHooks": [],
              "afterHooks": [],
              "tests": [
                {
                  "title": "Open LINK.e borrow popup view",
                  "fullTitle": "Swap from LINK to WAVAX Borrow process for LINK.e Open LINK.e borrow popup view",
                  "timedOut": null,
                  "duration": 5106,
                  "state": "passed",
                  "speed": "slow",
                  "pass": true,
                  "fail": false,
                  "pending": false,
                  "context": null,
                  "code": "Object(_actions_steps__WEBPACK_IMPORTED_MODULE_0__[\"doSwitchToDashboardBorrowView\"])();\ncy.wait(4000);\ncy.get(`[data-cy='dashboardBorrowListItem_${_shortName.toUpperCase()}']`)\n    .contains('Borrow')\n    .should('not.be.disabled')\n    .click();\ncy.get(`[data-cy=Modal] h2:contains(\"Borrow ${_shortName}\")`).should('be.visible');",
                  "err": {},
                  "uuid": "79605330-3e7c-46c0-a4aa-51badd80daa0",
                  "parentUUID": "365d2285-518f-4017-9aab-74d8ec1a9ad7",
                  "isHook": false,
                  "skipped": false
                },
                {
                  "title": "Choose Default borrow option",
                  "fullTitle": "Swap from LINK to WAVAX Borrow process for LINK.e Choose Default borrow option",
                  "timedOut": null,
                  "duration": 11,
                  "state": "passed",
                  "speed": "fast",
                  "pass": true,
                  "fail": false,
                  "pending": false,
                  "context": null,
                  "code": "switch (apyType) {\n    case _fixtures_constans_json__WEBPACK_IMPORTED_MODULE_1__.borrowAPYType.variable:\n        cy.get('[data-cy=Modal] [role=group] button p')\n            .contains('Variable')\n            .click({ force: true });\n        break;\n    case _fixtures_constans_json__WEBPACK_IMPORTED_MODULE_1__.borrowAPYType.stable:\n        cy.get('[data-cy=Modal] [role=group] button p').contains('Stable').click({ force: true });\n        break;\n    default:\n        break;\n}",
                  "err": {},
                  "uuid": "5af709ed-061e-4c70-aa32-c96809216f73",
                  "parentUUID": "365d2285-518f-4017-9aab-74d8ec1a9ad7",
                  "isHook": false,
                  "skipped": false
                },
                {
                  "title": "Borrow 5 amount for LINK.e",
                  "fullTitle": "Swap from LINK to WAVAX Borrow process for LINK.e Borrow 5 amount for LINK.e",
                  "timedOut": null,
                  "duration": 307,
                  "state": "passed",
                  "speed": "slow",
                  "pass": true,
                  "fail": false,
                  "pending": false,
                  "context": null,
                  "code": "Object(_actions_steps__WEBPACK_IMPORTED_MODULE_0__[\"setAmount\"])({\n    amount,\n    max: isMaxAmount,\n});",
                  "err": {},
                  "uuid": "bf8ecacf-9263-41f5-9979-c85bf5369471",
                  "parentUUID": "365d2285-518f-4017-9aab-74d8ec1a9ad7",
                  "isHook": false,
                  "skipped": false
                },
                {
                  "title": "Confirmation process",
                  "fullTitle": "Swap from LINK to WAVAX Borrow process for LINK.e Confirmation process",
                  "timedOut": null,
                  "duration": 9212,
                  "state": "passed",
                  "speed": "slow",
                  "pass": true,
                  "fail": false,
                  "pending": false,
                  "context": null,
                  "code": "Object(_actions_steps__WEBPACK_IMPORTED_MODULE_0__[\"doConfirm\"])({\n    hasApproval,\n    actionName: _actionName,\n    assetName: _shortName,\n});",
                  "err": {},
                  "uuid": "d41a6915-e133-4944-a56f-6d75b2b747ac",
                  "parentUUID": "365d2285-518f-4017-9aab-74d8ec1a9ad7",
                  "isHook": false,
                  "skipped": false
                },
                {
                  "title": "Close modal popup",
                  "fullTitle": "Swap from LINK to WAVAX Borrow process for LINK.e Close modal popup",
                  "timedOut": null,
                  "duration": 2056,
                  "state": "passed",
                  "speed": "slow",
                  "pass": true,
                  "fail": false,
                  "pending": false,
                  "context": null,
                  "code": "cy.get('[data-cy=closeButton]').should('not.be.disabled').click();\ncy.get('[data-cy=Modal]').should('not.exist');",
                  "err": {},
                  "uuid": "436f8958-8bf5-465e-8c15-6c47da8e96f4",
                  "parentUUID": "365d2285-518f-4017-9aab-74d8ec1a9ad7",
                  "isHook": false,
                  "skipped": false
                }
              ],
              "suites": [],
              "passes": [
                "79605330-3e7c-46c0-a4aa-51badd80daa0",
                "5af709ed-061e-4c70-aa32-c96809216f73",
                "bf8ecacf-9263-41f5-9979-c85bf5369471",
                "d41a6915-e133-4944-a56f-6d75b2b747ac",
                "436f8958-8bf5-465e-8c15-6c47da8e96f4"
              ],
              "failures": [],
              "pending": [],
              "skipped": [],
              "duration": 16692,
              "root": false,
              "rootEmpty": false,
              "_timeout": 2000
            },
            {
              "uuid": "d4a92329-d8ff-4d0d-9490-8ad351746c84",
              "title": "Supply process for LINK.e",
              "fullFile": "",
              "file": "",
              "beforeHooks": [],
              "afterHooks": [],
              "tests": [
                {
                  "title": "Open LINK.e supply popup view",
                  "fullTitle": "Swap from LINK to WAVAX Supply process for LINK.e Open LINK.e supply popup view",
                  "timedOut": null,
                  "duration": 1000,
                  "state": "passed",
                  "speed": "slow",
                  "pass": true,
                  "fail": false,
                  "pending": false,
                  "context": null,
                  "code": "Object(_actions_steps__WEBPACK_IMPORTED_MODULE_0__[\"doSwitchToDashboardSupplyView\"])();\ncy.get(`[data-cy='dashboardSupplyListItem_${_shortName.toUpperCase()}']`)\n    .find('button:contains(\"Supply\")')\n    .click();\ncy.get(`[data-cy=Modal] h2:contains(\"Supply ${_shortName}\")`).should('be.visible');",
                  "err": {},
                  "uuid": "d4dac8b1-9c30-48d9-a05b-dc9b6542984a",
                  "parentUUID": "d4a92329-d8ff-4d0d-9490-8ad351746c84",
                  "isHook": false,
                  "skipped": false
                },
                {
                  "title": "Supply 5 amount for LINK.e",
                  "fullTitle": "Swap from LINK to WAVAX Supply process for LINK.e Supply 5 amount for LINK.e",
                  "timedOut": null,
                  "duration": 16411,
                  "state": "passed",
                  "speed": "slow",
                  "pass": true,
                  "fail": false,
                  "pending": false,
                  "context": null,
                  "code": "Object(_actions_steps__WEBPACK_IMPORTED_MODULE_0__[\"setAmount\"])({\n    amount,\n    max: isMaxAmount,\n});\nObject(_actions_steps__WEBPACK_IMPORTED_MODULE_0__[\"doConfirm\"])({\n    hasApproval,\n    actionName: _actionName,\n    assetName: _shortName,\n});",
                  "err": {},
                  "uuid": "d921c975-79b8-4c2d-afde-a1a5a9fa03d2",
                  "parentUUID": "d4a92329-d8ff-4d0d-9490-8ad351746c84",
                  "isHook": false,
                  "skipped": false
                },
                {
                  "title": "Close modal popup",
                  "fullTitle": "Swap from LINK to WAVAX Supply process for LINK.e Close modal popup",
                  "timedOut": null,
                  "duration": 1476,
                  "state": "passed",
                  "speed": "slow",
                  "pass": true,
                  "fail": false,
                  "pending": false,
                  "context": null,
                  "code": "cy.get('[data-cy=closeButton]').should('not.be.disabled').click();\ncy.get('[data-cy=Modal]').should('not.exist');",
                  "err": {},
                  "uuid": "8ac0565c-ff16-4a4d-ba5e-caf09e4ea84c",
                  "parentUUID": "d4a92329-d8ff-4d0d-9490-8ad351746c84",
                  "isHook": false,
                  "skipped": false
                }
              ],
              "suites": [],
              "passes": [
                "d4dac8b1-9c30-48d9-a05b-dc9b6542984a",
                "d921c975-79b8-4c2d-afde-a1a5a9fa03d2",
                "8ac0565c-ff16-4a4d-ba5e-caf09e4ea84c"
              ],
              "failures": [],
              "pending": [],
              "skipped": [],
              "duration": 18887,
              "root": false,
              "rootEmpty": false,
              "_timeout": 2000
            },
            {
              "uuid": "42f7c956-a809-46da-9751-68e6112f2b41",
              "title": "Swap 10 LINK.e to WAVAX",
              "fullFile": "",
              "file": "",
              "beforeHooks": [],
              "afterHooks": [],
              "tests": [
                {
                  "title": "Open Swap modal for LINK.e",
                  "fullTitle": "Swap from LINK to WAVAX Swap 10 LINK.e to WAVAX Open Swap modal for LINK.e",
                  "timedOut": null,
                  "duration": 684,
                  "state": "passed",
                  "speed": "slow",
                  "pass": true,
                  "fail": false,
                  "pending": false,
                  "context": null,
                  "code": "Object(_actions_steps__WEBPACK_IMPORTED_MODULE_0__[\"doSwitchToDashboardSupplyView\"])();\nObject(_actions_steps__WEBPACK_IMPORTED_MODULE_0__[\"getDashBoardDepositRow\"])({ assetName: _shortNameFrom, isCollateralType: isCollateralFromAsset })\n    .find(`[data-cy=swapButton]`)\n    .click();\ncy.get(`[data-cy=Modal] h2:contains(\"Swap ${_shortNameFrom}\")`).should('be.visible');",
                  "err": {},
                  "uuid": "c7fdf578-987b-40fb-a506-22940a1e9df2",
                  "parentUUID": "42f7c956-a809-46da-9751-68e6112f2b41",
                  "isHook": false,
                  "skipped": false
                },
                {
                  "title": "Choose swapping options: swap to asset",
                  "fullTitle": "Swap from LINK to WAVAX Swap 10 LINK.e to WAVAX Choose swapping options: swap to asset",
                  "timedOut": null,
                  "duration": 1700,
                  "state": "passed",
                  "speed": "slow",
                  "pass": true,
                  "fail": false,
                  "pending": false,
                  "context": null,
                  "code": "cy.get('[data-cy=Modal]').as('Modal');\ncy.get('@Modal').find('[data-cy=assetSelect]').click();\ncy.get(`[data-cy=\"assetsSelectOption_${_shortNameTo.toUpperCase()}\"]`, { timeout: 10000 })\n    .scrollIntoView()\n    .should('be.visible')\n    .click();\ncy.get(`[data-cy=\"assetsSelectedOption_${_shortNameTo.toUpperCase()}\"]`, {\n    timeout: 10000,\n}).should('be.visible', { timeout: 10000 });",
                  "err": {},
                  "uuid": "acc9f0ce-64ca-4144-bf18-cc37b34806c2",
                  "parentUUID": "42f7c956-a809-46da-9751-68e6112f2b41",
                  "isHook": false,
                  "skipped": false
                },
                {
                  "title": "Make approve for 10 amount",
                  "fullTitle": "Swap from LINK to WAVAX Swap 10 LINK.e to WAVAX Make approve for 10 amount",
                  "timedOut": null,
                  "duration": 40644,
                  "state": "failed",
                  "speed": null,
                  "pass": false,
                  "fail": true,
                  "pending": false,
                  "context": null,
                  "code": "Object(_actions_steps__WEBPACK_IMPORTED_MODULE_0__[\"setAmount\"])({\n    amount,\n    max: isMaxAmount,\n});\nObject(_actions_steps__WEBPACK_IMPORTED_MODULE_0__[\"doConfirm\"])({\n    hasApproval,\n    actionName: _actionName,\n});",
                  "err": {
                    "message": "AssertionError: Timed out retrying after 40000ms: Expected to find element: `button:contains(\"Enter an amount\")`, but never found it. Queried from element: <div.MuiModal-root.css-nlocu5-MuiModal-root>",
                    "estack": "AssertionError: Timed out retrying after 40000ms: Expected to find element: `button:contains(\"Enter an amount\")`, but never found it. Queried from element: <div.MuiModal-root.css-nlocu5-MuiModal-root>\n    at setAmount (http://localhost:3000/__cypress/tests?p=cypress/integration/1-v3-markets/2-avalanche-v3-market/1-swap-full/link.swap-full.spec.ts:48507:74)\n    at Context.eval (http://localhost:3000/__cypress/tests?p=cypress/integration/1-v3-markets/2-avalanche-v3-market/1-swap-full/link.swap-full.spec.ts:49016:77)",
                    "diff": null
                  },
                  "uuid": "bc634278-5c3a-40d2-bec4-507e5604a672",
                  "parentUUID": "42f7c956-a809-46da-9751-68e6112f2b41",
                  "isHook": false,
                  "skipped": false
                },
                {
                  "title": "Close modal popup",
                  "fullTitle": "Swap from LINK to WAVAX Swap 10 LINK.e to WAVAX Close modal popup",
                  "timedOut": null,
                  "duration": 40405,
                  "state": "failed",
                  "speed": null,
                  "pass": false,
                  "fail": true,
                  "pending": false,
                  "context": null,
                  "code": "cy.get('[data-cy=closeButton]').should('not.be.disabled').click();\ncy.get('[data-cy=Modal]').should('not.exist');",
                  "err": {
                    "message": "AssertionError: Timed out retrying after 40000ms: Expected to find element: `[data-cy=closeButton]`, but never found it.",
                    "estack": "AssertionError: Timed out retrying after 40000ms: Expected to find element: `[data-cy=closeButton]`, but never found it.\n    at Context.eval (http://localhost:3000/__cypress/tests?p=cypress/integration/1-v3-markets/2-avalanche-v3-market/1-swap-full/link.swap-full.spec.ts:48539:41)",
                    "diff": null
                  },
                  "uuid": "c399b12c-c33e-45d6-8da5-3a0145fb56fc",
                  "parentUUID": "42f7c956-a809-46da-9751-68e6112f2b41",
                  "isHook": false,
                  "skipped": false
                }
              ],
              "suites": [],
              "passes": [
                "c7fdf578-987b-40fb-a506-22940a1e9df2",
                "acc9f0ce-64ca-4144-bf18-cc37b34806c2"
              ],
              "failures": [
                "bc634278-5c3a-40d2-bec4-507e5604a672",
                "c399b12c-c33e-45d6-8da5-3a0145fb56fc"
              ],
              "pending": [],
              "skipped": [],
              "duration": 83433,
              "root": false,
              "rootEmpty": false,
              "_timeout": 2000
            },
            {
              "uuid": "933f863b-9c6b-4a6a-b21a-9c566bde4d05",
              "title": "Verification dashboard values",
              "fullFile": "",
              "file": "",
              "beforeHooks": [],
              "afterHooks": [],
              "tests": [],
              "suites": [
                {
                  "uuid": "864bbaa7-3b3d-4777-a7b6-22649b05d382",
                  "title": "Verification WAVAX deposit, have right values",
                  "fullFile": "",
                  "file": "",
                  "beforeHooks": [],
                  "afterHooks": [],
                  "tests": [
                    {
                      "title": "Check that asset name is WAVAX,\n            with collateral type undefined\n            ",
                      "fullTitle": "Swap from LINK to WAVAX Verification dashboard values Verification WAVAX deposit, have right values Check that asset name is WAVAX,\n            with collateral type undefined\n            ",
                      "timedOut": null,
                      "duration": 40267,
                      "state": "failed",
                      "speed": null,
                      "pass": false,
                      "fail": true,
                      "pending": false,
                      "context": null,
                      "code": "Object(_actions_steps__WEBPACK_IMPORTED_MODULE_0__[\"getDashBoardDepositRow\"])({\n    assetName: _assetName,\n    isCollateralType: estimatedCase.isCollateral,\n}).within(($row) => {\n    expect($row.find(`[data-cy=\"assetName\"]`)).to.contain(estimatedCase.assetName);\n    if (estimatedCase.isCollateral) {\n        expect($row.find('.MuiSwitch-input')).to.have.attr('checked');\n    }\n    else {\n        expect($row.find('.MuiSwitch-input')).to.not.have.attr('checked');\n    }\n    if (estimatedCase.amount) {\n        cy.get('[data-cy=nativeAmount]').contains(estimatedCase.amount.toString());\n    }\n});",
                      "err": {
                        "message": "AssertionError: Timed out retrying after 40000ms: Expected to find element: `[data-cy*='dashboardSuppliedListItem_WAVAX_']`, but never found it.",
                        "estack": "AssertionError: Timed out retrying after 40000ms: Expected to find element: `[data-cy*='dashboardSuppliedListItem_WAVAX_']`, but never found it.\n    at getDashBoardDepositRow (http://localhost:3000/__cypress/tests?p=cypress/integration/1-v3-markets/2-avalanche-v3-market/1-swap-full/link.swap-full.spec.ts:48567:19)\n    at Context.eval (http://localhost:3000/__cypress/tests?p=cypress/integration/1-v3-markets/2-avalanche-v3-market/1-swap-full/link.swap-full.spec.ts:49170:106)",
                        "diff": null
                      },
                      "uuid": "e63a1014-a3db-465e-b4d1-2119b9808631",
                      "parentUUID": "864bbaa7-3b3d-4777-a7b6-22649b05d382",
                      "isHook": false,
                      "skipped": false
                    }
                  ],
                  "suites": [],
                  "passes": [],
                  "failures": [
                    "e63a1014-a3db-465e-b4d1-2119b9808631"
                  ],
                  "pending": [],
                  "skipped": [],
                  "duration": 40267,
                  "root": false,
                  "rootEmpty": false,
                  "_timeout": 2000
                }
              ],
              "passes": [],
              "failures": [],
              "pending": [],
              "skipped": [],
              "duration": 0,
              "root": false,
              "rootEmpty": false,
              "_timeout": 2000
            }
          ],
          "passes": [],
          "failures": [],
          "pending": [],
          "skipped": [],
          "duration": 0,
          "root": false,
          "rootEmpty": false,
          "_timeout": 2000
        },
        {
          "uuid": "36a5ef64-ddf2-4d6c-9269-bd50f5126452",
          "title": "Swap from LINK to DAI",
          "fullFile": "",
          "file": "",
          "beforeHooks": [],
          "afterHooks": [],
          "tests": [],
          "suites": [
            {
              "uuid": "b842002d-5f4b-404c-96ea-c5bed32598b7",
              "title": "Supply process for AVAX",
              "fullFile": "",
              "file": "",
              "beforeHooks": [],
              "afterHooks": [],
              "tests": [
                {
                  "title": "Open AVAX supply popup view",
                  "fullTitle": "Swap from LINK to DAI Supply process for AVAX Open AVAX supply popup view",
                  "timedOut": null,
                  "duration": 8512,
                  "state": "passed",
                  "speed": "slow",
                  "pass": true,
                  "fail": false,
                  "pending": false,
                  "context": null,
                  "code": "Object(_actions_steps__WEBPACK_IMPORTED_MODULE_0__[\"doSwitchToDashboardSupplyView\"])();\ncy.get(`[data-cy='dashboardSupplyListItem_${_shortName.toUpperCase()}']`)\n    .find('button:contains(\"Supply\")')\n    .click();\ncy.get(`[data-cy=Modal] h2:contains(\"Supply ${_shortName}\")`).should('be.visible');",
                  "err": {},
                  "uuid": "4fcf2a16-ff62-4605-99fb-f653f145c401",
                  "parentUUID": "b842002d-5f4b-404c-96ea-c5bed32598b7",
                  "isHook": false,
                  "skipped": false
                },
                {
                  "title": "Supply 1000 amount for AVAX",
                  "fullTitle": "Swap from LINK to DAI Supply process for AVAX Supply 1000 amount for AVAX",
                  "timedOut": null,
                  "duration": 9312,
                  "state": "passed",
                  "speed": "slow",
                  "pass": true,
                  "fail": false,
                  "pending": false,
                  "context": null,
                  "code": "Object(_actions_steps__WEBPACK_IMPORTED_MODULE_0__[\"setAmount\"])({\n    amount,\n    max: isMaxAmount,\n});\nObject(_actions_steps__WEBPACK_IMPORTED_MODULE_0__[\"doConfirm\"])({\n    hasApproval,\n    actionName: _actionName,\n    assetName: _shortName,\n});",
                  "err": {},
                  "uuid": "198ddb48-8ac8-4228-afd9-b0b53356857a",
                  "parentUUID": "b842002d-5f4b-404c-96ea-c5bed32598b7",
                  "isHook": false,
                  "skipped": false
                },
                {
                  "title": "Close modal popup",
                  "fullTitle": "Swap from LINK to DAI Supply process for AVAX Close modal popup",
                  "timedOut": null,
                  "duration": 473,
                  "state": "passed",
                  "speed": "slow",
                  "pass": true,
                  "fail": false,
                  "pending": false,
                  "context": null,
                  "code": "cy.get('[data-cy=closeButton]').should('not.be.disabled').click();\ncy.get('[data-cy=Modal]').should('not.exist');",
                  "err": {},
                  "uuid": "afd745a4-8e5e-4a8c-b21d-37db27ba8c6c",
                  "parentUUID": "b842002d-5f4b-404c-96ea-c5bed32598b7",
                  "isHook": false,
                  "skipped": false
                }
              ],
              "suites": [],
              "passes": [
                "4fcf2a16-ff62-4605-99fb-f653f145c401",
                "198ddb48-8ac8-4228-afd9-b0b53356857a",
                "afd745a4-8e5e-4a8c-b21d-37db27ba8c6c"
              ],
              "failures": [],
              "pending": [],
              "skipped": [],
              "duration": 18297,
              "root": false,
              "rootEmpty": false,
              "_timeout": 2000
            },
            {
              "uuid": "f28bba9b-86df-4648-93de-6f7fce6d721d",
              "title": "Borrow process for LINK.e",
              "fullFile": "",
              "file": "",
              "beforeHooks": [],
              "afterHooks": [],
              "tests": [
                {
                  "title": "Open LINK.e borrow popup view",
                  "fullTitle": "Swap from LINK to DAI Borrow process for LINK.e Open LINK.e borrow popup view",
                  "timedOut": null,
                  "duration": 5305,
                  "state": "passed",
                  "speed": "slow",
                  "pass": true,
                  "fail": false,
                  "pending": false,
                  "context": null,
                  "code": "Object(_actions_steps__WEBPACK_IMPORTED_MODULE_0__[\"doSwitchToDashboardBorrowView\"])();\ncy.wait(4000);\ncy.get(`[data-cy='dashboardBorrowListItem_${_shortName.toUpperCase()}']`)\n    .contains('Borrow')\n    .should('not.be.disabled')\n    .click();\ncy.get(`[data-cy=Modal] h2:contains(\"Borrow ${_shortName}\")`).should('be.visible');",
                  "err": {},
                  "uuid": "12661e08-06ec-4410-89a3-866b6b1aed43",
                  "parentUUID": "f28bba9b-86df-4648-93de-6f7fce6d721d",
                  "isHook": false,
                  "skipped": false
                },
                {
                  "title": "Choose Default borrow option",
                  "fullTitle": "Swap from LINK to DAI Borrow process for LINK.e Choose Default borrow option",
                  "timedOut": null,
                  "duration": 28,
                  "state": "passed",
                  "speed": "fast",
                  "pass": true,
                  "fail": false,
                  "pending": false,
                  "context": null,
                  "code": "switch (apyType) {\n    case _fixtures_constans_json__WEBPACK_IMPORTED_MODULE_1__.borrowAPYType.variable:\n        cy.get('[data-cy=Modal] [role=group] button p')\n            .contains('Variable')\n            .click({ force: true });\n        break;\n    case _fixtures_constans_json__WEBPACK_IMPORTED_MODULE_1__.borrowAPYType.stable:\n        cy.get('[data-cy=Modal] [role=group] button p').contains('Stable').click({ force: true });\n        break;\n    default:\n        break;\n}",
                  "err": {},
                  "uuid": "ad1e831d-fa79-4d68-b151-e4c4a8940ae3",
                  "parentUUID": "f28bba9b-86df-4648-93de-6f7fce6d721d",
                  "isHook": false,
                  "skipped": false
                },
                {
                  "title": "Borrow 5 amount for LINK.e",
                  "fullTitle": "Swap from LINK to DAI Borrow process for LINK.e Borrow 5 amount for LINK.e",
                  "timedOut": null,
                  "duration": 356,
                  "state": "passed",
                  "speed": "slow",
                  "pass": true,
                  "fail": false,
                  "pending": false,
                  "context": null,
                  "code": "Object(_actions_steps__WEBPACK_IMPORTED_MODULE_0__[\"setAmount\"])({\n    amount,\n    max: isMaxAmount,\n});",
                  "err": {},
                  "uuid": "e0daf6c6-456e-4cbb-8a50-3e67b8aa2b32",
                  "parentUUID": "f28bba9b-86df-4648-93de-6f7fce6d721d",
                  "isHook": false,
                  "skipped": false
                },
                {
                  "title": "Confirmation process",
                  "fullTitle": "Swap from LINK to DAI Borrow process for LINK.e Confirmation process",
                  "timedOut": null,
                  "duration": 7999,
                  "state": "passed",
                  "speed": "slow",
                  "pass": true,
                  "fail": false,
                  "pending": false,
                  "context": null,
                  "code": "Object(_actions_steps__WEBPACK_IMPORTED_MODULE_0__[\"doConfirm\"])({\n    hasApproval,\n    actionName: _actionName,\n    assetName: _shortName,\n});",
                  "err": {},
                  "uuid": "b210acf5-2870-4fc4-9beb-7a3bab19fe86",
                  "parentUUID": "f28bba9b-86df-4648-93de-6f7fce6d721d",
                  "isHook": false,
                  "skipped": false
                },
                {
                  "title": "Close modal popup",
                  "fullTitle": "Swap from LINK to DAI Borrow process for LINK.e Close modal popup",
                  "timedOut": null,
                  "duration": 521,
                  "state": "passed",
                  "speed": "slow",
                  "pass": true,
                  "fail": false,
                  "pending": false,
                  "context": null,
                  "code": "cy.get('[data-cy=closeButton]').should('not.be.disabled').click();\ncy.get('[data-cy=Modal]').should('not.exist');",
                  "err": {},
                  "uuid": "cff86f18-bcae-4434-ba3a-5e0b7daa3766",
                  "parentUUID": "f28bba9b-86df-4648-93de-6f7fce6d721d",
                  "isHook": false,
                  "skipped": false
                }
              ],
              "suites": [],
              "passes": [
                "12661e08-06ec-4410-89a3-866b6b1aed43",
                "ad1e831d-fa79-4d68-b151-e4c4a8940ae3",
                "e0daf6c6-456e-4cbb-8a50-3e67b8aa2b32",
                "b210acf5-2870-4fc4-9beb-7a3bab19fe86",
                "cff86f18-bcae-4434-ba3a-5e0b7daa3766"
              ],
              "failures": [],
              "pending": [],
              "skipped": [],
              "duration": 14209,
              "root": false,
              "rootEmpty": false,
              "_timeout": 2000
            },
            {
              "uuid": "3ccf3f4f-de7d-46eb-b83d-33788b225744",
              "title": "Supply process for LINK.e",
              "fullFile": "",
              "file": "",
              "beforeHooks": [],
              "afterHooks": [],
              "tests": [
                {
                  "title": "Open LINK.e supply popup view",
                  "fullTitle": "Swap from LINK to DAI Supply process for LINK.e Open LINK.e supply popup view",
                  "timedOut": null,
                  "duration": 1365,
                  "state": "passed",
                  "speed": "slow",
                  "pass": true,
                  "fail": false,
                  "pending": false,
                  "context": null,
                  "code": "Object(_actions_steps__WEBPACK_IMPORTED_MODULE_0__[\"doSwitchToDashboardSupplyView\"])();\ncy.get(`[data-cy='dashboardSupplyListItem_${_shortName.toUpperCase()}']`)\n    .find('button:contains(\"Supply\")')\n    .click();\ncy.get(`[data-cy=Modal] h2:contains(\"Supply ${_shortName}\")`).should('be.visible');",
                  "err": {},
                  "uuid": "04bf1b99-f166-4d93-b3db-86ba217d4aa4",
                  "parentUUID": "3ccf3f4f-de7d-46eb-b83d-33788b225744",
                  "isHook": false,
                  "skipped": false
                },
                {
                  "title": "Supply 5 amount for LINK.e",
                  "fullTitle": "Swap from LINK to DAI Supply process for LINK.e Supply 5 amount for LINK.e",
                  "timedOut": null,
                  "duration": 14137,
                  "state": "passed",
                  "speed": "slow",
                  "pass": true,
                  "fail": false,
                  "pending": false,
                  "context": null,
                  "code": "Object(_actions_steps__WEBPACK_IMPORTED_MODULE_0__[\"setAmount\"])({\n    amount,\n    max: isMaxAmount,\n});\nObject(_actions_steps__WEBPACK_IMPORTED_MODULE_0__[\"doConfirm\"])({\n    hasApproval,\n    actionName: _actionName,\n    assetName: _shortName,\n});",
                  "err": {},
                  "uuid": "e470a337-7756-4b14-9caf-fcb51b378614",
                  "parentUUID": "3ccf3f4f-de7d-46eb-b83d-33788b225744",
                  "isHook": false,
                  "skipped": false
                },
                {
                  "title": "Close modal popup",
                  "fullTitle": "Swap from LINK to DAI Supply process for LINK.e Close modal popup",
                  "timedOut": null,
                  "duration": 574,
                  "state": "passed",
                  "speed": "slow",
                  "pass": true,
                  "fail": false,
                  "pending": false,
                  "context": null,
                  "code": "cy.get('[data-cy=closeButton]').should('not.be.disabled').click();\ncy.get('[data-cy=Modal]').should('not.exist');",
                  "err": {},
                  "uuid": "381d606e-c78d-413a-acf3-d7b5c65db46b",
                  "parentUUID": "3ccf3f4f-de7d-46eb-b83d-33788b225744",
                  "isHook": false,
                  "skipped": false
                }
              ],
              "suites": [],
              "passes": [
                "04bf1b99-f166-4d93-b3db-86ba217d4aa4",
                "e470a337-7756-4b14-9caf-fcb51b378614",
                "381d606e-c78d-413a-acf3-d7b5c65db46b"
              ],
              "failures": [],
              "pending": [],
              "skipped": [],
              "duration": 16076,
              "root": false,
              "rootEmpty": false,
              "_timeout": 2000
            },
            {
              "uuid": "bf859285-05b5-44ce-ac25-24ecc626eef8",
              "title": "Swap 10 LINK.e to DAI.e",
              "fullFile": "",
              "file": "",
              "beforeHooks": [],
              "afterHooks": [],
              "tests": [
                {
                  "title": "Open Swap modal for LINK.e",
                  "fullTitle": "Swap from LINK to DAI Swap 10 LINK.e to DAI.e Open Swap modal for LINK.e",
                  "timedOut": null,
                  "duration": 1315,
                  "state": "passed",
                  "speed": "slow",
                  "pass": true,
                  "fail": false,
                  "pending": false,
                  "context": null,
                  "code": "Object(_actions_steps__WEBPACK_IMPORTED_MODULE_0__[\"doSwitchToDashboardSupplyView\"])();\nObject(_actions_steps__WEBPACK_IMPORTED_MODULE_0__[\"getDashBoardDepositRow\"])({ assetName: _shortNameFrom, isCollateralType: isCollateralFromAsset })\n    .find(`[data-cy=swapButton]`)\n    .click();\ncy.get(`[data-cy=Modal] h2:contains(\"Swap ${_shortNameFrom}\")`).should('be.visible');",
                  "err": {},
                  "uuid": "0fa65fe6-c1af-4643-9a74-d239ee9b6f12",
                  "parentUUID": "bf859285-05b5-44ce-ac25-24ecc626eef8",
                  "isHook": false,
                  "skipped": false
                },
                {
                  "title": "Choose swapping options: swap to asset",
                  "fullTitle": "Swap from LINK to DAI Swap 10 LINK.e to DAI.e Choose swapping options: swap to asset",
                  "timedOut": null,
                  "duration": 1402,
                  "state": "passed",
                  "speed": "slow",
                  "pass": true,
                  "fail": false,
                  "pending": false,
                  "context": null,
                  "code": "cy.get('[data-cy=Modal]').as('Modal');\ncy.get('@Modal').find('[data-cy=assetSelect]').click();\ncy.get(`[data-cy=\"assetsSelectOption_${_shortNameTo.toUpperCase()}\"]`, { timeout: 10000 })\n    .scrollIntoView()\n    .should('be.visible')\n    .click();\ncy.get(`[data-cy=\"assetsSelectedOption_${_shortNameTo.toUpperCase()}\"]`, {\n    timeout: 10000,\n}).should('be.visible', { timeout: 10000 });",
                  "err": {},
                  "uuid": "b338e642-49f6-4eae-8187-2176c9f4a1ae",
                  "parentUUID": "bf859285-05b5-44ce-ac25-24ecc626eef8",
                  "isHook": false,
                  "skipped": false
                },
                {
                  "title": "Make approve for 10 amount",
                  "fullTitle": "Swap from LINK to DAI Swap 10 LINK.e to DAI.e Make approve for 10 amount",
                  "timedOut": null,
                  "duration": 40529,
                  "state": "failed",
                  "speed": null,
                  "pass": false,
                  "fail": true,
                  "pending": false,
                  "context": null,
                  "code": "Object(_actions_steps__WEBPACK_IMPORTED_MODULE_0__[\"setAmount\"])({\n    amount,\n    max: isMaxAmount,\n});\nObject(_actions_steps__WEBPACK_IMPORTED_MODULE_0__[\"doConfirm\"])({\n    hasApproval,\n    actionName: _actionName,\n});",
                  "err": {
                    "message": "AssertionError: Timed out retrying after 40000ms: Expected to find element: `button:contains(\"Enter an amount\")`, but never found it. Queried from element: <div.MuiModal-root.css-nlocu5-MuiModal-root>",
                    "estack": "AssertionError: Timed out retrying after 40000ms: Expected to find element: `button:contains(\"Enter an amount\")`, but never found it. Queried from element: <div.MuiModal-root.css-nlocu5-MuiModal-root>\n    at setAmount (http://localhost:3000/__cypress/tests?p=cypress/integration/1-v3-markets/2-avalanche-v3-market/1-swap-full/link.swap-full.spec.ts:48507:74)\n    at Context.eval (http://localhost:3000/__cypress/tests?p=cypress/integration/1-v3-markets/2-avalanche-v3-market/1-swap-full/link.swap-full.spec.ts:49016:77)",
                    "diff": null
                  },
                  "uuid": "2518cd91-09dd-4219-8105-16b38e7a62ba",
                  "parentUUID": "bf859285-05b5-44ce-ac25-24ecc626eef8",
                  "isHook": false,
                  "skipped": false
                },
                {
                  "title": "Close modal popup",
                  "fullTitle": "Swap from LINK to DAI Swap 10 LINK.e to DAI.e Close modal popup",
                  "timedOut": null,
                  "duration": 40211,
                  "state": "failed",
                  "speed": null,
                  "pass": false,
                  "fail": true,
                  "pending": false,
                  "context": null,
                  "code": "cy.get('[data-cy=closeButton]').should('not.be.disabled').click();\ncy.get('[data-cy=Modal]').should('not.exist');",
                  "err": {
                    "message": "AssertionError: Timed out retrying after 40000ms: Expected to find element: `[data-cy=closeButton]`, but never found it.",
                    "estack": "AssertionError: Timed out retrying after 40000ms: Expected to find element: `[data-cy=closeButton]`, but never found it.\n    at Context.eval (http://localhost:3000/__cypress/tests?p=cypress/integration/1-v3-markets/2-avalanche-v3-market/1-swap-full/link.swap-full.spec.ts:48539:41)",
                    "diff": null
                  },
                  "uuid": "cdcdc6fa-c0e0-489e-83f5-f6ba4b4053dc",
                  "parentUUID": "bf859285-05b5-44ce-ac25-24ecc626eef8",
                  "isHook": false,
                  "skipped": false
                }
              ],
              "suites": [],
              "passes": [
                "0fa65fe6-c1af-4643-9a74-d239ee9b6f12",
                "b338e642-49f6-4eae-8187-2176c9f4a1ae"
              ],
              "failures": [
                "2518cd91-09dd-4219-8105-16b38e7a62ba",
                "cdcdc6fa-c0e0-489e-83f5-f6ba4b4053dc"
              ],
              "pending": [],
              "skipped": [],
              "duration": 83457,
              "root": false,
              "rootEmpty": false,
              "_timeout": 2000
            },
            {
              "uuid": "bd871cc0-bb9f-4cfd-b1d0-191db3506af2",
              "title": "Verification dashboard values",
              "fullFile": "",
              "file": "",
              "beforeHooks": [],
              "afterHooks": [],
              "tests": [],
              "suites": [
                {
                  "uuid": "1dc89662-6256-4e61-bc3e-d95f4ab38e34",
                  "title": "Verification DAI.e deposit, have right values",
                  "fullFile": "",
                  "file": "",
                  "beforeHooks": [],
                  "afterHooks": [],
                  "tests": [
                    {
                      "title": "Check that asset name is DAI.e,\n            with collateral type undefined\n            ",
                      "fullTitle": "Swap from LINK to DAI Verification dashboard values Verification DAI.e deposit, have right values Check that asset name is DAI.e,\n            with collateral type undefined\n            ",
                      "timedOut": null,
                      "duration": 40278,
                      "state": "failed",
                      "speed": null,
                      "pass": false,
                      "fail": true,
                      "pending": false,
                      "context": null,
                      "code": "Object(_actions_steps__WEBPACK_IMPORTED_MODULE_0__[\"getDashBoardDepositRow\"])({\n    assetName: _assetName,\n    isCollateralType: estimatedCase.isCollateral,\n}).within(($row) => {\n    expect($row.find(`[data-cy=\"assetName\"]`)).to.contain(estimatedCase.assetName);\n    if (estimatedCase.isCollateral) {\n        expect($row.find('.MuiSwitch-input')).to.have.attr('checked');\n    }\n    else {\n        expect($row.find('.MuiSwitch-input')).to.not.have.attr('checked');\n    }\n    if (estimatedCase.amount) {\n        cy.get('[data-cy=nativeAmount]').contains(estimatedCase.amount.toString());\n    }\n});",
                      "err": {
                        "message": "AssertionError: Timed out retrying after 40000ms: Expected to find element: `[data-cy*='dashboardSuppliedListItem_DAI.E_']`, but never found it.",
                        "estack": "AssertionError: Timed out retrying after 40000ms: Expected to find element: `[data-cy*='dashboardSuppliedListItem_DAI.E_']`, but never found it.\n    at getDashBoardDepositRow (http://localhost:3000/__cypress/tests?p=cypress/integration/1-v3-markets/2-avalanche-v3-market/1-swap-full/link.swap-full.spec.ts:48567:19)\n    at Context.eval (http://localhost:3000/__cypress/tests?p=cypress/integration/1-v3-markets/2-avalanche-v3-market/1-swap-full/link.swap-full.spec.ts:49170:106)",
                        "diff": null
                      },
                      "uuid": "7a13a9bb-1b60-449c-843e-c4c0f2733fa1",
                      "parentUUID": "1dc89662-6256-4e61-bc3e-d95f4ab38e34",
                      "isHook": false,
                      "skipped": false
                    }
                  ],
                  "suites": [],
                  "passes": [],
                  "failures": [
                    "7a13a9bb-1b60-449c-843e-c4c0f2733fa1"
                  ],
                  "pending": [],
                  "skipped": [],
                  "duration": 40278,
                  "root": false,
                  "rootEmpty": false,
                  "_timeout": 2000
                }
              ],
              "passes": [],
              "failures": [],
              "pending": [],
              "skipped": [],
              "duration": 0,
              "root": false,
              "rootEmpty": false,
              "_timeout": 2000
            }
          ],
          "passes": [],
          "failures": [],
          "pending": [],
          "skipped": [],
          "duration": 0,
          "root": false,
          "rootEmpty": false,
          "_timeout": 2000
        },
        {
          "uuid": "114b0431-4448-4b88-a151-85cf13d79990",
          "title": "Swap from LINK to USDC",
          "fullFile": "",
          "file": "",
          "beforeHooks": [],
          "afterHooks": [],
          "tests": [],
          "suites": [
            {
              "uuid": "8aa13a6a-9c68-45f0-bb1c-b6a971605e3b",
              "title": "Supply process for AVAX",
              "fullFile": "",
              "file": "",
              "beforeHooks": [],
              "afterHooks": [],
              "tests": [
                {
                  "title": "Open AVAX supply popup view",
                  "fullTitle": "Swap from LINK to USDC Supply process for AVAX Open AVAX supply popup view",
                  "timedOut": null,
                  "duration": 8028,
                  "state": "passed",
                  "speed": "slow",
                  "pass": true,
                  "fail": false,
                  "pending": false,
                  "context": null,
                  "code": "Object(_actions_steps__WEBPACK_IMPORTED_MODULE_0__[\"doSwitchToDashboardSupplyView\"])();\ncy.get(`[data-cy='dashboardSupplyListItem_${_shortName.toUpperCase()}']`)\n    .find('button:contains(\"Supply\")')\n    .click();\ncy.get(`[data-cy=Modal] h2:contains(\"Supply ${_shortName}\")`).should('be.visible');",
                  "err": {},
                  "uuid": "18ded88a-6e16-43e9-ae92-a39f4eb99836",
                  "parentUUID": "8aa13a6a-9c68-45f0-bb1c-b6a971605e3b",
                  "isHook": false,
                  "skipped": false
                },
                {
                  "title": "Supply 1000 amount for AVAX",
                  "fullTitle": "Swap from LINK to USDC Supply process for AVAX Supply 1000 amount for AVAX",
                  "timedOut": null,
                  "duration": 8955,
                  "state": "passed",
                  "speed": "slow",
                  "pass": true,
                  "fail": false,
                  "pending": false,
                  "context": null,
                  "code": "Object(_actions_steps__WEBPACK_IMPORTED_MODULE_0__[\"setAmount\"])({\n    amount,\n    max: isMaxAmount,\n});\nObject(_actions_steps__WEBPACK_IMPORTED_MODULE_0__[\"doConfirm\"])({\n    hasApproval,\n    actionName: _actionName,\n    assetName: _shortName,\n});",
                  "err": {},
                  "uuid": "568165b6-b949-4f67-a323-32c2fc723dd1",
                  "parentUUID": "8aa13a6a-9c68-45f0-bb1c-b6a971605e3b",
                  "isHook": false,
                  "skipped": false
                },
                {
                  "title": "Close modal popup",
                  "fullTitle": "Swap from LINK to USDC Supply process for AVAX Close modal popup",
                  "timedOut": null,
                  "duration": 759,
                  "state": "passed",
                  "speed": "slow",
                  "pass": true,
                  "fail": false,
                  "pending": false,
                  "context": null,
                  "code": "cy.get('[data-cy=closeButton]').should('not.be.disabled').click();\ncy.get('[data-cy=Modal]').should('not.exist');",
                  "err": {},
                  "uuid": "1b2da621-f812-4244-b2d3-34c183ae0ef2",
                  "parentUUID": "8aa13a6a-9c68-45f0-bb1c-b6a971605e3b",
                  "isHook": false,
                  "skipped": false
                }
              ],
              "suites": [],
              "passes": [
                "18ded88a-6e16-43e9-ae92-a39f4eb99836",
                "568165b6-b949-4f67-a323-32c2fc723dd1",
                "1b2da621-f812-4244-b2d3-34c183ae0ef2"
              ],
              "failures": [],
              "pending": [],
              "skipped": [],
              "duration": 17742,
              "root": false,
              "rootEmpty": false,
              "_timeout": 2000
            },
            {
              "uuid": "5de40d4e-bda6-4ed1-895e-33b2cae51990",
              "title": "Borrow process for LINK.e",
              "fullFile": "",
              "file": "",
              "beforeHooks": [],
              "afterHooks": [],
              "tests": [
                {
                  "title": "Open LINK.e borrow popup view",
                  "fullTitle": "Swap from LINK to USDC Borrow process for LINK.e Open LINK.e borrow popup view",
                  "timedOut": null,
                  "duration": 4751,
                  "state": "passed",
                  "speed": "slow",
                  "pass": true,
                  "fail": false,
                  "pending": false,
                  "context": null,
                  "code": "Object(_actions_steps__WEBPACK_IMPORTED_MODULE_0__[\"doSwitchToDashboardBorrowView\"])();\ncy.wait(4000);\ncy.get(`[data-cy='dashboardBorrowListItem_${_shortName.toUpperCase()}']`)\n    .contains('Borrow')\n    .should('not.be.disabled')\n    .click();\ncy.get(`[data-cy=Modal] h2:contains(\"Borrow ${_shortName}\")`).should('be.visible');",
                  "err": {},
                  "uuid": "700b9635-93ff-48c3-8e96-dcb55edde5d7",
                  "parentUUID": "5de40d4e-bda6-4ed1-895e-33b2cae51990",
                  "isHook": false,
                  "skipped": false
                },
                {
                  "title": "Choose Default borrow option",
                  "fullTitle": "Swap from LINK to USDC Borrow process for LINK.e Choose Default borrow option",
                  "timedOut": null,
                  "duration": 29,
                  "state": "passed",
                  "speed": "fast",
                  "pass": true,
                  "fail": false,
                  "pending": false,
                  "context": null,
                  "code": "switch (apyType) {\n    case _fixtures_constans_json__WEBPACK_IMPORTED_MODULE_1__.borrowAPYType.variable:\n        cy.get('[data-cy=Modal] [role=group] button p')\n            .contains('Variable')\n            .click({ force: true });\n        break;\n    case _fixtures_constans_json__WEBPACK_IMPORTED_MODULE_1__.borrowAPYType.stable:\n        cy.get('[data-cy=Modal] [role=group] button p').contains('Stable').click({ force: true });\n        break;\n    default:\n        break;\n}",
                  "err": {},
                  "uuid": "6d3caa4b-1e3f-4fec-aee6-ed4a53dccb64",
                  "parentUUID": "5de40d4e-bda6-4ed1-895e-33b2cae51990",
                  "isHook": false,
                  "skipped": false
                },
                {
                  "title": "Borrow 5 amount for LINK.e",
                  "fullTitle": "Swap from LINK to USDC Borrow process for LINK.e Borrow 5 amount for LINK.e",
                  "timedOut": null,
                  "duration": 314,
                  "state": "passed",
                  "speed": "slow",
                  "pass": true,
                  "fail": false,
                  "pending": false,
                  "context": null,
                  "code": "Object(_actions_steps__WEBPACK_IMPORTED_MODULE_0__[\"setAmount\"])({\n    amount,\n    max: isMaxAmount,\n});",
                  "err": {},
                  "uuid": "dd46789a-640e-46f2-9344-2e556ed30aa1",
                  "parentUUID": "5de40d4e-bda6-4ed1-895e-33b2cae51990",
                  "isHook": false,
                  "skipped": false
                },
                {
                  "title": "Confirmation process",
                  "fullTitle": "Swap from LINK to USDC Borrow process for LINK.e Confirmation process",
                  "timedOut": null,
                  "duration": 7901,
                  "state": "passed",
                  "speed": "slow",
                  "pass": true,
                  "fail": false,
                  "pending": false,
                  "context": null,
                  "code": "Object(_actions_steps__WEBPACK_IMPORTED_MODULE_0__[\"doConfirm\"])({\n    hasApproval,\n    actionName: _actionName,\n    assetName: _shortName,\n});",
                  "err": {},
                  "uuid": "1362e4d3-c2f6-4f3c-81fd-2ad2a0028b8b",
                  "parentUUID": "5de40d4e-bda6-4ed1-895e-33b2cae51990",
                  "isHook": false,
                  "skipped": false
                },
                {
                  "title": "Close modal popup",
                  "fullTitle": "Swap from LINK to USDC Borrow process for LINK.e Close modal popup",
                  "timedOut": null,
                  "duration": 783,
                  "state": "passed",
                  "speed": "slow",
                  "pass": true,
                  "fail": false,
                  "pending": false,
                  "context": null,
                  "code": "cy.get('[data-cy=closeButton]').should('not.be.disabled').click();\ncy.get('[data-cy=Modal]').should('not.exist');",
                  "err": {},
                  "uuid": "6da3176b-2740-4fd1-ac89-242d3aba1488",
                  "parentUUID": "5de40d4e-bda6-4ed1-895e-33b2cae51990",
                  "isHook": false,
                  "skipped": false
                }
              ],
              "suites": [],
              "passes": [
                "700b9635-93ff-48c3-8e96-dcb55edde5d7",
                "6d3caa4b-1e3f-4fec-aee6-ed4a53dccb64",
                "dd46789a-640e-46f2-9344-2e556ed30aa1",
                "1362e4d3-c2f6-4f3c-81fd-2ad2a0028b8b",
                "6da3176b-2740-4fd1-ac89-242d3aba1488"
              ],
              "failures": [],
              "pending": [],
              "skipped": [],
              "duration": 13778,
              "root": false,
              "rootEmpty": false,
              "_timeout": 2000
            },
            {
              "uuid": "ee27edd5-2d2e-419b-9ca3-3097490d6642",
              "title": "Supply process for LINK.e",
              "fullFile": "",
              "file": "",
              "beforeHooks": [],
              "afterHooks": [],
              "tests": [
                {
                  "title": "Open LINK.e supply popup view",
                  "fullTitle": "Swap from LINK to USDC Supply process for LINK.e Open LINK.e supply popup view",
                  "timedOut": null,
                  "duration": 1008,
                  "state": "passed",
                  "speed": "slow",
                  "pass": true,
                  "fail": false,
                  "pending": false,
                  "context": null,
                  "code": "Object(_actions_steps__WEBPACK_IMPORTED_MODULE_0__[\"doSwitchToDashboardSupplyView\"])();\ncy.get(`[data-cy='dashboardSupplyListItem_${_shortName.toUpperCase()}']`)\n    .find('button:contains(\"Supply\")')\n    .click();\ncy.get(`[data-cy=Modal] h2:contains(\"Supply ${_shortName}\")`).should('be.visible');",
                  "err": {},
                  "uuid": "5d5f145d-86ef-449e-b0e3-ac54dac0c31a",
                  "parentUUID": "ee27edd5-2d2e-419b-9ca3-3097490d6642",
                  "isHook": false,
                  "skipped": false
                },
                {
                  "title": "Supply 5 amount for LINK.e",
                  "fullTitle": "Swap from LINK to USDC Supply process for LINK.e Supply 5 amount for LINK.e",
                  "timedOut": null,
                  "duration": 13001,
                  "state": "passed",
                  "speed": "slow",
                  "pass": true,
                  "fail": false,
                  "pending": false,
                  "context": null,
                  "code": "Object(_actions_steps__WEBPACK_IMPORTED_MODULE_0__[\"setAmount\"])({\n    amount,\n    max: isMaxAmount,\n});\nObject(_actions_steps__WEBPACK_IMPORTED_MODULE_0__[\"doConfirm\"])({\n    hasApproval,\n    actionName: _actionName,\n    assetName: _shortName,\n});",
                  "err": {},
                  "uuid": "5d73865a-b4bc-4090-83b8-155e1bc5c8bf",
                  "parentUUID": "ee27edd5-2d2e-419b-9ca3-3097490d6642",
                  "isHook": false,
                  "skipped": false
                },
                {
                  "title": "Close modal popup",
                  "fullTitle": "Swap from LINK to USDC Supply process for LINK.e Close modal popup",
                  "timedOut": null,
                  "duration": 899,
                  "state": "passed",
                  "speed": "slow",
                  "pass": true,
                  "fail": false,
                  "pending": false,
                  "context": null,
                  "code": "cy.get('[data-cy=closeButton]').should('not.be.disabled').click();\ncy.get('[data-cy=Modal]').should('not.exist');",
                  "err": {},
                  "uuid": "87cd80a5-e6c6-467f-a559-5927a93d7884",
                  "parentUUID": "ee27edd5-2d2e-419b-9ca3-3097490d6642",
                  "isHook": false,
                  "skipped": false
                }
              ],
              "suites": [],
              "passes": [
                "5d5f145d-86ef-449e-b0e3-ac54dac0c31a",
                "5d73865a-b4bc-4090-83b8-155e1bc5c8bf",
                "87cd80a5-e6c6-467f-a559-5927a93d7884"
              ],
              "failures": [],
              "pending": [],
              "skipped": [],
              "duration": 14908,
              "root": false,
              "rootEmpty": false,
              "_timeout": 2000
            },
            {
              "uuid": "e8506c80-bdc5-4a47-92fd-f9a6ba4d1560",
              "title": "Swap 10 LINK.e to USDC.e",
              "fullFile": "",
              "file": "",
              "beforeHooks": [],
              "afterHooks": [],
              "tests": [
                {
                  "title": "Open Swap modal for LINK.e",
                  "fullTitle": "Swap from LINK to USDC Swap 10 LINK.e to USDC.e Open Swap modal for LINK.e",
                  "timedOut": null,
                  "duration": 1100,
                  "state": "passed",
                  "speed": "slow",
                  "pass": true,
                  "fail": false,
                  "pending": false,
                  "context": null,
                  "code": "Object(_actions_steps__WEBPACK_IMPORTED_MODULE_0__[\"doSwitchToDashboardSupplyView\"])();\nObject(_actions_steps__WEBPACK_IMPORTED_MODULE_0__[\"getDashBoardDepositRow\"])({ assetName: _shortNameFrom, isCollateralType: isCollateralFromAsset })\n    .find(`[data-cy=swapButton]`)\n    .click();\ncy.get(`[data-cy=Modal] h2:contains(\"Swap ${_shortNameFrom}\")`).should('be.visible');",
                  "err": {},
                  "uuid": "dd84a524-114e-4e65-b601-f00e12f71bd8",
                  "parentUUID": "e8506c80-bdc5-4a47-92fd-f9a6ba4d1560",
                  "isHook": false,
                  "skipped": false
                },
                {
                  "title": "Choose swapping options: swap to asset",
                  "fullTitle": "Swap from LINK to USDC Swap 10 LINK.e to USDC.e Choose swapping options: swap to asset",
                  "timedOut": null,
                  "duration": 40482,
                  "state": "failed",
                  "speed": null,
                  "pass": false,
                  "fail": true,
                  "pending": false,
                  "context": null,
                  "code": "cy.get('[data-cy=Modal]').as('Modal');\ncy.get('@Modal').find('[data-cy=assetSelect]').click();\ncy.get(`[data-cy=\"assetsSelectOption_${_shortNameTo.toUpperCase()}\"]`, { timeout: 10000 })\n    .scrollIntoView()\n    .should('be.visible')\n    .click();\ncy.get(`[data-cy=\"assetsSelectedOption_${_shortNameTo.toUpperCase()}\"]`, {\n    timeout: 10000,\n}).should('be.visible', { timeout: 10000 });",
                  "err": {
                    "message": "CypressError: Timed out retrying after 40050ms: `cy.click()` failed because this element is not visible:\n\n`<div data-cy=\"assetSelect\" class=\"MuiOutlinedInput-root MuiInputBase-root MuiInputBase-colorPrimary Mui-focused MuiInputBase-formControl AssetInput__select css-16pvfyo-MuiInputBase-root-MuiOutlinedInput-root-MuiSelect-root\">...</div>`\n\nThis element `<div.MuiOutlinedInput-root.MuiInputBase-root.MuiInputBase-colorPrimary.Mui-focused.MuiInputBase-formControl.AssetInput__select.css-16pvfyo-MuiInputBase-root-MuiOutlinedInput-root-MuiSelect-root>` is not visible because it has CSS property: `position: fixed` and it's being covered by another element:\n\n`<div aria-hidden=\"true\" class=\"MuiBackdrop-root MuiBackdrop-invisible css-g3hgs1-MuiBackdrop-root-MuiModal-backdrop\" style=\"opacity: 1; transition: opacity 225ms cubic-bezier(0.4, 0, 0.2, 1) 0ms;\"></div>`\n\nFix this problem, or use `{force: true}` to disable error checking.\n\nhttps://on.cypress.io/element-cannot-be-interacted-with",
                    "estack": "CypressError: Timed out retrying after 40050ms: `cy.click()` failed because this element is not visible:\n\n`<div data-cy=\"assetSelect\" class=\"MuiOutlinedInput-root MuiInputBase-root MuiInputBase-colorPrimary Mui-focused MuiInputBase-formControl AssetInput__select css-16pvfyo-MuiInputBase-root-MuiOutlinedInput-root-MuiSelect-root\">...</div>`\n\nThis element `<div.MuiOutlinedInput-root.MuiInputBase-root.MuiInputBase-colorPrimary.Mui-focused.MuiInputBase-formControl.AssetInput__select.css-16pvfyo-MuiInputBase-root-MuiOutlinedInput-root-MuiSelect-root>` is not visible because it has CSS property: `position: fixed` and it's being covered by another element:\n\n`<div aria-hidden=\"true\" class=\"MuiBackdrop-root MuiBackdrop-invisible css-g3hgs1-MuiBackdrop-root-MuiModal-backdrop\" style=\"opacity: 1; transition: opacity 225ms cubic-bezier(0.4, 0, 0.2, 1) 0ms;\"></div>`\n\nFix this problem, or use `{force: true}` to disable error checking.\n\nhttps://on.cypress.io/element-cannot-be-interacted-with\n    at $Cy.ensureVisibility (http://localhost:3000/__cypress/runner/cypress_runner.js:160518:85)\n    at runAllChecks (http://localhost:3000/__cypress/runner/cypress_runner.js:147840:14)\n    at retryActionability (http://localhost:3000/__cypress/runner/cypress_runner.js:147894:16)\n    at tryCatcher (http://localhost:3000/__cypress/runner/cypress_runner.js:13212:23)\n    at Function.Promise.attempt.Promise.try (http://localhost:3000/__cypress/runner/cypress_runner.js:10486:29)\n    at tryFn (http://localhost:3000/__cypress/runner/cypress_runner.js:165329:61)\n    at whenStable (http://localhost:3000/__cypress/runner/cypress_runner.js:165368:14)\n    at http://localhost:3000/__cypress/runner/cypress_runner.js:164855:18\n    at tryCatcher (http://localhost:3000/__cypress/runner/cypress_runner.js:13212:23)\n    at Promise._settlePromiseFromHandler (http://localhost:3000/__cypress/runner/cypress_runner.js:11147:31)\n    at Promise._settlePromise (http://localhost:3000/__cypress/runner/cypress_runner.js:11204:18)\n    at Promise._settlePromise0 (http://localhost:3000/__cypress/runner/cypress_runner.js:11249:10)\n    at Promise._settlePromises (http://localhost:3000/__cypress/runner/cypress_runner.js:11329:18)\n    at Promise._fulfill (http://localhost:3000/__cypress/runner/cypress_runner.js:11273:18)\n    at http://localhost:3000/__cypress/runner/cypress_runner.js:12887:46\nFrom Your Spec Code:\n    at Context.eval (http://localhost:3000/__cypress/tests?p=cypress/integration/1-v3-markets/2-avalanche-v3-market/1-swap-full/link.swap-full.spec.ts:49006:60)",
                    "diff": null
                  },
                  "uuid": "0e9614b1-ad8a-40f7-89f2-757524aec8be",
                  "parentUUID": "e8506c80-bdc5-4a47-92fd-f9a6ba4d1560",
                  "isHook": false,
                  "skipped": false
                },
                {
                  "title": "Make approve for 10 amount",
                  "fullTitle": "Swap from LINK to USDC Swap 10 LINK.e to USDC.e Make approve for 10 amount",
                  "timedOut": null,
                  "duration": 40727,
                  "state": "failed",
                  "speed": null,
                  "pass": false,
                  "fail": true,
                  "pending": false,
                  "context": null,
                  "code": "Object(_actions_steps__WEBPACK_IMPORTED_MODULE_0__[\"setAmount\"])({\n    amount,\n    max: isMaxAmount,\n});\nObject(_actions_steps__WEBPACK_IMPORTED_MODULE_0__[\"doConfirm\"])({\n    hasApproval,\n    actionName: _actionName,\n});",
                  "err": {
                    "message": "CypressError: Timed out retrying after 40000ms: `cy.type()` failed because this element is not visible:\n\n`<input placeholder=\"0.00\" aria-label=\"amount input\" class=\"MuiInputBase-input css-1d82s0o-MuiInputBase-input\" type=\"text\" value=\"\" style=\"font-size: 21px; padding: 0px; height: 28px;\" inputmode=\"numeric\">`\n\nThis element `<input.MuiInputBase-input.css-1d82s0o-MuiInputBase-input>` is not visible because it has CSS property: `position: fixed` and it's being covered by another element:\n\n`<div aria-hidden=\"true\" class=\"MuiBackdrop-root MuiBackdrop-invisible css-g3hgs1-MuiBackdrop-root-MuiModal-backdrop\" style=\"opacity: 1; transition: opacity 225ms cubic-bezier(0.4, 0, 0.2, 1) 0ms;\"></div>`\n\nFix this problem, or use `{force: true}` to disable error checking.\n\nhttps://on.cypress.io/element-cannot-be-interacted-with",
                    "estack": "CypressError: Timed out retrying after 40000ms: `cy.type()` failed because this element is not visible:\n\n`<input placeholder=\"0.00\" aria-label=\"amount input\" class=\"MuiInputBase-input css-1d82s0o-MuiInputBase-input\" type=\"text\" value=\"\" style=\"font-size: 21px; padding: 0px; height: 28px;\" inputmode=\"numeric\">`\n\nThis element `<input.MuiInputBase-input.css-1d82s0o-MuiInputBase-input>` is not visible because it has CSS property: `position: fixed` and it's being covered by another element:\n\n`<div aria-hidden=\"true\" class=\"MuiBackdrop-root MuiBackdrop-invisible css-g3hgs1-MuiBackdrop-root-MuiModal-backdrop\" style=\"opacity: 1; transition: opacity 225ms cubic-bezier(0.4, 0, 0.2, 1) 0ms;\"></div>`\n\nFix this problem, or use `{force: true}` to disable error checking.\n\nhttps://on.cypress.io/element-cannot-be-interacted-with\n    at $Cy.ensureVisibility (http://localhost:3000/__cypress/runner/cypress_runner.js:160518:85)\n    at runAllChecks (http://localhost:3000/__cypress/runner/cypress_runner.js:147840:14)\n    at retryActionability (http://localhost:3000/__cypress/runner/cypress_runner.js:147894:16)\n    at tryCatcher (http://localhost:3000/__cypress/runner/cypress_runner.js:13212:23)\n    at Function.Promise.attempt.Promise.try (http://localhost:3000/__cypress/runner/cypress_runner.js:10486:29)\n    at tryFn (http://localhost:3000/__cypress/runner/cypress_runner.js:165329:61)\n    at whenStable (http://localhost:3000/__cypress/runner/cypress_runner.js:165368:14)\n    at http://localhost:3000/__cypress/runner/cypress_runner.js:164855:18\n    at tryCatcher (http://localhost:3000/__cypress/runner/cypress_runner.js:13212:23)\n    at Promise._settlePromiseFromHandler (http://localhost:3000/__cypress/runner/cypress_runner.js:11147:31)\n    at Promise._settlePromise (http://localhost:3000/__cypress/runner/cypress_runner.js:11204:18)\n    at Promise._settlePromise0 (http://localhost:3000/__cypress/runner/cypress_runner.js:11249:10)\n    at Promise._settlePromises (http://localhost:3000/__cypress/runner/cypress_runner.js:11329:18)\n    at Promise._fulfill (http://localhost:3000/__cypress/runner/cypress_runner.js:11273:18)\n    at http://localhost:3000/__cypress/runner/cypress_runner.js:12887:46\nFrom Your Spec Code:\n    at setAmount (http://localhost:3000/__cypress/tests?p=cypress/integration/1-v3-markets/2-avalanche-v3-market/1-swap-full/link.swap-full.spec.ts:48512:49)\n    at Context.eval (http://localhost:3000/__cypress/tests?p=cypress/integration/1-v3-markets/2-avalanche-v3-market/1-swap-full/link.swap-full.spec.ts:49016:77)",
                    "diff": null
                  },
                  "uuid": "c0141293-e856-427c-ada1-f10ab7f03fda",
                  "parentUUID": "e8506c80-bdc5-4a47-92fd-f9a6ba4d1560",
                  "isHook": false,
                  "skipped": false
                },
                {
                  "title": "Close modal popup",
                  "fullTitle": "Swap from LINK to USDC Swap 10 LINK.e to USDC.e Close modal popup",
                  "timedOut": null,
                  "duration": 40219,
                  "state": "failed",
                  "speed": null,
                  "pass": false,
                  "fail": true,
                  "pending": false,
                  "context": null,
                  "code": "cy.get('[data-cy=closeButton]').should('not.be.disabled').click();\ncy.get('[data-cy=Modal]').should('not.exist');",
                  "err": {
                    "message": "AssertionError: Timed out retrying after 40000ms: Expected to find element: `[data-cy=closeButton]`, but never found it.",
                    "estack": "AssertionError: Timed out retrying after 40000ms: Expected to find element: `[data-cy=closeButton]`, but never found it.\n    at Context.eval (http://localhost:3000/__cypress/tests?p=cypress/integration/1-v3-markets/2-avalanche-v3-market/1-swap-full/link.swap-full.spec.ts:48539:41)",
                    "diff": null
                  },
                  "uuid": "8c84545f-4eaa-4056-8773-2b9866045b30",
                  "parentUUID": "e8506c80-bdc5-4a47-92fd-f9a6ba4d1560",
                  "isHook": false,
                  "skipped": false
                }
              ],
              "suites": [],
              "passes": [
                "dd84a524-114e-4e65-b601-f00e12f71bd8"
              ],
              "failures": [
                "0e9614b1-ad8a-40f7-89f2-757524aec8be",
                "c0141293-e856-427c-ada1-f10ab7f03fda",
                "8c84545f-4eaa-4056-8773-2b9866045b30"
              ],
              "pending": [],
              "skipped": [],
              "duration": 122528,
              "root": false,
              "rootEmpty": false,
              "_timeout": 2000
            },
            {
              "uuid": "7de75130-759b-4456-a1a5-00460aa2415a",
              "title": "Verification dashboard values",
              "fullFile": "",
              "file": "",
              "beforeHooks": [],
              "afterHooks": [],
              "tests": [],
              "suites": [
                {
                  "uuid": "76219774-8bb1-425e-84cc-4ebbe9443220",
                  "title": "Verification USDC.e deposit, have right values",
                  "fullFile": "",
                  "file": "",
                  "beforeHooks": [],
                  "afterHooks": [],
                  "tests": [
                    {
                      "title": "Check that asset name is USDC.e,\n            with collateral type undefined\n            ",
                      "fullTitle": "Swap from LINK to USDC Verification dashboard values Verification USDC.e deposit, have right values Check that asset name is USDC.e,\n            with collateral type undefined\n            ",
                      "timedOut": null,
                      "duration": 40255,
                      "state": "failed",
                      "speed": null,
                      "pass": false,
                      "fail": true,
                      "pending": false,
                      "context": null,
                      "code": "Object(_actions_steps__WEBPACK_IMPORTED_MODULE_0__[\"getDashBoardDepositRow\"])({\n    assetName: _assetName,\n    isCollateralType: estimatedCase.isCollateral,\n}).within(($row) => {\n    expect($row.find(`[data-cy=\"assetName\"]`)).to.contain(estimatedCase.assetName);\n    if (estimatedCase.isCollateral) {\n        expect($row.find('.MuiSwitch-input')).to.have.attr('checked');\n    }\n    else {\n        expect($row.find('.MuiSwitch-input')).to.not.have.attr('checked');\n    }\n    if (estimatedCase.amount) {\n        cy.get('[data-cy=nativeAmount]').contains(estimatedCase.amount.toString());\n    }\n});",
                      "err": {
                        "message": "AssertionError: Timed out retrying after 40000ms: Expected to find element: `[data-cy*='dashboardSuppliedListItem_USDC.E_']`, but never found it.",
                        "estack": "AssertionError: Timed out retrying after 40000ms: Expected to find element: `[data-cy*='dashboardSuppliedListItem_USDC.E_']`, but never found it.\n    at getDashBoardDepositRow (http://localhost:3000/__cypress/tests?p=cypress/integration/1-v3-markets/2-avalanche-v3-market/1-swap-full/link.swap-full.spec.ts:48567:19)\n    at Context.eval (http://localhost:3000/__cypress/tests?p=cypress/integration/1-v3-markets/2-avalanche-v3-market/1-swap-full/link.swap-full.spec.ts:49170:106)",
                        "diff": null
                      },
                      "uuid": "485ee6ac-fd92-4f88-aced-284227c3759e",
                      "parentUUID": "76219774-8bb1-425e-84cc-4ebbe9443220",
                      "isHook": false,
                      "skipped": false
                    }
                  ],
                  "suites": [],
                  "passes": [],
                  "failures": [
                    "485ee6ac-fd92-4f88-aced-284227c3759e"
                  ],
                  "pending": [],
                  "skipped": [],
                  "duration": 40255,
                  "root": false,
                  "rootEmpty": false,
                  "_timeout": 2000
                }
              ],
              "passes": [],
              "failures": [],
              "pending": [],
              "skipped": [],
              "duration": 0,
              "root": false,
              "rootEmpty": false,
              "_timeout": 2000
            }
          ],
          "passes": [],
          "failures": [],
          "pending": [],
          "skipped": [],
          "duration": 0,
          "root": false,
          "rootEmpty": false,
          "_timeout": 2000
        },
        {
          "uuid": "e46314ad-1b3e-4ff6-8eeb-b53b22c8c251",
          "title": "Swap from LINK to USDT",
          "fullFile": "",
          "file": "",
          "beforeHooks": [],
          "afterHooks": [],
          "tests": [],
          "suites": [
            {
              "uuid": "d65e8bad-5600-404b-8931-93632534bcfc",
              "title": "Supply process for AVAX",
              "fullFile": "",
              "file": "",
              "beforeHooks": [],
              "afterHooks": [],
              "tests": [
                {
                  "title": "Open AVAX supply popup view",
                  "fullTitle": "Swap from LINK to USDT Supply process for AVAX Open AVAX supply popup view",
                  "timedOut": null,
                  "duration": 7501,
                  "state": "passed",
                  "speed": "slow",
                  "pass": true,
                  "fail": false,
                  "pending": false,
                  "context": null,
                  "code": "Object(_actions_steps__WEBPACK_IMPORTED_MODULE_0__[\"doSwitchToDashboardSupplyView\"])();\ncy.get(`[data-cy='dashboardSupplyListItem_${_shortName.toUpperCase()}']`)\n    .find('button:contains(\"Supply\")')\n    .click();\ncy.get(`[data-cy=Modal] h2:contains(\"Supply ${_shortName}\")`).should('be.visible');",
                  "err": {},
                  "uuid": "1ea6c9b2-01ac-4883-bbd5-ae12bff851ea",
                  "parentUUID": "d65e8bad-5600-404b-8931-93632534bcfc",
                  "isHook": false,
                  "skipped": false
                },
                {
                  "title": "Supply 1000 amount for AVAX",
                  "fullTitle": "Swap from LINK to USDT Supply process for AVAX Supply 1000 amount for AVAX",
[...]
                  "timedOut": null,
                  "duration": 0,
                  "state": "skipped",
                  "speed": null,
                  "pass": false,
                  "fail": false,
                  "pending": false,
                  "context": null,
                  "code": "Object(_actions_steps__WEBPACK_IMPORTED_MODULE_0__[\"setAmount\"])({\n    amount,\n    max: isMaxAmount,\n});\nObject(_actions_steps__WEBPACK_IMPORTED_MODULE_0__[\"doConfirm\"])({\n    hasApproval,\n    actionName: _actionName,\n    assetName: _shortName,\n});",
                  "err": {},
                  "uuid": "9f66b2d3-5c7b-4763-84d9-26125561adcf",
                  "parentUUID": null,
                  "isHook": false,
                  "skipped": true
                },
                {
                  "title": "Close modal popup",
                  "fullTitle": "Swap from LINK to WETH Supply process for AVAX Close modal popup",
                  "timedOut": null,
                  "duration": 0,
                  "state": "skipped",
                  "speed": null,
                  "pass": false,
                  "fail": false,
                  "pending": false,
                  "context": null,
                  "code": "cy.get('[data-cy=closeButton]').should('not.be.disabled').click();\ncy.get('[data-cy=Modal]').should('not.exist');",
                  "err": {},
                  "uuid": "7840e073-066d-45f3-a7f7-10361dc68e7c",
                  "parentUUID": null,
                  "isHook": false,
                  "skipped": true
                }
              ],
              "suites": [],
              "passes": [],
              "failures": [
                "8f69cd32-a695-4caf-adf7-23c5b254f24c"
              ],
              "pending": [],
              "skipped": [
                "9f66b2d3-5c7b-4763-84d9-26125561adcf",
                "7840e073-066d-45f3-a7f7-10361dc68e7c"
              ],
              "duration": 0,
              "root": false,
              "rootEmpty": false,
              "_timeout": 2000
            },
            {
              "uuid": "2b8b3098-50f6-421f-b4e3-9fe89561e992",
              "title": "Borrow process for LINK.e",
              "fullFile": "",
              "file": "",
              "beforeHooks": [],
              "afterHooks": [],
              "tests": [
                {
                  "title": "Open LINK.e borrow popup view",
                  "fullTitle": "Swap from LINK to WETH Borrow process for LINK.e Open LINK.e borrow popup view",
                  "timedOut": null,
                  "duration": 0,
                  "state": "skipped",
                  "speed": null,
                  "pass": false,
                  "fail": false,
                  "pending": false,
                  "context": null,
                  "code": "Object(_actions_steps__WEBPACK_IMPORTED_MODULE_0__[\"doSwitchToDashboardBorrowView\"])();\ncy.wait(4000);\ncy.get(`[data-cy='dashboardBorrowListItem_${_shortName.toUpperCase()}']`)\n    .contains('Borrow')\n    .should('not.be.disabled')\n    .click();\ncy.get(`[data-cy=Modal] h2:contains(\"Borrow ${_shortName}\")`).should('be.visible');",
                  "err": {},
                  "uuid": "958f0aca-2857-417d-9d3f-55ba448e599e",
                  "parentUUID": null,
                  "isHook": false,
                  "skipped": true
                },
                {
                  "title": "Choose Default borrow option",
                  "fullTitle": "Swap from LINK to WETH Borrow process for LINK.e Choose Default borrow option",
                  "timedOut": null,
                  "duration": 0,
                  "state": "skipped",
                  "speed": null,
                  "pass": false,
                  "fail": false,
                  "pending": false,
                  "context": null,
                  "code": "switch (apyType) {\n    case _fixtures_constans_json__WEBPACK_IMPORTED_MODULE_1__.borrowAPYType.variable:\n        cy.get('[data-cy=Modal] [role=group] button p')\n            .contains('Variable')\n            .click({ force: true });\n        break;\n    case _fixtures_constans_json__WEBPACK_IMPORTED_MODULE_1__.borrowAPYType.stable:\n        cy.get('[data-cy=Modal] [role=group] button p').contains('Stable').click({ force: true });\n        break;\n    default:\n        break;\n}",
                  "err": {},
                  "uuid": "8f471b6b-67f3-4b39-90eb-d17a7c9c02a0",
                  "parentUUID": null,
                  "isHook": false,
                  "skipped": true
                },
                {
                  "title": "Borrow 5 amount for LINK.e",
                  "fullTitle": "Swap from LINK to WETH Borrow process for LINK.e Borrow 5 amount for LINK.e",
                  "timedOut": null,
                  "duration": 0,
                  "state": "skipped",
                  "speed": null,
                  "pass": false,
                  "fail": false,
                  "pending": false,
                  "context": null,
                  "code": "Object(_actions_steps__WEBPACK_IMPORTED_MODULE_0__[\"setAmount\"])({\n    amount,\n    max: isMaxAmount,\n});",
                  "err": {},
                  "uuid": "bffc0679-db05-4e1d-bd2d-671a5a7d9d74",
                  "parentUUID": null,
                  "isHook": false,
                  "skipped": true
                },
                {
                  "title": "Confirmation process",
                  "fullTitle": "Swap from LINK to WETH Borrow process for LINK.e Confirmation process",
                  "timedOut": null,
                  "duration": 0,
                  "state": "skipped",
                  "speed": null,
                  "pass": false,
                  "fail": false,
                  "pending": false,
                  "context": null,
                  "code": "Object(_actions_steps__WEBPACK_IMPORTED_MODULE_0__[\"doConfirm\"])({\n    hasApproval,\n    actionName: _actionName,\n    assetName: _shortName,\n});",
                  "err": {},
                  "uuid": "7f6f8a67-0437-4575-9430-172516178ec5",
                  "parentUUID": null,
                  "isHook": false,
                  "skipped": true
                },
                {
                  "title": "Close modal popup",
                  "fullTitle": "Swap from LINK to WETH Borrow process for LINK.e Close modal popup",
                  "timedOut": null,
                  "duration": 0,
                  "state": "skipped",
                  "speed": null,
                  "pass": false,
                  "fail": false,
                  "pending": false,
                  "context": null,
                  "code": "cy.get('[data-cy=closeButton]').should('not.be.disabled').click();\ncy.get('[data-cy=Modal]').should('not.exist');",
                  "err": {},
                  "uuid": "84aa4822-9631-42cb-88b5-d14e17c42772",
                  "parentUUID": null,
                  "isHook": false,
                  "skipped": true
                }
              ],
              "suites": [],
              "passes": [],
              "failures": [],
              "pending": [],
              "skipped": [
                "958f0aca-2857-417d-9d3f-55ba448e599e",
                "8f471b6b-67f3-4b39-90eb-d17a7c9c02a0",
                "bffc0679-db05-4e1d-bd2d-671a5a7d9d74",
                "7f6f8a67-0437-4575-9430-172516178ec5",
                "84aa4822-9631-42cb-88b5-d14e17c42772"
              ],
              "duration": 0,
              "root": false,
              "rootEmpty": false,
              "_timeout": 2000
            },
            {
              "uuid": "8ce0c410-8bea-4dd3-b109-516a70dead37",
              "title": "Supply process for LINK.e",
              "fullFile": "",
              "file": "",
              "beforeHooks": [],
              "afterHooks": [],
              "tests": [
                {
                  "title": "Open LINK.e supply popup view",
                  "fullTitle": "Swap from LINK to WETH Supply process for LINK.e Open LINK.e supply popup view",
                  "timedOut": null,
                  "duration": 0,
                  "state": "skipped",
                  "speed": null,
                  "pass": false,
                  "fail": false,
                  "pending": false,
                  "context": null,
                  "code": "Object(_actions_steps__WEBPACK_IMPORTED_MODULE_0__[\"doSwitchToDashboardSupplyView\"])();\ncy.get(`[data-cy='dashboardSupplyListItem_${_shortName.toUpperCase()}']`)\n    .find('button:contains(\"Supply\")')\n    .click();\ncy.get(`[data-cy=Modal] h2:contains(\"Supply ${_shortName}\")`).should('be.visible');",
                  "err": {},
                  "uuid": "1696ea4c-ede9-4b41-8247-4762dfb3b213",
                  "parentUUID": null,
                  "isHook": false,
                  "skipped": true
                },
                {
                  "title": "Supply 5 amount for LINK.e",
                  "fullTitle": "Swap from LINK to WETH Supply process for LINK.e Supply 5 amount for LINK.e",
                  "timedOut": null,
                  "duration": 0,
                  "state": "skipped",
                  "speed": null,
                  "pass": false,
                  "fail": false,
                  "pending": false,
                  "context": null,
                  "code": "Object(_actions_steps__WEBPACK_IMPORTED_MODULE_0__[\"setAmount\"])({\n    amount,\n    max: isMaxAmount,\n});\nObject(_actions_steps__WEBPACK_IMPORTED_MODULE_0__[\"doConfirm\"])({\n    hasApproval,\n    actionName: _actionName,\n    assetName: _shortName,\n});",
                  "err": {},
                  "uuid": "51037fe8-f67e-4350-a028-1aae06eafce4",
                  "parentUUID": null,
                  "isHook": false,
                  "skipped": true
                },
                {
                  "title": "Close modal popup",
                  "fullTitle": "Swap from LINK to WETH Supply process for LINK.e Close modal popup",
                  "timedOut": null,
                  "duration": 0,
                  "state": "skipped",
                  "speed": null,
                  "pass": false,
                  "fail": false,
                  "pending": false,
                  "context": null,
                  "code": "cy.get('[data-cy=closeButton]').should('not.be.disabled').click();\ncy.get('[data-cy=Modal]').should('not.exist');",
                  "err": {},
                  "uuid": "5ffaacea-b15e-497a-b9ae-dfb0f3d2ee0a",
                  "parentUUID": null,
                  "isHook": false,
                  "skipped": true
                }
              ],
              "suites": [],
              "passes": [],
              "failures": [],
              "pending": [],
              "skipped": [
                "1696ea4c-ede9-4b41-8247-4762dfb3b213",
                "51037fe8-f67e-4350-a028-1aae06eafce4",
                "5ffaacea-b15e-497a-b9ae-dfb0f3d2ee0a"
              ],
              "duration": 0,
              "root": false,
              "rootEmpty": false,
              "_timeout": 2000
            },
            {
              "uuid": "e5cacd45-6b5e-49b4-bb3c-ab41d842c765",
              "title": "Swap 10 LINK.e to WETH.e",
              "fullFile": "",
              "file": "",
              "beforeHooks": [],
              "afterHooks": [],
              "tests": [
                {
                  "title": "Open Swap modal for LINK.e",
                  "fullTitle": "Swap from LINK to WETH Swap 10 LINK.e to WETH.e Open Swap modal for LINK.e",
                  "timedOut": null,
                  "duration": 0,
                  "state": "skipped",
                  "speed": null,
                  "pass": false,
                  "fail": false,
                  "pending": false,
                  "context": null,
                  "code": "Object(_actions_steps__WEBPACK_IMPORTED_MODULE_0__[\"doSwitchToDashboardSupplyView\"])();\nObject(_actions_steps__WEBPACK_IMPORTED_MODULE_0__[\"getDashBoardDepositRow\"])({ assetName: _shortNameFrom, isCollateralType: isCollateralFromAsset })\n    .find(`[data-cy=swapButton]`)\n    .click();\ncy.get(`[data-cy=Modal] h2:contains(\"Swap ${_shortNameFrom}\")`).should('be.visible');",
                  "err": {},
                  "uuid": "da3e0303-aab7-4c6b-9d34-32daa0341035",
                  "parentUUID": null,
                  "isHook": false,
                  "skipped": true
                },
                {
                  "title": "Choose swapping options: swap to asset",
                  "fullTitle": "Swap from LINK to WETH Swap 10 LINK.e to WETH.e Choose swapping options: swap to asset",
                  "timedOut": null,
                  "duration": 0,
                  "state": "skipped",
                  "speed": null,
                  "pass": false,
                  "fail": false,
                  "pending": false,
                  "context": null,
                  "code": "cy.get('[data-cy=Modal]').as('Modal');\ncy.get('@Modal').find('[data-cy=assetSelect]').click();\ncy.get(`[data-cy=\"assetsSelectOption_${_shortNameTo.toUpperCase()}\"]`, { timeout: 10000 })\n    .scrollIntoView()\n    .should('be.visible')\n    .click();\ncy.get(`[data-cy=\"assetsSelectedOption_${_shortNameTo.toUpperCase()}\"]`, {\n    timeout: 10000,\n}).should('be.visible', { timeout: 10000 });",
                  "err": {},
                  "uuid": "890c67a5-dacf-478e-8ae1-0556512555a7",
                  "parentUUID": null,
                  "isHook": false,
                  "skipped": true
                },
                {
                  "title": "Make approve for 10 amount",
                  "fullTitle": "Swap from LINK to WETH Swap 10 LINK.e to WETH.e Make approve for 10 amount",
                  "timedOut": null,
                  "duration": 0,
                  "state": "skipped",
                  "speed": null,
                  "pass": false,
                  "fail": false,
                  "pending": false,
                  "context": null,
                  "code": "Object(_actions_steps__WEBPACK_IMPORTED_MODULE_0__[\"setAmount\"])({\n    amount,\n    max: isMaxAmount,\n});\nObject(_actions_steps__WEBPACK_IMPORTED_MODULE_0__[\"doConfirm\"])({\n    hasApproval,\n    actionName: _actionName,\n});",
                  "err": {},
                  "uuid": "ef679b94-90fe-408e-9a9b-c03611983939",
                  "parentUUID": null,
                  "isHook": false,
                  "skipped": true
                },
                {
                  "title": "Close modal popup",
                  "fullTitle": "Swap from LINK to WETH Swap 10 LINK.e to WETH.e Close modal popup",
                  "timedOut": null,
                  "duration": 0,
                  "state": "skipped",
                  "speed": null,
                  "pass": false,
                  "fail": false,
                  "pending": false,
                  "context": null,
                  "code": "cy.get('[data-cy=closeButton]').should('not.be.disabled').click();\ncy.get('[data-cy=Modal]').should('not.exist');",
                  "err": {},
                  "uuid": "9ab2657d-24ab-4b57-9620-c482b0cc06e9",
                  "parentUUID": null,
                  "isHook": false,
                  "skipped": true
                }
              ],
              "suites": [],
              "passes": [],
              "failures": [],
              "pending": [],
              "skipped": [
                "da3e0303-aab7-4c6b-9d34-32daa0341035",
                "890c67a5-dacf-478e-8ae1-0556512555a7",
                "ef679b94-90fe-408e-9a9b-c03611983939",
                "9ab2657d-24ab-4b57-9620-c482b0cc06e9"
              ],
              "duration": 0,
              "root": false,
              "rootEmpty": false,
              "_timeout": 2000
            },
            {
              "uuid": "92837702-d37b-48b2-9d3f-e0297e26c0c1",
              "title": "Verification dashboard values",
              "fullFile": "",
              "file": "",
              "beforeHooks": [],
              "afterHooks": [],
              "tests": [],
              "suites": [
                {
                  "uuid": "a718d87c-d1c6-4ff8-8023-4295a97896d2",
                  "title": "Verification WETH.e deposit, have right values",
                  "fullFile": "",
                  "file": "",
                  "beforeHooks": [],
                  "afterHooks": [],
                  "tests": [
                    {
                      "title": "Check that asset name is WETH.e,\n            with collateral type undefined\n            ",
                      "fullTitle": "Swap from LINK to WETH Verification dashboard values Verification WETH.e deposit, have right values Check that asset name is WETH.e,\n            with collateral type undefined\n            ",
                      "timedOut": null,
                      "duration": 0,
                      "state": "skipped",
                      "speed": null,
                      "pass": false,
                      "fail": false,
                      "pending": false,
                      "context": null,
                      "code": "Object(_actions_steps__WEBPACK_IMPORTED_MODULE_0__[\"getDashBoardDepositRow\"])({\n    assetName: _assetName,\n    isCollateralType: estimatedCase.isCollateral,\n}).within(($row) => {\n    expect($row.find(`[data-cy=\"assetName\"]`)).to.contain(estimatedCase.assetName);\n    if (estimatedCase.isCollateral) {\n        expect($row.find('.MuiSwitch-input')).to.have.attr('checked');\n    }\n    else {\n        expect($row.find('.MuiSwitch-input')).to.not.have.attr('checked');\n    }\n    if (estimatedCase.amount) {\n        cy.get('[data-cy=nativeAmount]').contains(estimatedCase.amount.toString());\n    }\n});",
                      "err": {},
                      "uuid": "02226f49-798b-4160-b8a4-2b3bbc25160e",
                      "parentUUID": null,
                      "isHook": false,
                      "skipped": true
                    }
                  ],
                  "suites": [],
                  "passes": [],
                  "failures": [],
                  "pending": [],
                  "skipped": [
                    "02226f49-798b-4160-b8a4-2b3bbc25160e"
                  ],
                  "duration": 0,
                  "root": false,
                  "rootEmpty": false,
                  "_timeout": 2000
                }
              ],
              "passes": [],
              "failures": [],
              "pending": [],
              "skipped": [],
              "duration": 0,
              "root": false,
              "rootEmpty": false,
              "_timeout": 2000
            }
          ],
          "passes": [],
          "failures": [],
          "pending": [],
          "skipped": [],
          "duration": 0,
          "root": false,
          "rootEmpty": false,
          "_timeout": 2000
        }
      ],
      "passes": [],
      "failures": [],
      "pending": [],
      "skipped": [],
      "duration": 0,
      "root": true,
      "rootEmpty": true,
      "_timeout": 2000
    }
  ],
  "meta": {
    "mocha": {
      "version": "7.0.1"
    },
    "mochawesome": {
      "options": {
        "quiet": false,
        "reportFilename": "mochawesome",
        "saveHtml": false,
        "saveJson": true,
        "consoleReporter": "spec",
        "useInlineDiffs": false,
        "code": true
      },
      "version": "7.1.3"
    },
    "marge": {
      "options": {
        "reportDir": "cypress/results",
        "overwrite": false,
        "html": false,
        "json": true
      },
      "version": "6.2.0"
    }
  }
}