{
  "stats": {
    "suites": 231,
    "tests": 528,
    "passes": 477,
    "pending": 0,
    "failures": 51,
    "start": "2022-06-04T16:33:35.771Z",
    "end": "2022-06-04T18:09:22.621Z",
    "duration": 5746850,
    "testsRegistered": 528,
    "passPercent": 90.3409090909091,
    "pendingPercent": 0,
    "other": 0,
    "hasOther": false,
    "skipped": 0,
    "hasSkipped": false
  },
  "results": [
    {
      "uuid": "ce6e718a-68fe-461a-a055-98e85ea42cdf",
      "title": "",
      "fullFile": "cypress/integration/0-v2-markets/0-main-v2-market/1-swap-full/usdc.swap-full.spec.ts",
      "file": "cypress/integration/0-v2-markets/0-main-v2-market/1-swap-full/usdc.swap-full.spec.ts",
      "beforeHooks": [],
      "afterHooks": [],
      "tests": [],
      "suites": [
        {
          "uuid": "6aa6ff50-2848-41e2-8a89-3191a38dc22a",
          "title": "Swap from USDC to BUSD",
          "fullFile": "",
          "file": "",
          "beforeHooks": [],
          "afterHooks": [],
          "tests": [],
          "suites": [
            {
              "uuid": "a4bc8bc6-0b11-4ce0-bd44-312c33181311",
              "title": "Supply process for ETH",
              "fullFile": "",
              "file": "",
              "beforeHooks": [],
              "afterHooks": [],
              "tests": [
                {
                  "title": "Open ETH supply popup view",
                  "fullTitle": "Swap from USDC to BUSD Supply process for ETH Open ETH supply popup view",
                  "timedOut": null,
                  "duration": 11170,
                  "state": "passed",
                  "speed": "slow",
                  "pass": true,
                  "fail": false,
                  "pending": false,
                  "context": null,
                  "code": "Object(_actions_steps__WEBPACK_IMPORTED_MODULE_0__[\"doSwitchToDashboardSupplyView\"])();\ncy.get(`[data-cy='dashboardSupplyListItem_${_shortName.toUpperCase()}']`)\n    .find('button:contains(\"Supply\")')\n    .click();\ncy.get(`[data-cy=Modal] h2:contains(\"Supply ${_shortName}\")`).should('be.visible');",
                  "err": {},
                  "uuid": "714762f4-87cb-40f3-b1e0-dc6fbf536b99",
                  "parentUUID": "a4bc8bc6-0b11-4ce0-bd44-312c33181311",
                  "isHook": false,
                  "skipped": false
                },
                {
                  "title": "Supply 1000 amount for ETH",
                  "fullTitle": "Swap from USDC to BUSD Supply process for ETH Supply 1000 amount for ETH",
                  "timedOut": null,
                  "duration": 10822,
                  "state": "passed",
                  "speed": "slow",
                  "pass": true,
                  "fail": false,
                  "pending": false,
                  "context": null,
                  "code": "Object(_actions_steps__WEBPACK_IMPORTED_MODULE_0__[\"setAmount\"])({\n    amount,\n    max: isMaxAmount,\n});\nObject(_actions_steps__WEBPACK_IMPORTED_MODULE_0__[\"doConfirm\"])({\n    hasApproval,\n    actionName: _actionName,\n    assetName: _shortName,\n});",
                  "err": {},
                  "uuid": "dc5201e8-a6e0-4c35-b626-c911d7715d3f",
                  "parentUUID": "a4bc8bc6-0b11-4ce0-bd44-312c33181311",
                  "isHook": false,
                  "skipped": false
                },
                {
                  "title": "Close modal popup",
                  "fullTitle": "Swap from USDC to BUSD Supply process for ETH Close modal popup",
                  "timedOut": null,
                  "duration": 2955,
                  "state": "passed",
                  "speed": "slow",
                  "pass": true,
                  "fail": false,
                  "pending": false,
                  "context": null,
                  "code": "cy.get('[data-cy=closeButton]').should('not.be.disabled').click();\ncy.get('[data-cy=Modal]').should('not.exist');",
                  "err": {},
                  "uuid": "42321939-50f6-446b-92e8-48f4b3707d98",
                  "parentUUID": "a4bc8bc6-0b11-4ce0-bd44-312c33181311",
                  "isHook": false,
                  "skipped": false
                }
              ],
              "suites": [],
              "passes": [
                "714762f4-87cb-40f3-b1e0-dc6fbf536b99",
                "dc5201e8-a6e0-4c35-b626-c911d7715d3f",
                "42321939-50f6-446b-92e8-48f4b3707d98"
              ],
              "failures": [],
              "pending": [],
              "skipped": [],
              "duration": 24947,
              "root": false,
              "rootEmpty": false,
              "_timeout": 2000
            },
            {
              "uuid": "a09ba85e-51b4-475f-89ff-4ce86d2cd40d",
              "title": "Borrow process for USDC",
              "fullFile": "",
              "file": "",
              "beforeHooks": [],
              "afterHooks": [],
              "tests": [
                {
                  "title": "Open USDC borrow popup view",
                  "fullTitle": "Swap from USDC to BUSD Borrow process for USDC Open USDC borrow popup view",
                  "timedOut": null,
                  "duration": 6289,
                  "state": "passed",
                  "speed": "slow",
                  "pass": true,
                  "fail": false,
                  "pending": false,
                  "context": null,
                  "code": "Object(_actions_steps__WEBPACK_IMPORTED_MODULE_0__[\"doSwitchToDashboardBorrowView\"])();\ncy.wait(4000);\ncy.get(`[data-cy='dashboardBorrowListItem_${_shortName.toUpperCase()}']`)\n    .contains('Borrow')\n    .should('not.be.disabled')\n    .click();\ncy.get(`[data-cy=Modal] h2:contains(\"Borrow ${_shortName}\")`).should('be.visible');",
                  "err": {},
                  "uuid": "71a1eb4e-d1de-49eb-9cc0-e04db98f3786",
                  "parentUUID": "a09ba85e-51b4-475f-89ff-4ce86d2cd40d",
                  "isHook": false,
                  "skipped": false
                },
                {
                  "title": "Choose Default borrow option",
                  "fullTitle": "Swap from USDC to BUSD Borrow process for USDC Choose Default borrow option",
                  "timedOut": null,
                  "duration": 14,
                  "state": "passed",
                  "speed": "fast",
                  "pass": true,
                  "fail": false,
                  "pending": false,
                  "context": null,
                  "code": "switch (apyType) {\n    case _fixtures_constans_json__WEBPACK_IMPORTED_MODULE_1__.borrowAPYType.variable:\n        cy.get('[data-cy=Modal] [role=group] button p')\n            .contains('Variable')\n            .click({ force: true });\n        break;\n    case _fixtures_constans_json__WEBPACK_IMPORTED_MODULE_1__.borrowAPYType.stable:\n        cy.get('[data-cy=Modal] [role=group] button p').contains('Stable').click({ force: true });\n        break;\n    default:\n        break;\n}",
                  "err": {},
                  "uuid": "177be1b6-1d96-402e-8b91-f9d152d40f72",
                  "parentUUID": "a09ba85e-51b4-475f-89ff-4ce86d2cd40d",
                  "isHook": false,
                  "skipped": false
                },
                {
                  "title": "Borrow 5 amount for USDC",
                  "fullTitle": "Swap from USDC to BUSD Borrow process for USDC Borrow 5 amount for USDC",
                  "timedOut": null,
                  "duration": 880,
                  "state": "passed",
                  "speed": "slow",
                  "pass": true,
                  "fail": false,
                  "pending": false,
                  "context": null,
                  "code": "Object(_actions_steps__WEBPACK_IMPORTED_MODULE_0__[\"setAmount\"])({\n    amount,\n    max: isMaxAmount,\n});",
                  "err": {},
                  "uuid": "b6561677-b5b0-4467-86dd-11fe802caf4e",
                  "parentUUID": "a09ba85e-51b4-475f-89ff-4ce86d2cd40d",
                  "isHook": false,
                  "skipped": false
                },
                {
                  "title": "Confirmation process",
                  "fullTitle": "Swap from USDC to BUSD Borrow process for USDC Confirmation process",
                  "timedOut": null,
                  "duration": 9252,
                  "state": "passed",
                  "speed": "slow",
                  "pass": true,
                  "fail": false,
                  "pending": false,
                  "context": null,
                  "code": "Object(_actions_steps__WEBPACK_IMPORTED_MODULE_0__[\"doConfirm\"])({\n    hasApproval,\n    actionName: _actionName,\n    assetName: _shortName,\n});",
                  "err": {},
                  "uuid": "3f3fd713-90d4-4e22-a484-f12d686f2703",
                  "parentUUID": "a09ba85e-51b4-475f-89ff-4ce86d2cd40d",
                  "isHook": false,
                  "skipped": false
                },
                {
                  "title": "Close modal popup",
                  "fullTitle": "Swap from USDC to BUSD Borrow process for USDC Close modal popup",
                  "timedOut": null,
                  "duration": 1517,
                  "state": "passed",
                  "speed": "slow",
                  "pass": true,
                  "fail": false,
                  "pending": false,
                  "context": null,
                  "code": "cy.get('[data-cy=closeButton]').should('not.be.disabled').click();\ncy.get('[data-cy=Modal]').should('not.exist');",
                  "err": {},
                  "uuid": "4c17063d-ebf6-4c03-8016-9f32e54baed6",
                  "parentUUID": "a09ba85e-51b4-475f-89ff-4ce86d2cd40d",
                  "isHook": false,
                  "skipped": false
                }
              ],
              "suites": [],
              "passes": [
                "71a1eb4e-d1de-49eb-9cc0-e04db98f3786",
                "177be1b6-1d96-402e-8b91-f9d152d40f72",
                "b6561677-b5b0-4467-86dd-11fe802caf4e",
                "3f3fd713-90d4-4e22-a484-f12d686f2703",
                "4c17063d-ebf6-4c03-8016-9f32e54baed6"
              ],
              "failures": [],
              "pending": [],
              "skipped": [],
              "duration": 17952,
              "root": false,
              "rootEmpty": false,
              "_timeout": 2000
            },
            {
              "uuid": "378ece13-85fd-471b-bb5b-53b27347818c",
              "title": "Supply process for USDC",
              "fullFile": "",
              "file": "",
              "beforeHooks": [],
              "afterHooks": [],
              "tests": [
                {
                  "title": "Open USDC supply popup view",
                  "fullTitle": "Swap from USDC to BUSD Supply process for USDC Open USDC supply popup view",
                  "timedOut": null,
                  "duration": 2340,
                  "state": "passed",
                  "speed": "slow",
                  "pass": true,
                  "fail": false,
                  "pending": false,
                  "context": null,
                  "code": "Object(_actions_steps__WEBPACK_IMPORTED_MODULE_0__[\"doSwitchToDashboardSupplyView\"])();\ncy.get(`[data-cy='dashboardSupplyListItem_${_shortName.toUpperCase()}']`)\n    .find('button:contains(\"Supply\")')\n    .click();\ncy.get(`[data-cy=Modal] h2:contains(\"Supply ${_shortName}\")`).should('be.visible');",
                  "err": {},
                  "uuid": "33850527-d7f8-4fa8-99e4-6caa90cbc51b",
                  "parentUUID": "378ece13-85fd-471b-bb5b-53b27347818c",
                  "isHook": false,
                  "skipped": false
                },
                {
                  "title": "Supply 5 amount for USDC",
                  "fullTitle": "Swap from USDC to BUSD Supply process for USDC Supply 5 amount for USDC",
                  "timedOut": null,
                  "duration": 16931,
                  "state": "passed",
                  "speed": "slow",
                  "pass": true,
                  "fail": false,
                  "pending": false,
                  "context": null,
                  "code": "Object(_actions_steps__WEBPACK_IMPORTED_MODULE_0__[\"setAmount\"])({\n    amount,\n    max: isMaxAmount,\n});\nObject(_actions_steps__WEBPACK_IMPORTED_MODULE_0__[\"doConfirm\"])({\n    hasApproval,\n    actionName: _actionName,\n    assetName: _shortName,\n});",
                  "err": {},
                  "uuid": "30b2817d-b4dd-4388-808b-8ad0bc193e71",
                  "parentUUID": "378ece13-85fd-471b-bb5b-53b27347818c",
                  "isHook": false,
                  "skipped": false
                },
                {
                  "title": "Close modal popup",
                  "fullTitle": "Swap from USDC to BUSD Supply process for USDC Close modal popup",
                  "timedOut": null,
                  "duration": 2894,
                  "state": "passed",
                  "speed": "slow",
                  "pass": true,
                  "fail": false,
                  "pending": false,
                  "context": null,
                  "code": "cy.get('[data-cy=closeButton]').should('not.be.disabled').click();\ncy.get('[data-cy=Modal]').should('not.exist');",
                  "err": {},
                  "uuid": "e2ffa1f0-e6d2-45f7-8e99-d686b2b70930",
                  "parentUUID": "378ece13-85fd-471b-bb5b-53b27347818c",
                  "isHook": false,
                  "skipped": false
                }
              ],
              "suites": [],
              "passes": [
                "33850527-d7f8-4fa8-99e4-6caa90cbc51b",
                "30b2817d-b4dd-4388-808b-8ad0bc193e71",
                "e2ffa1f0-e6d2-45f7-8e99-d686b2b70930"
              ],
              "failures": [],
              "pending": [],
              "skipped": [],
              "duration": 22165,
              "root": false,
              "rootEmpty": false,
              "_timeout": 2000
            },
            {
              "uuid": "57189220-614f-412c-9193-c546f8419224",
              "title": "Swap 10 USDC to BUSD",
              "fullFile": "",
              "file": "",
              "beforeHooks": [],
              "afterHooks": [],
              "tests": [
                {
                  "title": "Open Swap modal for USDC",
                  "fullTitle": "Swap from USDC to BUSD Swap 10 USDC to BUSD Open Swap modal for USDC",
                  "timedOut": null,
                  "duration": 1576,
                  "state": "passed",
                  "speed": "slow",
                  "pass": true,
                  "fail": false,
                  "pending": false,
                  "context": null,
                  "code": "Object(_actions_steps__WEBPACK_IMPORTED_MODULE_0__[\"doSwitchToDashboardSupplyView\"])();\nObject(_actions_steps__WEBPACK_IMPORTED_MODULE_0__[\"getDashBoardDepositRow\"])({ assetName: _shortNameFrom, isCollateralType: isCollateralFromAsset })\n    .find(`[data-cy=swapButton]`)\n    .click();\ncy.get(`[data-cy=Modal] h2:contains(\"Swap ${_shortNameFrom}\")`).should('be.visible');",
                  "err": {},
                  "uuid": "3fe180a3-4955-4bef-9dbc-9f28ee1ec76b",
                  "parentUUID": "57189220-614f-412c-9193-c546f8419224",
                  "isHook": false,
                  "skipped": false
                },
                {
                  "title": "Choose swapping options: swap to asset",
                  "fullTitle": "Swap from USDC to BUSD Swap 10 USDC to BUSD Choose swapping options: swap to asset",
                  "timedOut": null,
                  "duration": 2191,
                  "state": "passed",
                  "speed": "slow",
                  "pass": true,
                  "fail": false,
                  "pending": false,
                  "context": null,
                  "code": "cy.get('[data-cy=Modal]').as('Modal');\ncy.get('@Modal').find('[data-cy=assetSelect]').click();\ncy.get(`[data-cy=\"assetsSelectOption_${_shortNameTo.toUpperCase()}\"]`, { timeout: 10000 })\n    .scrollIntoView()\n    .should('be.visible')\n    .click();\ncy.get(`[data-cy=\"assetsSelectedOption_${_shortNameTo.toUpperCase()}\"]`, {\n    timeout: 10000,\n}).should('be.visible', { timeout: 10000 });",
                  "err": {},
                  "uuid": "749f4376-1372-4df7-ba9c-5c2c3d016608",
                  "parentUUID": "57189220-614f-412c-9193-c546f8419224",
                  "isHook": false,
                  "skipped": false
                },
                {
                  "title": "Make approve for 10 amount",
                  "fullTitle": "Swap from USDC to BUSD Swap 10 USDC to BUSD Make approve for 10 amount",
                  "timedOut": null,
                  "duration": 25175,
                  "state": "passed",
                  "speed": "slow",
                  "pass": true,
                  "fail": false,
                  "pending": false,
                  "context": null,
                  "code": "Object(_actions_steps__WEBPACK_IMPORTED_MODULE_0__[\"setAmount\"])({\n    amount,\n    max: isMaxAmount,\n});\nObject(_actions_steps__WEBPACK_IMPORTED_MODULE_0__[\"doConfirm\"])({\n    hasApproval,\n    actionName: _actionName,\n});",
                  "err": {},
                  "uuid": "4d5b34c8-93c0-4028-aaea-03363e70ccb8",
                  "parentUUID": "57189220-614f-412c-9193-c546f8419224",
                  "isHook": false,
                  "skipped": false
                },
                {
                  "title": "Close modal popup",
                  "fullTitle": "Swap from USDC to BUSD Swap 10 USDC to BUSD Close modal popup",
                  "timedOut": null,
                  "duration": 541,
                  "state": "passed",
                  "speed": "slow",
                  "pass": true,
                  "fail": false,
                  "pending": false,
                  "context": null,
                  "code": "cy.get('[data-cy=closeButton]').should('not.be.disabled').click();\ncy.get('[data-cy=Modal]').should('not.exist');",
                  "err": {},
                  "uuid": "7c3955d1-2585-45fc-9d56-7ea9ba9cbd17",
                  "parentUUID": "57189220-614f-412c-9193-c546f8419224",
                  "isHook": false,
                  "skipped": false
                }
              ],
              "suites": [],
              "passes": [
                "3fe180a3-4955-4bef-9dbc-9f28ee1ec76b",
                "749f4376-1372-4df7-ba9c-5c2c3d016608",
                "4d5b34c8-93c0-4028-aaea-03363e70ccb8",
                "7c3955d1-2585-45fc-9d56-7ea9ba9cbd17"
              ],
              "failures": [],
              "pending": [],
              "skipped": [],
              "duration": 29483,
              "root": false,
              "rootEmpty": false,
              "_timeout": 2000
            },
            {
              "uuid": "1f901aee-8d11-45b8-a31e-27d890ab80b4",
              "title": "Verification dashboard values",
              "fullFile": "",
              "file": "",
              "beforeHooks": [],
              "afterHooks": [],
              "tests": [],
              "suites": [
                {
                  "uuid": "5d1d7e1c-9794-4aa9-b46f-5150dec84f3e",
                  "title": "Verification BUSD deposit, have right values",
                  "fullFile": "",
                  "file": "",
                  "beforeHooks": [],
                  "afterHooks": [],
                  "tests": [
                    {
                      "title": "Check that asset name is BUSD,\n            with collateral type undefined\n            ",
                      "fullTitle": "Swap from USDC to BUSD Verification dashboard values Verification BUSD deposit, have right values Check that asset name is BUSD,\n            with collateral type undefined\n            ",
                      "timedOut": null,
                      "duration": 479,
                      "state": "passed",
                      "speed": "slow",
                      "pass": true,
                      "fail": false,
                      "pending": false,
                      "context": null,
                      "code": "Object(_actions_steps__WEBPACK_IMPORTED_MODULE_0__[\"getDashBoardDepositRow\"])({\n    assetName: _assetName,\n    isCollateralType: estimatedCase.isCollateral,\n}).within(($row) => {\n    expect($row.find(`[data-cy=\"assetName\"]`)).to.contain(estimatedCase.assetName);\n    if (estimatedCase.isCollateral) {\n        expect($row.find('.MuiSwitch-input')).to.have.attr('checked');\n    }\n    else {\n        expect($row.find('.MuiSwitch-input')).to.not.have.attr('checked');\n    }\n    if (estimatedCase.amount) {\n        cy.get('[data-cy=nativeAmount]').contains(estimatedCase.amount.toString());\n    }\n});",
                      "err": {},
                      "uuid": "2e8167dd-4115-46f1-9b24-7070028354a0",
                      "parentUUID": "5d1d7e1c-9794-4aa9-b46f-5150dec84f3e",
                      "isHook": false,
                      "skipped": false
                    }
                  ],
                  "suites": [],
                  "passes": [
                    "2e8167dd-4115-46f1-9b24-7070028354a0"
                  ],
                  "failures": [],
                  "pending": [],
                  "skipped": [],
                  "duration": 479,
                  "root": false,
                  "rootEmpty": false,
                  "_timeout": 2000
                }
              ],
              "passes": [],
              "failures": [],
              "pending": [],
              "skipped": [],
              "duration": 0,
              "root": false,
              "rootEmpty": false,
              "_timeout": 2000
            }
          ],
          "passes": [],
          "failures": [],
          "pending": [],
          "skipped": [],
          "duration": 0,
          "root": false,
          "rootEmpty": false,
          "_timeout": 2000
        },
        {
          "uuid": "86353388-ef9b-4cc9-9c1e-44ffafabb737",
          "title": "Swap from USDC to DAI",
          "fullFile": "",
          "file": "",
          "beforeHooks": [],
          "afterHooks": [],
          "tests": [],
          "suites": [
            {
              "uuid": "6cd59afd-5a98-4fb1-8e0c-19f5a3ae98c0",
              "title": "Supply process for ETH",
              "fullFile": "",
              "file": "",
              "beforeHooks": [],
              "afterHooks": [],
              "tests": [
                {
                  "title": "Open ETH supply popup view",
                  "fullTitle": "Swap from USDC to DAI Supply process for ETH Open ETH supply popup view",
                  "timedOut": null,
                  "duration": 7587,
                  "state": "passed",
                  "speed": "slow",
                  "pass": true,
                  "fail": false,
                  "pending": false,
                  "context": null,
                  "code": "Object(_actions_steps__WEBPACK_IMPORTED_MODULE_0__[\"doSwitchToDashboardSupplyView\"])();\ncy.get(`[data-cy='dashboardSupplyListItem_${_shortName.toUpperCase()}']`)\n    .find('button:contains(\"Supply\")')\n    .click();\ncy.get(`[data-cy=Modal] h2:contains(\"Supply ${_shortName}\")`).should('be.visible');",
                  "err": {},
                  "uuid": "af0d66f4-1bd8-40b8-96cf-1342928c62a7",
                  "parentUUID": "6cd59afd-5a98-4fb1-8e0c-19f5a3ae98c0",
                  "isHook": false,
                  "skipped": false
                },
                {
                  "title": "Supply 1000 amount for ETH",
                  "fullTitle": "Swap from USDC to DAI Supply process for ETH Supply 1000 amount for ETH",
                  "timedOut": null,
                  "duration": 10841,
                  "state": "passed",
                  "speed": "slow",
                  "pass": true,
                  "fail": false,
                  "pending": false,
                  "context": null,
                  "code": "Object(_actions_steps__WEBPACK_IMPORTED_MODULE_0__[\"setAmount\"])({\n    amount,\n    max: isMaxAmount,\n});\nObject(_actions_steps__WEBPACK_IMPORTED_MODULE_0__[\"doConfirm\"])({\n    hasApproval,\n    actionName: _actionName,\n    assetName: _shortName,\n});",
                  "err": {},
                  "uuid": "2f103ab9-f2f2-4ce9-8ddb-174b81641964",
                  "parentUUID": "6cd59afd-5a98-4fb1-8e0c-19f5a3ae98c0",
                  "isHook": false,
                  "skipped": false
                },
                {
                  "title": "Close modal popup",
                  "fullTitle": "Swap from USDC to DAI Supply process for ETH Close modal popup",
                  "timedOut": null,
                  "duration": 783,
                  "state": "passed",
                  "speed": "slow",
                  "pass": true,
                  "fail": false,
                  "pending": false,
                  "context": null,
                  "code": "cy.get('[data-cy=closeButton]').should('not.be.disabled').click();\ncy.get('[data-cy=Modal]').should('not.exist');",
                  "err": {},
                  "uuid": "f4fa8a28-38af-48ad-b3f7-cea2d5f8fbf8",
                  "parentUUID": "6cd59afd-5a98-4fb1-8e0c-19f5a3ae98c0",
                  "isHook": false,
                  "skipped": false
                }
              ],
              "suites": [],
              "passes": [
                "af0d66f4-1bd8-40b8-96cf-1342928c62a7",
                "2f103ab9-f2f2-4ce9-8ddb-174b81641964",
                "f4fa8a28-38af-48ad-b3f7-cea2d5f8fbf8"
              ],
              "failures": [],
              "pending": [],
              "skipped": [],
              "duration": 19211,
              "root": false,
              "rootEmpty": false,
              "_timeout": 2000
            },
            {
              "uuid": "13d263ca-bf82-459b-9a81-bcdebdb284ae",
              "title": "Borrow process for USDC",
              "fullFile": "",
              "file": "",
              "beforeHooks": [],
              "afterHooks": [],
              "tests": [
                {
                  "title": "Open USDC borrow popup view",
                  "fullTitle": "Swap from USDC to DAI Borrow process for USDC Open USDC borrow popup view",
                  "timedOut": null,
                  "duration": 6943,
                  "state": "passed",
                  "speed": "slow",
                  "pass": true,
                  "fail": false,
                  "pending": false,
                  "context": null,
                  "code": "Object(_actions_steps__WEBPACK_IMPORTED_MODULE_0__[\"doSwitchToDashboardBorrowView\"])();\ncy.wait(4000);\ncy.get(`[data-cy='dashboardBorrowListItem_${_shortName.toUpperCase()}']`)\n    .contains('Borrow')\n    .should('not.be.disabled')\n    .click();\ncy.get(`[data-cy=Modal] h2:contains(\"Borrow ${_shortName}\")`).should('be.visible');",
                  "err": {},
                  "uuid": "344f288c-c3d8-4b78-b257-d9446312a6c5",
                  "parentUUID": "13d263ca-bf82-459b-9a81-bcdebdb284ae",
                  "isHook": false,
                  "skipped": false
                },
                {
                  "title": "Choose Default borrow option",
                  "fullTitle": "Swap from USDC to DAI Borrow process for USDC Choose Default borrow option",
                  "timedOut": null,
                  "duration": 15,
                  "state": "passed",
                  "speed": "fast",
                  "pass": true,
                  "fail": false,
                  "pending": false,
                  "context": null,
                  "code": "switch (apyType) {\n    case _fixtures_constans_json__WEBPACK_IMPORTED_MODULE_1__.borrowAPYType.variable:\n        cy.get('[data-cy=Modal] [role=group] button p')\n            .contains('Variable')\n            .click({ force: true });\n        break;\n    case _fixtures_constans_json__WEBPACK_IMPORTED_MODULE_1__.borrowAPYType.stable:\n        cy.get('[data-cy=Modal] [role=group] button p').contains('Stable').click({ force: true });\n        break;\n    default:\n        break;\n}",
                  "err": {},
                  "uuid": "e4ffffd3-6eea-4781-bd02-ffa0561ed709",
                  "parentUUID": "13d263ca-bf82-459b-9a81-bcdebdb284ae",
                  "isHook": false,
                  "skipped": false
                },
                {
                  "title": "Borrow 5 amount for USDC",
                  "fullTitle": "Swap from USDC to DAI Borrow process for USDC Borrow 5 amount for USDC",
                  "timedOut": null,
                  "duration": 915,
                  "state": "passed",
                  "speed": "slow",
                  "pass": true,
                  "fail": false,
                  "pending": false,
                  "context": null,
                  "code": "Object(_actions_steps__WEBPACK_IMPORTED_MODULE_0__[\"setAmount\"])({\n    amount,\n    max: isMaxAmount,\n});",
                  "err": {},
                  "uuid": "d2aca382-1f8a-4003-988f-9e52159645f9",
                  "parentUUID": "13d263ca-bf82-459b-9a81-bcdebdb284ae",
                  "isHook": false,
                  "skipped": false
                },
                {
                  "title": "Confirmation process",
                  "fullTitle": "Swap from USDC to DAI Borrow process for USDC Confirmation process",
                  "timedOut": null,
                  "duration": 10400,
                  "state": "passed",
                  "speed": "slow",
                  "pass": true,
                  "fail": false,
                  "pending": false,
                  "context": null,
                  "code": "Object(_actions_steps__WEBPACK_IMPORTED_MODULE_0__[\"doConfirm\"])({\n    hasApproval,\n    actionName: _actionName,\n    assetName: _shortName,\n});",
                  "err": {},
                  "uuid": "f1c8172b-1a7d-40d6-b523-174cf135ccdd",
                  "parentUUID": "13d263ca-bf82-459b-9a81-bcdebdb284ae",
                  "isHook": false,
                  "skipped": false
                },
                {
                  "title": "Close modal popup",
                  "fullTitle": "Swap from USDC to DAI Borrow process for USDC Close modal popup",
                  "timedOut": null,
                  "duration": 2317,
                  "state": "passed",
                  "speed": "slow",
                  "pass": true,
                  "fail": false,
                  "pending": false,
                  "context": null,
                  "code": "cy.get('[data-cy=closeButton]').should('not.be.disabled').click();\ncy.get('[data-cy=Modal]').should('not.exist');",
                  "err": {},
                  "uuid": "f97b67a8-7343-46a8-bddc-2e884e4bfe18",
                  "parentUUID": "13d263ca-bf82-459b-9a81-bcdebdb284ae",
                  "isHook": false,
                  "skipped": false
                }
              ],
              "suites": [],
              "passes": [
                "344f288c-c3d8-4b78-b257-d9446312a6c5",
                "e4ffffd3-6eea-4781-bd02-ffa0561ed709",
                "d2aca382-1f8a-4003-988f-9e52159645f9",
                "f1c8172b-1a7d-40d6-b523-174cf135ccdd",
                "f97b67a8-7343-46a8-bddc-2e884e4bfe18"
              ],
              "failures": [],
              "pending": [],
              "skipped": [],
              "duration": 20590,
              "root": false,
              "rootEmpty": false,
              "_timeout": 2000
            },
            {
              "uuid": "fda8a69b-5b5f-4cdc-9e44-c2f53a110d40",
              "title": "Supply process for USDC",
              "fullFile": "",
              "file": "",
              "beforeHooks": [],
              "afterHooks": [],
              "tests": [
                {
                  "title": "Open USDC supply popup view",
                  "fullTitle": "Swap from USDC to DAI Supply process for USDC Open USDC supply popup view",
                  "timedOut": null,
                  "duration": 2233,
                  "state": "passed",
                  "speed": "slow",
                  "pass": true,
                  "fail": false,
                  "pending": false,
                  "context": null,
                  "code": "Object(_actions_steps__WEBPACK_IMPORTED_MODULE_0__[\"doSwitchToDashboardSupplyView\"])();\ncy.get(`[data-cy='dashboardSupplyListItem_${_shortName.toUpperCase()}']`)\n    .find('button:contains(\"Supply\")')\n    .click();\ncy.get(`[data-cy=Modal] h2:contains(\"Supply ${_shortName}\")`).should('be.visible');",
                  "err": {},
                  "uuid": "6f6680c1-b73b-4c25-a53e-42f8e83b9691",
                  "parentUUID": "fda8a69b-5b5f-4cdc-9e44-c2f53a110d40",
                  "isHook": false,
                  "skipped": false
                },
                {
                  "title": "Supply 5 amount for USDC",
                  "fullTitle": "Swap from USDC to DAI Supply process for USDC Supply 5 amount for USDC",
                  "timedOut": null,
                  "duration": 16122,
                  "state": "passed",
                  "speed": "slow",
                  "pass": true,
                  "fail": false,
                  "pending": false,
                  "context": null,
                  "code": "Object(_actions_steps__WEBPACK_IMPORTED_MODULE_0__[\"setAmount\"])({\n    amount,\n    max: isMaxAmount,\n});\nObject(_actions_steps__WEBPACK_IMPORTED_MODULE_0__[\"doConfirm\"])({\n    hasApproval,\n    actionName: _actionName,\n    assetName: _shortName,\n});",
                  "err": {},
                  "uuid": "fb734807-8a8b-4008-9a4b-ece83b072b9e",
                  "parentUUID": "fda8a69b-5b5f-4cdc-9e44-c2f53a110d40",
                  "isHook": false,
                  "skipped": false
                },
                {
                  "title": "Close modal popup",
                  "fullTitle": "Swap from USDC to DAI Supply process for USDC Close modal popup",
                  "timedOut": null,
                  "duration": 881,
                  "state": "passed",
                  "speed": "slow",
                  "pass": true,
                  "fail": false,
                  "pending": false,
                  "context": null,
                  "code": "cy.get('[data-cy=closeButton]').should('not.be.disabled').click();\ncy.get('[data-cy=Modal]').should('not.exist');",
                  "err": {},
                  "uuid": "3d9488dd-0529-46cb-83e2-36c37f92ba88",
                  "parentUUID": "fda8a69b-5b5f-4cdc-9e44-c2f53a110d40",
                  "isHook": false,
                  "skipped": false
                }
              ],
              "suites": [],
              "passes": [
                "6f6680c1-b73b-4c25-a53e-42f8e83b9691",
                "fb734807-8a8b-4008-9a4b-ece83b072b9e",
                "3d9488dd-0529-46cb-83e2-36c37f92ba88"
              ],
              "failures": [],
              "pending": [],
              "skipped": [],
              "duration": 19236,
              "root": false,
              "rootEmpty": false,
              "_timeout": 2000
            },
            {
              "uuid": "16aa0994-abfd-4b2e-b5ab-74f13c0aadd2",
              "title": "Swap 10 USDC to DAI",
              "fullFile": "",
              "file": "",
              "beforeHooks": [],
              "afterHooks": [],
              "tests": [
                {
                  "title": "Open Swap modal for USDC",
                  "fullTitle": "Swap from USDC to DAI Swap 10 USDC to DAI Open Swap modal for USDC",
                  "timedOut": null,
                  "duration": 2630,
                  "state": "passed",
                  "speed": "slow",
                  "pass": true,
                  "fail": false,
                  "pending": false,
                  "context": null,
                  "code": "Object(_actions_steps__WEBPACK_IMPORTED_MODULE_0__[\"doSwitchToDashboardSupplyView\"])();\nObject(_actions_steps__WEBPACK_IMPORTED_MODULE_0__[\"getDashBoardDepositRow\"])({ assetName: _shortNameFrom, isCollateralType: isCollateralFromAsset })\n    .find(`[data-cy=swapButton]`)\n    .click();\ncy.get(`[data-cy=Modal] h2:contains(\"Swap ${_shortNameFrom}\")`).should('be.visible');",
                  "err": {},
                  "uuid": "a5a75b2c-d848-417c-a865-d22b3704b592",
                  "parentUUID": "16aa0994-abfd-4b2e-b5ab-74f13c0aadd2",
                  "isHook": false,
                  "skipped": false
                },
                {
                  "title": "Choose swapping options: swap to asset",
                  "fullTitle": "Swap from USDC to DAI Swap 10 USDC to DAI Choose swapping options: swap to asset",
                  "timedOut": null,
                  "duration": 2665,
                  "state": "passed",
                  "speed": "slow",
                  "pass": true,
                  "fail": false,
                  "pending": false,
                  "context": null,
                  "code": "cy.get('[data-cy=Modal]').as('Modal');\ncy.get('@Modal').find('[data-cy=assetSelect]').click();\ncy.get(`[data-cy=\"assetsSelectOption_${_shortNameTo.toUpperCase()}\"]`, { timeout: 10000 })\n    .scrollIntoView()\n    .should('be.visible')\n    .click();\ncy.get(`[data-cy=\"assetsSelectedOption_${_shortNameTo.toUpperCase()}\"]`, {\n    timeout: 10000,\n}).should('be.visible', { timeout: 10000 });",
                  "err": {},
                  "uuid": "c7d96e92-1fd0-45ba-ad0c-2ecb91898dfc",
                  "parentUUID": "16aa0994-abfd-4b2e-b5ab-74f13c0aadd2",
                  "isHook": false,
                  "skipped": false
                },
                {
                  "title": "Make approve for 10 amount",
                  "fullTitle": "Swap from USDC to DAI Swap 10 USDC to DAI Make approve for 10 amount",
                  "timedOut": null,
                  "duration": 22350,
                  "state": "passed",
                  "speed": "slow",
                  "pass": true,
                  "fail": false,
                  "pending": false,
                  "context": null,
                  "code": "Object(_actions_steps__WEBPACK_IMPORTED_MODULE_0__[\"setAmount\"])({\n    amount,\n    max: isMaxAmount,\n});\nObject(_actions_steps__WEBPACK_IMPORTED_MODULE_0__[\"doConfirm\"])({\n    hasApproval,\n    actionName: _actionName,\n});",
                  "err": {},
                  "uuid": "a320a79a-844a-4999-8c3c-65c90919454c",
                  "parentUUID": "16aa0994-abfd-4b2e-b5ab-74f13c0aadd2",
                  "isHook": false,
                  "skipped": false
                },
                {
                  "title": "Close modal popup",
                  "fullTitle": "Swap from USDC to DAI Swap 10 USDC to DAI Close modal popup",
                  "timedOut": null,
                  "duration": 3050,
                  "state": "passed",
                  "speed": "slow",
                  "pass": true,
                  "fail": false,
                  "pending": false,
                  "context": null,
                  "code": "cy.get('[data-cy=closeButton]').should('not.be.disabled').click();\ncy.get('[data-cy=Modal]').should('not.exist');",
                  "err": {},
                  "uuid": "05f69132-e8da-4f8d-8566-cfd7bb205cdc",
                  "parentUUID": "16aa0994-abfd-4b2e-b5ab-74f13c0aadd2",
                  "isHook": false,
                  "skipped": false
                }
              ],
              "suites": [],
              "passes": [
                "a5a75b2c-d848-417c-a865-d22b3704b592",
                "c7d96e92-1fd0-45ba-ad0c-2ecb91898dfc",
                "a320a79a-844a-4999-8c3c-65c90919454c",
                "05f69132-e8da-4f8d-8566-cfd7bb205cdc"
              ],
              "failures": [],
              "pending": [],
              "skipped": [],
              "duration": 30695,
              "root": false,
              "rootEmpty": false,
              "_timeout": 2000
            },
            {
              "uuid": "0a24e3c3-6b44-401b-9022-0f59fb9a0409",
              "title": "Verification dashboard values",
              "fullFile": "",
              "file": "",
              "beforeHooks": [],
              "afterHooks": [],
              "tests": [],
              "suites": [
                {
                  "uuid": "af9a77fe-3657-49b6-bfdf-785855b88784",
                  "title": "Verification DAI deposit, have right values",
                  "fullFile": "",
                  "file": "",
                  "beforeHooks": [],
                  "afterHooks": [],
                  "tests": [
                    {
                      "title": "Check that asset name is DAI,\n            with collateral type undefined\n            ",
                      "fullTitle": "Swap from USDC to DAI Verification dashboard values Verification DAI deposit, have right values Check that asset name is DAI,\n            with collateral type undefined\n            ",
                      "timedOut": null,
                      "duration": 713,
                      "state": "failed",
                      "speed": null,
                      "pass": false,
                      "fail": true,
                      "pending": false,
                      "context": null,
                      "code": "Object(_actions_steps__WEBPACK_IMPORTED_MODULE_0__[\"getDashBoardDepositRow\"])({\n    assetName: _assetName,\n    isCollateralType: estimatedCase.isCollateral,\n}).within(($row) => {\n    expect($row.find(`[data-cy=\"assetName\"]`)).to.contain(estimatedCase.assetName);\n    if (estimatedCase.isCollateral) {\n        expect($row.find('.MuiSwitch-input')).to.have.attr('checked');\n    }\n    else {\n        expect($row.find('.MuiSwitch-input')).to.not.have.attr('checked');\n    }\n    if (estimatedCase.amount) {\n        cy.get('[data-cy=nativeAmount]').contains(estimatedCase.amount.toString());\n    }\n});",
                      "err": {
                        "message": "AssertionError: expected '<input.MuiSwitch-input.PrivateSwitchBase-input.css-1m9pwf3>' not to have attribute 'checked'",
                        "estack": "AssertionError: expected '<input.MuiSwitch-input.PrivateSwitchBase-input.css-1m9pwf3>' not to have attribute 'checked'\n    at Context.eval (http://localhost:3000/__cypress/tests?p=cypress/integration/0-v2-markets/0-main-v2-market/1-swap-full/usdc.swap-full.spec.ts:49177:87)",
                        "diff": null
                      },
                      "uuid": "acbf0628-d52c-4eea-8458-9a04441253f1",
                      "parentUUID": "af9a77fe-3657-49b6-bfdf-785855b88784",
                      "isHook": false,
                      "skipped": false
                    }
                  ],
                  "suites": [],
                  "passes": [],
                  "failures": [
                    "acbf0628-d52c-4eea-8458-9a04441253f1"
                  ],
                  "pending": [],
                  "skipped": [],
                  "duration": 713,
                  "root": false,
                  "rootEmpty": false,
                  "_timeout": 2000
                }
              ],
              "passes": [],
              "failures": [],
              "pending": [],
              "skipped": [],
              "duration": 0,
              "root": false,
              "rootEmpty": false,
              "_timeout": 2000
            }
          ],
          "passes": [],
          "failures": [],
          "pending": [],
          "skipped": [],
          "duration": 0,
          "root": false,
          "rootEmpty": false,
          "_timeout": 2000
        },
        {
          "uuid": "c360932f-1fcf-4a8d-a7cd-6526beba2cff",
          "title": "Swap from USDC to FEI",
          "fullFile": "",
          "file": "",
          "beforeHooks": [],
          "afterHooks": [],
          "tests": [],
          "suites": [
            {
              "uuid": "04669d38-9710-4928-ac6f-bbd7eade7ddd",
              "title": "Supply process for ETH",
              "fullFile": "",
              "file": "",
              "beforeHooks": [],
              "afterHooks": [],
              "tests": [
                {
                  "title": "Open ETH supply popup view",
                  "fullTitle": "Swap from USDC to FEI Supply process for ETH Open ETH supply popup view",
                  "timedOut": null,
                  "duration": 7530,
                  "state": "passed",
                  "speed": "slow",
                  "pass": true,
                  "fail": false,
                  "pending": false,
                  "context": null,
                  "code": "Object(_actions_steps__WEBPACK_IMPORTED_MODULE_0__[\"doSwitchToDashboardSupplyView\"])();\ncy.get(`[data-cy='dashboardSupplyListItem_${_shortName.toUpperCase()}']`)\n    .find('button:contains(\"Supply\")')\n    .click();\ncy.get(`[data-cy=Modal] h2:contains(\"Supply ${_shortName}\")`).should('be.visible');",
                  "err": {},
                  "uuid": "928e91f7-24a3-453a-9495-b5fff5fb814d",
                  "parentUUID": "04669d38-9710-4928-ac6f-bbd7eade7ddd",
                  "isHook": false,
                  "skipped": false
                },
                {
                  "title": "Supply 1000 amount for ETH",
                  "fullTitle": "Swap from USDC to FEI Supply process for ETH Supply 1000 amount for ETH",
                  "timedOut": null,
                  "duration": 10675,
                  "state": "passed",
                  "speed": "slow",
                  "pass": true,
                  "fail": false,
                  "pending": false,
                  "context": null,
                  "code": "Object(_actions_steps__WEBPACK_IMPORTED_MODULE_0__[\"setAmount\"])({\n    amount,\n    max: isMaxAmount,\n});\nObject(_actions_steps__WEBPACK_IMPORTED_MODULE_0__[\"doConfirm\"])({\n    hasApproval,\n    actionName: _actionName,\n    assetName: _shortName,\n});",
                  "err": {},
                  "uuid": "5d14454b-6185-496e-a9db-6bcfc49ed126",
                  "parentUUID": "04669d38-9710-4928-ac6f-bbd7eade7ddd",
                  "isHook": false,
                  "skipped": false
                },
                {
                  "title": "Close modal popup",
                  "fullTitle": "Swap from USDC to FEI Supply process for ETH Close modal popup",
                  "timedOut": null,
                  "duration": 882,
                  "state": "passed",
                  "speed": "slow",
                  "pass": true,
                  "fail": false,
                  "pending": false,
                  "context": null,
                  "code": "cy.get('[data-cy=closeButton]').should('not.be.disabled').click();\ncy.get('[data-cy=Modal]').should('not.exist');",
                  "err": {},
                  "uuid": "2b74dcfc-2ac1-484b-9872-52f02d5a5c8f",
                  "parentUUID": "04669d38-9710-4928-ac6f-bbd7eade7ddd",
                  "isHook": false,
                  "skipped": false
                }
              ],
              "suites": [],
              "passes": [
                "928e91f7-24a3-453a-9495-b5fff5fb814d",
                "5d14454b-6185-496e-a9db-6bcfc49ed126",
                "2b74dcfc-2ac1-484b-9872-52f02d5a5c8f"
              ],
              "failures": [],
              "pending": [],
              "skipped": [],
              "duration": 19087,
              "root": false,
              "rootEmpty": false,
              "_timeout": 2000
            },
            {
              "uuid": "c300eefc-b9b7-4046-af51-67a816fc5243",
              "title": "Borrow process for USDC",
              "fullFile": "",
              "file": "",
              "beforeHooks": [],
              "afterHooks": [],
              "tests": [
                {
                  "title": "Open USDC borrow popup view",
                  "fullTitle": "Swap from USDC to FEI Borrow process for USDC Open USDC borrow popup view",
                  "timedOut": null,
                  "duration": 7332,
                  "state": "passed",
                  "speed": "slow",
                  "pass": true,
                  "fail": false,
                  "pending": false,
                  "context": null,
                  "code": "Object(_actions_steps__WEBPACK_IMPORTED_MODULE_0__[\"doSwitchToDashboardBorrowView\"])();\ncy.wait(4000);\ncy.get(`[data-cy='dashboardBorrowListItem_${_shortName.toUpperCase()}']`)\n    .contains('Borrow')\n    .should('not.be.disabled')\n    .click();\ncy.get(`[data-cy=Modal] h2:contains(\"Borrow ${_shortName}\")`).should('be.visible');",
                  "err": {},
                  "uuid": "e352cdcc-de19-4928-bbe4-520ba4aae6a5",
                  "parentUUID": "c300eefc-b9b7-4046-af51-67a816fc5243",
                  "isHook": false,
                  "skipped": false
                },
                {
                  "title": "Choose Default borrow option",
                  "fullTitle": "Swap from USDC to FEI Borrow process for USDC Choose Default borrow option",
                  "timedOut": null,
                  "duration": 29,
                  "state": "passed",
                  "speed": "fast",
                  "pass": true,
                  "fail": false,
                  "pending": false,
                  "context": null,
                  "code": "switch (apyType) {\n    case _fixtures_constans_json__WEBPACK_IMPORTED_MODULE_1__.borrowAPYType.variable:\n        cy.get('[data-cy=Modal] [role=group] button p')\n            .contains('Variable')\n            .click({ force: true });\n        break;\n    case _fixtures_constans_json__WEBPACK_IMPORTED_MODULE_1__.borrowAPYType.stable:\n        cy.get('[data-cy=Modal] [role=group] button p').contains('Stable').click({ force: true });\n        break;\n    default:\n        break;\n}",
                  "err": {},
                  "uuid": "cafb4759-a826-4401-baea-017adefa42d9",
                  "parentUUID": "c300eefc-b9b7-4046-af51-67a816fc5243",
                  "isHook": false,
                  "skipped": false
                },
                {
                  "title": "Borrow 5 amount for USDC",
                  "fullTitle": "Swap from USDC to FEI Borrow process for USDC Borrow 5 amount for USDC",
                  "timedOut": null,
                  "duration": 954,
                  "state": "passed",
                  "speed": "slow",
                  "pass": true,
                  "fail": false,
                  "pending": false,
                  "context": null,
                  "code": "Object(_actions_steps__WEBPACK_IMPORTED_MODULE_0__[\"setAmount\"])({\n    amount,\n    max: isMaxAmount,\n});",
                  "err": {},
                  "uuid": "8aff86f8-cf47-4938-984e-b7d5ad0ad3fd",
                  "parentUUID": "c300eefc-b9b7-4046-af51-67a816fc5243",
                  "isHook": false,
                  "skipped": false
                },
                {
                  "title": "Confirmation process",
                  "fullTitle": "Swap from USDC to FEI Borrow process for USDC Confirmation process",
                  "timedOut": null,
                  "duration": 9183,
                  "state": "passed",
                  "speed": "slow",
                  "pass": true,
                  "fail": false,
                  "pending": false,
                  "context": null,
                  "code": "Object(_actions_steps__WEBPACK_IMPORTED_MODULE_0__[\"doConfirm\"])({\n    hasApproval,\n    actionName: _actionName,\n    assetName: _shortName,\n});",
                  "err": {},
                  "uuid": "4e7f9457-311b-43a7-8d82-1202ed3a58b2",
                  "parentUUID": "c300eefc-b9b7-4046-af51-67a816fc5243",
                  "isHook": false,
                  "skipped": false
                },
                {
                  "title": "Close modal popup",
                  "fullTitle": "Swap from USDC to FEI Borrow process for USDC Close modal popup",
                  "timedOut": null,
                  "duration": 3123,
                  "state": "passed",
                  "speed": "slow",
                  "pass": true,
                  "fail": false,
                  "pending": false,
                  "context": null,
                  "code": "cy.get('[data-cy=closeButton]').should('not.be.disabled').click();\ncy.get('[data-cy=Modal]').should('not.exist');",
                  "err": {},
                  "uuid": "05f130aa-f635-41d1-a505-19ff3038aef4",
                  "parentUUID": "c300eefc-b9b7-4046-af51-67a816fc5243",
                  "isHook": false,
                  "skipped": false
                }
              ],
              "suites": [],
              "passes": [
                "e352cdcc-de19-4928-bbe4-520ba4aae6a5",
                "cafb4759-a826-4401-baea-017adefa42d9",
                "8aff86f8-cf47-4938-984e-b7d5ad0ad3fd",
                "4e7f9457-311b-43a7-8d82-1202ed3a58b2",
                "05f130aa-f635-41d1-a505-19ff3038aef4"
              ],
              "failures": [],
              "pending": [],
              "skipped": [],
              "duration": 20621,
              "root": false,
              "rootEmpty": false,
              "_timeout": 2000
            },
            {
              "uuid": "61c30aeb-a91c-4150-92b3-32d44a55e141",
              "title": "Supply process for USDC",
              "fullFile": "",
              "file": "",
              "beforeHooks": [],
              "afterHooks": [],
              "tests": [
                {
                  "title": "Open USDC supply popup view",
                  "fullTitle": "Swap from USDC to FEI Supply process for USDC Open USDC supply popup view",
                  "timedOut": null,
                  "duration": 1235,
                  "state": "passed",
                  "speed": "slow",
                  "pass": true,
                  "fail": false,
                  "pending": false,
                  "context": null,
                  "code": "Object(_actions_steps__WEBPACK_IMPORTED_MODULE_0__[\"doSwitchToDashboardSupplyView\"])();\ncy.get(`[data-cy='dashboardSupplyListItem_${_shortName.toUpperCase()}']`)\n    .find('button:contains(\"Supply\")')\n    .click();\ncy.get(`[data-cy=Modal] h2:contains(\"Supply ${_shortName}\")`).should('be.visible');",
                  "err": {},
                  "uuid": "edebb19a-caba-4e56-93b9-7c767ac644f5",
                  "parentUUID": "61c30aeb-a91c-4150-92b3-32d44a55e141",
                  "isHook": false,
                  "skipped": false
                },
                {
                  "title": "Supply 5 amount for USDC",
                  "fullTitle": "Swap from USDC to FEI Supply process for USDC Supply 5 amount for USDC",
                  "timedOut": null,
                  "duration": 16331,
                  "state": "passed",
                  "speed": "slow",
                  "pass": true,
                  "fail": false,
                  "pending": false,
                  "context": null,
                  "code": "Object(_actions_steps__WEBPACK_IMPORTED_MODULE_0__[\"setAmount\"])({\n    amount,\n    max: isMaxAmount,\n});\nObject(_actions_steps__WEBPACK_IMPORTED_MODULE_0__[\"doConfirm\"])({\n    hasApproval,\n    actionName: _actionName,\n    assetName: _shortName,\n});",
                  "err": {},
                  "uuid": "0c8de0f9-ec89-4351-a935-c544e2054ba9",
                  "parentUUID": "61c30aeb-a91c-4150-92b3-32d44a55e141",
                  "isHook": false,
                  "skipped": false
                },
                {
                  "title": "Close modal popup",
                  "fullTitle": "Swap from USDC to FEI Supply process for USDC Close modal popup",
                  "timedOut": null,
                  "duration": 888,
                  "state": "passed",
                  "speed": "slow",
                  "pass": true,
                  "fail": false,
                  "pending": false,
                  "context": null,
                  "code": "cy.get('[data-cy=closeButton]').should('not.be.disabled').click();\ncy.get('[data-cy=Modal]').should('not.exist');",
                  "err": {},
                  "uuid": "0f9171dc-dc2a-4f05-89be-b560a3f5aa9e",
                  "parentUUID": "61c30aeb-a91c-4150-92b3-32d44a55e141",
                  "isHook": false,
                  "skipped": false
                }
              ],
              "suites": [],
              "passes": [
                "edebb19a-caba-4e56-93b9-7c767ac644f5",
                "0c8de0f9-ec89-4351-a935-c544e2054ba9",
                "0f9171dc-dc2a-4f05-89be-b560a3f5aa9e"
              ],
              "failures": [],
              "pending": [],
              "skipped": [],
              "duration": 18454,
              "root": false,
              "rootEmpty": false,
              "_timeout": 2000
            },
            {
              "uuid": "39613aaf-2fc6-4c3f-afdd-1dc8f4e74dec",
              "title": "Swap 10 USDC to FEI",
              "fullFile": "",
              "file": "",
              "beforeHooks": [],
              "afterHooks": [],
              "tests": [
                {
                  "title": "Open Swap modal for USDC",
                  "fullTitle": "Swap from USDC to FEI Swap 10 USDC to FEI Open Swap modal for USDC",
                  "timedOut": null,
                  "duration": 2505,
                  "state": "passed",
                  "speed": "slow",
                  "pass": true,
                  "fail": false,
                  "pending": false,
                  "context": null,
                  "code": "Object(_actions_steps__WEBPACK_IMPORTED_MODULE_0__[\"doSwitchToDashboardSupplyView\"])();\nObject(_actions_steps__WEBPACK_IMPORTED_MODULE_0__[\"getDashBoardDepositRow\"])({ assetName: _shortNameFrom, isCollateralType: isCollateralFromAsset })\n    .find(`[data-cy=swapButton]`)\n    .click();\ncy.get(`[data-cy=Modal] h2:contains(\"Swap ${_shortNameFrom}\")`).should('be.visible');",
                  "err": {},
                  "uuid": "06e6231a-9d89-4a0d-a532-768b0d153abd",
                  "parentUUID": "39613aaf-2fc6-4c3f-afdd-1dc8f4e74dec",
                  "isHook": false,
                  "skipped": false
                },
                {
                  "title": "Choose swapping options: swap to asset",
                  "fullTitle": "Swap from USDC to FEI Swap 10 USDC to FEI Choose swapping options: swap to asset",
                  "timedOut": null,
                  "duration": 1939,
                  "state": "passed",
                  "speed": "slow",
                  "pass": true,
                  "fail": false,
                  "pending": false,
                  "context": null,
                  "code": "cy.get('[data-cy=Modal]').as('Modal');\ncy.get('@Modal').find('[data-cy=assetSelect]').click();\ncy.get(`[data-cy=\"assetsSelectOption_${_shortNameTo.toUpperCase()}\"]`, { timeout: 10000 })\n    .scrollIntoView()\n    .should('be.visible')\n    .click();\ncy.get(`[data-cy=\"assetsSelectedOption_${_shortNameTo.toUpperCase()}\"]`, {\n    timeout: 10000,\n}).should('be.visible', { timeout: 10000 });",
                  "err": {},
                  "uuid": "063f00a6-6a7b-450f-a817-baa0804f2b0a",
                  "parentUUID": "39613aaf-2fc6-4c3f-afdd-1dc8f4e74dec",
                  "isHook": false,
                  "skipped": false
                },
                {
                  "title": "Make approve for 10 amount",
                  "fullTitle": "Swap from USDC to FEI Swap 10 USDC to FEI Make approve for 10 amount",
                  "timedOut": null,
                  "duration": 18530,
                  "state": "passed",
                  "speed": "slow",
                  "pass": true,
                  "fail": false,
                  "pending": false,
                  "context": null,
                  "code": "Object(_actions_steps__WEBPACK_IMPORTED_MODULE_0__[\"setAmount\"])({\n    amount,\n    max: isMaxAmount,\n});\nObject(_actions_steps__WEBPACK_IMPORTED_MODULE_0__[\"doConfirm\"])({\n    hasApproval,\n    actionName: _actionName,\n});",
                  "err": {},
                  "uuid": "be08fe2a-6237-4208-aa0b-7b718374ae4e",
                  "parentUUID": "39613aaf-2fc6-4c3f-afdd-1dc8f4e74dec",
                  "isHook": false,
                  "skipped": false
                },
                {
                  "title": "Close modal popup",
                  "fullTitle": "Swap from USDC to FEI Swap 10 USDC to FEI Close modal popup",
                  "timedOut": null,
                  "duration": 2363,
                  "state": "passed",
                  "speed": "slow",
                  "pass": true,
                  "fail": false,
                  "pending": false,
                  "context": null,
                  "code": "cy.get('[data-cy=closeButton]').should('not.be.disabled').click();\ncy.get('[data-cy=Modal]').should('not.exist');",
                  "err": {},
                  "uuid": "48c7505a-ffaa-4c9b-9e90-3ff6aa2a9aa0",
                  "parentUUID": "39613aaf-2fc6-4c3f-afdd-1dc8f4e74dec",
                  "isHook": false,
                  "skipped": false
                }
              ],
              "suites": [],
              "passes": [
                "06e6231a-9d89-4a0d-a532-768b0d153abd",
                "063f00a6-6a7b-450f-a817-baa0804f2b0a",
                "be08fe2a-6237-4208-aa0b-7b718374ae4e",
                "48c7505a-ffaa-4c9b-9e90-3ff6aa2a9aa0"
              ],
              "failures": [],
              "pending": [],
              "skipped": [],
              "duration": 25337,
              "root": false,
              "rootEmpty": false,
              "_timeout": 2000
            },
            {
              "uuid": "c0174972-3d22-4323-84db-4e3cfa16cfd5",
              "title": "Verification dashboard values",
              "fullFile": "",
              "file": "",
              "beforeHooks": [],
              "afterHooks": [],
              "tests": [],
              "suites": [
                {
                  "uuid": "1defbb4f-76e4-49d7-b819-896ab654c33c",
                  "title": "Verification FEI deposit, have right values",
                  "fullFile": "",
                  "file": "",
                  "beforeHooks": [],
                  "afterHooks": [],
                  "tests": [
                    {
                      "title": "Check that asset name is FEI,\n            with collateral type undefined\n            ",
                      "fullTitle": "Swap from USDC to FEI Verification dashboard values Verification FEI deposit, have right values Check that asset name is FEI,\n            with collateral type undefined\n            ",
                      "timedOut": null,
                      "duration": 230,
                      "state": "failed",
                      "speed": null,
                      "pass": false,
                      "fail": true,
                      "pending": false,
                      "context": null,
                      "code": "Object(_actions_steps__WEBPACK_IMPORTED_MODULE_0__[\"getDashBoardDepositRow\"])({\n    assetName: _assetName,\n    isCollateralType: estimatedCase.isCollateral,\n}).within(($row) => {\n    expect($row.find(`[data-cy=\"assetName\"]`)).to.contain(estimatedCase.assetName);\n    if (estimatedCase.isCollateral) {\n        expect($row.find('.MuiSwitch-input')).to.have.attr('checked');\n    }\n    else {\n        expect($row.find('.MuiSwitch-input')).to.not.have.attr('checked');\n    }\n    if (estimatedCase.amount) {\n        cy.get('[data-cy=nativeAmount]').contains(estimatedCase.amount.toString());\n    }\n});",
                      "err": {
                        "message": "AssertionError: expected '<input.MuiSwitch-input.PrivateSwitchBase-input.css-1m9pwf3>' not to have attribute 'checked'",
                        "estack": "AssertionError: expected '<input.MuiSwitch-input.PrivateSwitchBase-input.css-1m9pwf3>' not to have attribute 'checked'\n    at Context.eval (http://localhost:3000/__cypress/tests?p=cypress/integration/0-v2-markets/0-main-v2-market/1-swap-full/usdc.swap-full.spec.ts:49177:87)",
                        "diff": null
                      },
                      "uuid": "2b5c4171-ccc4-4591-a33e-0c86628ccc98",
                      "parentUUID": "1defbb4f-76e4-49d7-b819-896ab654c33c",
                      "isHook": false,
                      "skipped": false
                    }
                  ],
                  "suites": [],
                  "passes": [],
                  "failures": [
                    "2b5c4171-ccc4-4591-a33e-0c86628ccc98"
                  ],
                  "pending": [],
                  "skipped": [],
                  "duration": 230,
                  "root": false,
                  "rootEmpty": false,
                  "_timeout": 2000
                }
              ],
              "passes": [],
              "failures": [],
              "pending": [],
              "skipped": [],
              "duration": 0,
              "root": false,
              "rootEmpty": false,
              "_timeout": 2000
            }
          ],
          "passes": [],
          "failures": [],
          "pending": [],
          "skipped": [],
          "duration": 0,
          "root": false,
          "rootEmpty": false,
          "_timeout": 2000
        },
        {
          "uuid": "de8f38d0-4a92-4501-a2a0-8753bd097692",
          "title": "Swap from USDC to FRAX",
          "fullFile": "",
          "file": "",
          "beforeHooks": [],
          "afterHooks": [],
          "tests": [],
          "suites": [
            {
              "uuid": "1ca8bbc3-2a74-4ce1-9d52-9f6ae3046b96",
              "title": "Supply process for ETH",
              "fullFile": "",
              "file": "",
              "beforeHooks": [],
              "afterHooks": [],
              "tests": [
                {
                  "title": "Open ETH supply popup view",
                  "fullTitle": "Swap from USDC to FRAX Supply process for ETH Open ETH supply popup view",
                  "timedOut": null,
                  "duration": 7597,
                  "state": "passed",
                  "speed": "slow",
                  "pass": true,
                  "fail": false,
                  "pending": false,
                  "context": null,
                  "code": "Object(_actions_steps__WEBPACK_IMPORTED_MODULE_0__[\"doSwitchToDashboardSupplyView\"])();\ncy.get(`[data-cy='dashboardSupplyListItem_${_shortName.toUpperCase()}']`)\n    .find('button:contains(\"Supply\")')\n    .click();\ncy.get(`[data-cy=Modal] h2:contains(\"Supply ${_shortName}\")`).should('be.visible');",
                  "err": {},
                  "uuid": "0b286539-1979-429b-9441-773bd4912d3c",
                  "parentUUID": "1ca8bbc3-2a74-4ce1-9d52-9f6ae3046b96",
                  "isHook": false,
                  "skipped": false
                },
                {
                  "title": "Supply 1000 amount for ETH",
                  "fullTitle": "Swap from USDC to FRAX Supply process for ETH Supply 1000 amount for ETH",
                  "timedOut": null,
                  "duration": 10874,
                  "state": "passed",
                  "speed": "slow",
                  "pass": true,
                  "fail": false,
                  "pending": false,
                  "context": null,
                  "code": "Object(_actions_steps__WEBPACK_IMPORTED_MODULE_0__[\"setAmount\"])({\n    amount,\n    max: isMaxAmount,\n});\nObject(_actions_steps__WEBPACK_IMPORTED_MODULE_0__[\"doConfirm\"])({\n    hasApproval,\n    actionName: _actionName,\n    assetName: _shortName,\n});",
                  "err": {},
                  "uuid": "2049e35a-0615-464e-9eb3-5310a87db5c0",
                  "parentUUID": "1ca8bbc3-2a74-4ce1-9d52-9f6ae3046b96",
                  "isHook": false,
                  "skipped": false
                },
                {
                  "title": "Close modal popup",
                  "fullTitle": "Swap from USDC to FRAX Supply process for ETH Close modal popup",
                  "timedOut": null,
                  "duration": 3054,
                  "state": "passed",
                  "speed": "slow",
                  "pass": true,
                  "fail": false,
                  "pending": false,
                  "context": null,
                  "code": "cy.get('[data-cy=closeButton]').should('not.be.disabled').click();\ncy.get('[data-cy=Modal]').should('not.exist');",
                  "err": {},
                  "uuid": "e0054330-0dad-4d1e-9a6f-74960d4f6587",
                  "parentUUID": "1ca8bbc3-2a74-4ce1-9d52-9f6ae3046b96",
                  "isHook": false,
                  "skipped": false
                }
              ],
              "suites": [],
              "passes": [
                "0b286539-1979-429b-9441-773bd4912d3c",
                "2049e35a-0615-464e-9eb3-5310a87db5c0",
                "e0054330-0dad-4d1e-9a6f-74960d4f6587"
              ],
              "failures": [],
              "pending": [],
              "skipped": [],
              "duration": 21525,
              "root": false,
              "rootEmpty": false,
              "_timeout": 2000
            },
            {
              "uuid": "4017d7a4-ae78-412a-8bd4-e24c5e28b8dd",
              "title": "Borrow process for USDC",
              "fullFile": "",
              "file": "",
              "beforeHooks": [],
              "afterHooks": [],
              "tests": [
                {
                  "title": "Open USDC borrow popup view",
                  "fullTitle": "Swap from USDC to FRAX Borrow process for USDC Open USDC borrow popup view",
                  "timedOut": null,
                  "duration": 5910,
                  "state": "passed",
                  "speed": "slow",
                  "pass": true,
                  "fail": false,
                  "pending": false,
                  "context": null,
                  "code": "Object(_actions_steps__WEBPACK_IMPORTED_MODULE_0__[\"doSwitchToDashboardBorrowView\"])();\ncy.wait(4000);\ncy.get(`[data-cy='dashboardBorrowListItem_${_shortName.toUpperCase()}']`)\n    .contains('Borrow')\n    .should('not.be.disabled')\n    .click();\ncy.get(`[data-cy=Modal] h2:contains(\"Borrow ${_shortName}\")`).should('be.visible');",
                  "err": {},
                  "uuid": "04fcd002-6b21-42ac-8e15-dc6d14f718cc",
                  "parentUUID": "4017d7a4-ae78-412a-8bd4-e24c5e28b8dd",
                  "isHook": false,
                  "skipped": false
                },
                {
                  "title": "Choose Default borrow option",
                  "fullTitle": "Swap from USDC to FRAX Borrow process for USDC Choose Default borrow option",
                  "timedOut": null,
                  "duration": 33,
                  "state": "passed",
                  "speed": "fast",
                  "pass": true,
                  "fail": false,
                  "pending": false,
                  "context": null,
                  "code": "switch (apyType) {\n    case _fixtures_constans_json__WEBPACK_IMPORTED_MODULE_1__.borrowAPYType.variable:\n        cy.get('[data-cy=Modal] [role=group] button p')\n            .contains('Variable')\n            .click({ force: true });\n        break;\n    case _fixtures_constans_json__WEBPACK_IMPORTED_MODULE_1__.borrowAPYType.stable:\n        cy.get('[data-cy=Modal] [role=group] button p').contains('Stable').click({ force: true });\n        break;\n    default:\n        break;\n}",
                  "err": {},
                  "uuid": "721d7c1f-2fdd-4f24-a075-fa25cfd6e4b2",
                  "parentUUID": "4017d7a4-ae78-412a-8bd4-e24c5e28b8dd",
                  "isHook": false,
                  "skipped": false
                },
                {
                  "title": "Borrow 5 amount for USDC",
                  "fullTitle": "Swap from USDC to FRAX Borrow process for USDC Borrow 5 amount for USDC",
                  "timedOut": null,
                  "duration": 488,
                  "state": "passed",
                  "speed": "slow",
                  "pass": true,
                  "fail": false,
                  "pending": false,
                  "context": null,
                  "code": "Object(_actions_steps__WEBPACK_IMPORTED_MODULE_0__[\"setAmount\"])({\n    amount,\n    max: isMaxAmount,\n});",
                  "err": {},
                  "uuid": "fbecddde-915a-4049-b2ef-74b7a4a3f193",
                  "parentUUID": "4017d7a4-ae78-412a-8bd4-e24c5e28b8dd",
                  "isHook": false,
                  "skipped": false
                },
                {
                  "title": "Confirmation process",
                  "fullTitle": "Swap from USDC to FRAX Borrow process for USDC Confirmation process",
                  "timedOut": null,
                  "duration": 11320,
                  "state": "passed",
                  "speed": "slow",
                  "pass": true,
                  "fail": false,
                  "pending": false,
                  "context": null,
                  "code": "Object(_actions_steps__WEBPACK_IMPORTED_MODULE_0__[\"doConfirm\"])({\n    hasApproval,\n    actionName: _actionName,\n    assetName: _shortName,\n});",
                  "err": {},
                  "uuid": "ea4b7897-c772-4bd4-8919-5ab84e24ad99",
                  "parentUUID": "4017d7a4-ae78-412a-8bd4-e24c5e28b8dd",
                  "isHook": false,
                  "skipped": false
                },
                {
                  "title": "Close modal popup",
                  "fullTitle": "Swap from USDC to FRAX Borrow process for USDC Close modal popup",
                  "timedOut": null,
                  "duration": 5601,
                  "state": "passed",
                  "speed": "slow",
                  "pass": true,
                  "fail": false,
                  "pending": false,
                  "context": null,
                  "code": "cy.get('[data-cy=closeButton]').should('not.be.disabled').click();\ncy.get('[data-cy=Modal]').should('not.exist');",
                  "err": {},
                  "uuid": "0326bde1-5384-442c-9478-68fe5dd1cd31",
                  "parentUUID": "4017d7a4-ae78-412a-8bd4-e24c5e28b8dd",
                  "isHook": false,
                  "skipped": false
                }
              ],
              "suites": [],
              "passes": [
                "04fcd002-6b21-42ac-8e15-dc6d14f718cc",
                "721d7c1f-2fdd-4f24-a075-fa25cfd6e4b2",
                "fbecddde-915a-4049-b2ef-74b7a4a3f193",
                "ea4b7897-c772-4bd4-8919-5ab84e24ad99",
                "0326bde1-5384-442c-9478-68fe5dd1cd31"
              ],
              "failures": [],
              "pending": [],
              "skipped": [],
              "duration": 23352,
              "root": false,
              "rootEmpty": false,
              "_timeout": 2000
            },
            {
              "uuid": "0f1b53c2-fd7d-4154-bdd0-d490da0c7b11",
              "title": "Supply process for USDC",
              "fullFile": "",
              "file": "",
              "beforeHooks": [],
              "afterHooks": [],
              "tests": [
                {
                  "title": "Open USDC supply popup view",
                  "fullTitle": "Swap from USDC to FRAX Supply process for USDC Open USDC supply popup view",
                  "timedOut": null,
                  "duration": 1245,
                  "state": "passed",
                  "speed": "slow",
                  "pass": true,
                  "fail": false,
                  "pending": false,
                  "context": null,
                  "code": "Object(_actions_steps__WEBPACK_IMPORTED_MODULE_0__[\"doSwitchToDashboardSupplyView\"])();\ncy.get(`[data-cy='dashboardSupplyListItem_${_shortName.toUpperCase()}']`)\n    .find('button:contains(\"Supply\")')\n    .click();\ncy.get(`[data-cy=Modal] h2:contains(\"Supply ${_shortName}\")`).should('be.visible');",
                  "err": {},
                  "uuid": "60961c9a-0582-4624-b5ac-624c4163e552",
                  "parentUUID": "0f1b53c2-fd7d-4154-bdd0-d490da0c7b11",
                  "isHook": false,
                  "skipped": false
                },
                {
                  "title": "Supply 5 amount for USDC",
                  "fullTitle": "Swap from USDC to FRAX Supply process for USDC Supply 5 amount for USDC",
                  "timedOut": null,
                  "duration": 16769,
                  "state": "passed",
                  "speed": "slow",
                  "pass": true,
                  "fail": false,
                  "pending": false,
                  "context": null,
                  "code": "Object(_actions_steps__WEBPACK_IMPORTED_MODULE_0__[\"setAmount\"])({\n    amount,\n    max: isMaxAmount,\n});\nObject(_actions_steps__WEBPACK_IMPORTED_MODULE_0__[\"doConfirm\"])({\n    hasApproval,\n    actionName: _actionName,\n    assetName: _shortName,\n});",
                  "err": {},
                  "uuid": "527fc37b-9c45-4751-bcbd-c80300e86ff7",
                  "parentUUID": "0f1b53c2-fd7d-4154-bdd0-d490da0c7b11",
                  "isHook": false,
                  "skipped": false
                },
                {
                  "title": "Close modal popup",
                  "fullTitle": "Swap from USDC to FRAX Supply process for USDC Close modal popup",
                  "timedOut": null,
                  "duration": 2845,
                  "state": "passed",
                  "speed": "slow",
                  "pass": true,
                  "fail": false,
                  "pending": false,
                  "context": null,
                  "code": "cy.get('[data-cy=closeButton]').should('not.be.disabled').click();\ncy.get('[data-cy=Modal]').should('not.exist');",
                  "err": {},
                  "uuid": "48c58d84-46c9-4ee8-90ca-8631a32e5501",
                  "parentUUID": "0f1b53c2-fd7d-4154-bdd0-d490da0c7b11",
                  "isHook": false,
                  "skipped": false
                }
              ],
              "suites": [],
              "passes": [
                "60961c9a-0582-4624-b5ac-624c4163e552",
                "527fc37b-9c45-4751-bcbd-c80300e86ff7",
                "48c58d84-46c9-4ee8-90ca-8631a32e5501"
              ],
              "failures": [],
              "pending": [],
              "skipped": [],
              "duration": 20859,
              "root": false,
              "rootEmpty": false,
              "_timeout": 2000
            },
            {
              "uuid": "03a85598-ea34-4049-9c2a-dec77f5c3b02",
              "title": "Swap 10 USDC to FRAX",
              "fullFile": "",
              "file": "",
              "beforeHooks": [],
              "afterHooks": [],
              "tests": [
                {
                  "title": "Open Swap modal for USDC",
                  "fullTitle": "Swap from USDC to FRAX Swap 10 USDC to FRAX Open Swap modal for USDC",
                  "timedOut": null,
[...]
                  "fail": false,
                  "pending": false,
                  "context": null,
                  "code": "cy.get('[data-cy=closeButton]').should('not.be.disabled').click();\ncy.get('[data-cy=Modal]').should('not.exist');",
                  "err": {},
                  "uuid": "852db201-42f2-4a10-afb1-721f7aec5393",
                  "parentUUID": "85d44869-94a6-44d3-ab13-39ff6ec31ba5",
                  "isHook": false,
                  "skipped": false
                }
              ],
              "suites": [],
              "passes": [
                "d80cc534-103b-4451-8992-a5b73cb5f94a",
                "3b0994bb-a4dd-4ca6-b5d5-3b136407aee1",
                "852db201-42f2-4a10-afb1-721f7aec5393"
              ],
              "failures": [],
              "pending": [],
              "skipped": [],
              "duration": 23540,
              "root": false,
              "rootEmpty": false,
              "_timeout": 2000
            },
            {
              "uuid": "a8133320-ae81-43d2-bca6-eb8586be5349",
              "title": "Borrow process for USDC",
              "fullFile": "",
              "file": "",
              "beforeHooks": [],
              "afterHooks": [],
              "tests": [
                {
                  "title": "Open USDC borrow popup view",
                  "fullTitle": "Swap from USDC to WETH Borrow process for USDC Open USDC borrow popup view",
                  "timedOut": null,
                  "duration": 6291,
                  "state": "passed",
                  "speed": "slow",
                  "pass": true,
                  "fail": false,
                  "pending": false,
                  "context": null,
                  "code": "Object(_actions_steps__WEBPACK_IMPORTED_MODULE_0__[\"doSwitchToDashboardBorrowView\"])();\ncy.wait(4000);\ncy.get(`[data-cy='dashboardBorrowListItem_${_shortName.toUpperCase()}']`)\n    .contains('Borrow')\n    .should('not.be.disabled')\n    .click();\ncy.get(`[data-cy=Modal] h2:contains(\"Borrow ${_shortName}\")`).should('be.visible');",
                  "err": {},
                  "uuid": "3df0cba4-ebe9-4112-8b67-66390c0fac88",
                  "parentUUID": "a8133320-ae81-43d2-bca6-eb8586be5349",
                  "isHook": false,
                  "skipped": false
                },
                {
                  "title": "Choose Default borrow option",
                  "fullTitle": "Swap from USDC to WETH Borrow process for USDC Choose Default borrow option",
                  "timedOut": null,
                  "duration": 44,
                  "state": "passed",
                  "speed": "medium",
                  "pass": true,
                  "fail": false,
                  "pending": false,
                  "context": null,
                  "code": "switch (apyType) {\n    case _fixtures_constans_json__WEBPACK_IMPORTED_MODULE_1__.borrowAPYType.variable:\n        cy.get('[data-cy=Modal] [role=group] button p')\n            .contains('Variable')\n            .click({ force: true });\n        break;\n    case _fixtures_constans_json__WEBPACK_IMPORTED_MODULE_1__.borrowAPYType.stable:\n        cy.get('[data-cy=Modal] [role=group] button p').contains('Stable').click({ force: true });\n        break;\n    default:\n        break;\n}",
                  "err": {},
                  "uuid": "94c89ba1-0223-4604-8a84-6244b31014fd",
                  "parentUUID": "a8133320-ae81-43d2-bca6-eb8586be5349",
                  "isHook": false,
                  "skipped": false
                },
                {
                  "title": "Borrow 5 amount for USDC",
                  "fullTitle": "Swap from USDC to WETH Borrow process for USDC Borrow 5 amount for USDC",
                  "timedOut": null,
                  "duration": 1053,
                  "state": "passed",
                  "speed": "slow",
                  "pass": true,
                  "fail": false,
                  "pending": false,
                  "context": null,
                  "code": "Object(_actions_steps__WEBPACK_IMPORTED_MODULE_0__[\"setAmount\"])({\n    amount,\n    max: isMaxAmount,\n});",
                  "err": {},
                  "uuid": "db257896-5500-4a53-ae9d-845d6e20745b",
                  "parentUUID": "a8133320-ae81-43d2-bca6-eb8586be5349",
                  "isHook": false,
                  "skipped": false
                },
                {
                  "title": "Confirmation process",
                  "fullTitle": "Swap from USDC to WETH Borrow process for USDC Confirmation process",
                  "timedOut": null,
                  "duration": 10919,
                  "state": "passed",
                  "speed": "slow",
                  "pass": true,
                  "fail": false,
                  "pending": false,
                  "context": null,
                  "code": "Object(_actions_steps__WEBPACK_IMPORTED_MODULE_0__[\"doConfirm\"])({\n    hasApproval,\n    actionName: _actionName,\n    assetName: _shortName,\n});",
                  "err": {},
                  "uuid": "168ef578-5b68-4ebb-9707-7fdad794c0ed",
                  "parentUUID": "a8133320-ae81-43d2-bca6-eb8586be5349",
                  "isHook": false,
                  "skipped": false
                },
                {
                  "title": "Close modal popup",
                  "fullTitle": "Swap from USDC to WETH Borrow process for USDC Close modal popup",
                  "timedOut": null,
                  "duration": 1717,
                  "state": "passed",
                  "speed": "slow",
                  "pass": true,
                  "fail": false,
                  "pending": false,
                  "context": null,
                  "code": "cy.get('[data-cy=closeButton]').should('not.be.disabled').click();\ncy.get('[data-cy=Modal]').should('not.exist');",
                  "err": {},
                  "uuid": "a89a010c-0537-493a-bfe3-8e8a66a697d9",
                  "parentUUID": "a8133320-ae81-43d2-bca6-eb8586be5349",
                  "isHook": false,
                  "skipped": false
                }
              ],
              "suites": [],
              "passes": [
                "3df0cba4-ebe9-4112-8b67-66390c0fac88",
                "94c89ba1-0223-4604-8a84-6244b31014fd",
                "db257896-5500-4a53-ae9d-845d6e20745b",
                "168ef578-5b68-4ebb-9707-7fdad794c0ed",
                "a89a010c-0537-493a-bfe3-8e8a66a697d9"
              ],
              "failures": [],
              "pending": [],
              "skipped": [],
              "duration": 20024,
              "root": false,
              "rootEmpty": false,
              "_timeout": 2000
            },
            {
              "uuid": "09bf4569-8f9e-4710-a842-90622ca27ad2",
              "title": "Supply process for USDC",
              "fullFile": "",
              "file": "",
              "beforeHooks": [],
              "afterHooks": [],
              "tests": [
                {
                  "title": "Open USDC supply popup view",
                  "fullTitle": "Swap from USDC to WETH Supply process for USDC Open USDC supply popup view",
                  "timedOut": null,
                  "duration": 2800,
                  "state": "passed",
                  "speed": "slow",
                  "pass": true,
                  "fail": false,
                  "pending": false,
                  "context": null,
                  "code": "Object(_actions_steps__WEBPACK_IMPORTED_MODULE_0__[\"doSwitchToDashboardSupplyView\"])();\ncy.get(`[data-cy='dashboardSupplyListItem_${_shortName.toUpperCase()}']`)\n    .find('button:contains(\"Supply\")')\n    .click();\ncy.get(`[data-cy=Modal] h2:contains(\"Supply ${_shortName}\")`).should('be.visible');",
                  "err": {},
                  "uuid": "c808c775-3b2f-4d5c-83be-55a030dd2404",
                  "parentUUID": "09bf4569-8f9e-4710-a842-90622ca27ad2",
                  "isHook": false,
                  "skipped": false
                },
                {
                  "title": "Supply 5 amount for USDC",
                  "fullTitle": "Swap from USDC to WETH Supply process for USDC Supply 5 amount for USDC",
                  "timedOut": null,
                  "duration": 17439,
                  "state": "passed",
                  "speed": "slow",
                  "pass": true,
                  "fail": false,
                  "pending": false,
                  "context": null,
                  "code": "Object(_actions_steps__WEBPACK_IMPORTED_MODULE_0__[\"setAmount\"])({\n    amount,\n    max: isMaxAmount,\n});\nObject(_actions_steps__WEBPACK_IMPORTED_MODULE_0__[\"doConfirm\"])({\n    hasApproval,\n    actionName: _actionName,\n    assetName: _shortName,\n});",
                  "err": {},
                  "uuid": "df8026a3-cd0a-4ae3-adda-21c0a09b975b",
                  "parentUUID": "09bf4569-8f9e-4710-a842-90622ca27ad2",
                  "isHook": false,
                  "skipped": false
                },
                {
                  "title": "Close modal popup",
                  "fullTitle": "Swap from USDC to WETH Supply process for USDC Close modal popup",
                  "timedOut": null,
                  "duration": 4553,
                  "state": "passed",
                  "speed": "slow",
                  "pass": true,
                  "fail": false,
                  "pending": false,
                  "context": null,
                  "code": "cy.get('[data-cy=closeButton]').should('not.be.disabled').click();\ncy.get('[data-cy=Modal]').should('not.exist');",
                  "err": {},
                  "uuid": "e3e5a087-6d55-4c9c-871b-36b4dbc8d155",
                  "parentUUID": "09bf4569-8f9e-4710-a842-90622ca27ad2",
                  "isHook": false,
                  "skipped": false
                }
              ],
              "suites": [],
              "passes": [
                "c808c775-3b2f-4d5c-83be-55a030dd2404",
                "df8026a3-cd0a-4ae3-adda-21c0a09b975b",
                "e3e5a087-6d55-4c9c-871b-36b4dbc8d155"
              ],
              "failures": [],
              "pending": [],
              "skipped": [],
              "duration": 24792,
              "root": false,
              "rootEmpty": false,
              "_timeout": 2000
            },
            {
              "uuid": "5a844b29-f7e9-4545-a668-24dae342cbd8",
              "title": "Swap 10 USDC to WETH",
              "fullFile": "",
              "file": "",
              "beforeHooks": [],
              "afterHooks": [],
              "tests": [
                {
                  "title": "Open Swap modal for USDC",
                  "fullTitle": "Swap from USDC to WETH Swap 10 USDC to WETH Open Swap modal for USDC",
                  "timedOut": null,
                  "duration": 1154,
                  "state": "passed",
                  "speed": "slow",
                  "pass": true,
                  "fail": false,
                  "pending": false,
                  "context": null,
                  "code": "Object(_actions_steps__WEBPACK_IMPORTED_MODULE_0__[\"doSwitchToDashboardSupplyView\"])();\nObject(_actions_steps__WEBPACK_IMPORTED_MODULE_0__[\"getDashBoardDepositRow\"])({ assetName: _shortNameFrom, isCollateralType: isCollateralFromAsset })\n    .find(`[data-cy=swapButton]`)\n    .click();\ncy.get(`[data-cy=Modal] h2:contains(\"Swap ${_shortNameFrom}\")`).should('be.visible');",
                  "err": {},
                  "uuid": "cbcf761e-c1a4-42be-8979-723fbe31c30f",
                  "parentUUID": "5a844b29-f7e9-4545-a668-24dae342cbd8",
                  "isHook": false,
                  "skipped": false
                },
                {
                  "title": "Choose swapping options: swap to asset",
                  "fullTitle": "Swap from USDC to WETH Swap 10 USDC to WETH Choose swapping options: swap to asset",
                  "timedOut": null,
                  "duration": 1928,
                  "state": "passed",
                  "speed": "slow",
                  "pass": true,
                  "fail": false,
                  "pending": false,
                  "context": null,
                  "code": "cy.get('[data-cy=Modal]').as('Modal');\ncy.get('@Modal').find('[data-cy=assetSelect]').click();\ncy.get(`[data-cy=\"assetsSelectOption_${_shortNameTo.toUpperCase()}\"]`, { timeout: 10000 })\n    .scrollIntoView()\n    .should('be.visible')\n    .click();\ncy.get(`[data-cy=\"assetsSelectedOption_${_shortNameTo.toUpperCase()}\"]`, {\n    timeout: 10000,\n}).should('be.visible', { timeout: 10000 });",
                  "err": {},
                  "uuid": "55c831eb-f2d9-4172-9d8d-e8c1192c7cdf",
                  "parentUUID": "5a844b29-f7e9-4545-a668-24dae342cbd8",
                  "isHook": false,
                  "skipped": false
                },
                {
                  "title": "Make approve for 10 amount",
                  "fullTitle": "Swap from USDC to WETH Swap 10 USDC to WETH Make approve for 10 amount",
                  "timedOut": null,
                  "duration": 28242,
                  "state": "passed",
                  "speed": "slow",
                  "pass": true,
                  "fail": false,
                  "pending": false,
                  "context": null,
                  "code": "Object(_actions_steps__WEBPACK_IMPORTED_MODULE_0__[\"setAmount\"])({\n    amount,\n    max: isMaxAmount,\n});\nObject(_actions_steps__WEBPACK_IMPORTED_MODULE_0__[\"doConfirm\"])({\n    hasApproval,\n    actionName: _actionName,\n});",
                  "err": {},
                  "uuid": "31d0627e-5a71-4165-997d-f500b0b884d1",
                  "parentUUID": "5a844b29-f7e9-4545-a668-24dae342cbd8",
                  "isHook": false,
                  "skipped": false
                },
                {
                  "title": "Close modal popup",
                  "fullTitle": "Swap from USDC to WETH Swap 10 USDC to WETH Close modal popup",
                  "timedOut": null,
                  "duration": 4286,
                  "state": "passed",
                  "speed": "slow",
                  "pass": true,
                  "fail": false,
                  "pending": false,
                  "context": null,
                  "code": "cy.get('[data-cy=closeButton]').should('not.be.disabled').click();\ncy.get('[data-cy=Modal]').should('not.exist');",
                  "err": {},
                  "uuid": "8d20bcbb-9a84-40b4-98be-6c3f9b29356b",
                  "parentUUID": "5a844b29-f7e9-4545-a668-24dae342cbd8",
                  "isHook": false,
                  "skipped": false
                }
              ],
              "suites": [],
              "passes": [
                "cbcf761e-c1a4-42be-8979-723fbe31c30f",
                "55c831eb-f2d9-4172-9d8d-e8c1192c7cdf",
                "31d0627e-5a71-4165-997d-f500b0b884d1",
                "8d20bcbb-9a84-40b4-98be-6c3f9b29356b"
              ],
              "failures": [],
              "pending": [],
              "skipped": [],
              "duration": 35610,
              "root": false,
              "rootEmpty": false,
              "_timeout": 2000
            },
            {
              "uuid": "676db841-f9a6-4372-9e6b-31c2458f1c17",
              "title": "Verification dashboard values",
              "fullFile": "",
              "file": "",
              "beforeHooks": [],
              "afterHooks": [],
              "tests": [],
              "suites": [
                {
                  "uuid": "472d64a2-43aa-4425-9d28-8bc17341f260",
                  "title": "Verification WETH deposit, have right values",
                  "fullFile": "",
                  "file": "",
                  "beforeHooks": [],
                  "afterHooks": [],
                  "tests": [
                    {
                      "title": "Check that asset name is WETH,\n            with collateral type undefined\n            ",
                      "fullTitle": "Swap from USDC to WETH Verification dashboard values Verification WETH deposit, have right values Check that asset name is WETH,\n            with collateral type undefined\n            ",
                      "timedOut": null,
                      "duration": 40702,
                      "state": "failed",
                      "speed": null,
                      "pass": false,
                      "fail": true,
                      "pending": false,
                      "context": null,
                      "code": "Object(_actions_steps__WEBPACK_IMPORTED_MODULE_0__[\"getDashBoardDepositRow\"])({\n    assetName: _assetName,\n    isCollateralType: estimatedCase.isCollateral,\n}).within(($row) => {\n    expect($row.find(`[data-cy=\"assetName\"]`)).to.contain(estimatedCase.assetName);\n    if (estimatedCase.isCollateral) {\n        expect($row.find('.MuiSwitch-input')).to.have.attr('checked');\n    }\n    else {\n        expect($row.find('.MuiSwitch-input')).to.not.have.attr('checked');\n    }\n    if (estimatedCase.amount) {\n        cy.get('[data-cy=nativeAmount]').contains(estimatedCase.amount.toString());\n    }\n});",
                      "err": {
                        "message": "AssertionError: Timed out retrying after 40000ms: Expected to find element: `[data-cy*='dashboardSuppliedListItem_WETH_']`, but never found it.",
                        "estack": "AssertionError: Timed out retrying after 40000ms: Expected to find element: `[data-cy*='dashboardSuppliedListItem_WETH_']`, but never found it.\n    at getDashBoardDepositRow (http://localhost:3000/__cypress/tests?p=cypress/integration/0-v2-markets/0-main-v2-market/1-swap-full/usdc.swap-full.spec.ts:48566:19)\n    at Context.eval (http://localhost:3000/__cypress/tests?p=cypress/integration/0-v2-markets/0-main-v2-market/1-swap-full/usdc.swap-full.spec.ts:49168:106)",
                        "diff": null
                      },
                      "uuid": "97d3e51f-cdd6-4de9-b7bd-0d19e22f4e2e",
                      "parentUUID": "472d64a2-43aa-4425-9d28-8bc17341f260",
                      "isHook": false,
                      "skipped": false
                    }
                  ],
                  "suites": [],
                  "passes": [],
                  "failures": [
                    "97d3e51f-cdd6-4de9-b7bd-0d19e22f4e2e"
                  ],
                  "pending": [],
                  "skipped": [],
                  "duration": 40702,
                  "root": false,
                  "rootEmpty": false,
                  "_timeout": 2000
                }
              ],
              "passes": [],
              "failures": [],
              "pending": [],
              "skipped": [],
              "duration": 0,
              "root": false,
              "rootEmpty": false,
              "_timeout": 2000
            }
          ],
          "passes": [],
          "failures": [],
          "pending": [],
          "skipped": [],
          "duration": 0,
          "root": false,
          "rootEmpty": false,
          "_timeout": 2000
        }
      ],
      "passes": [],
      "failures": [],
      "pending": [],
      "skipped": [],
      "duration": 0,
      "root": true,
      "rootEmpty": true,
      "_timeout": 2000
    }
  ],
  "meta": {
    "mocha": {
      "version": "7.0.1"
    },
    "mochawesome": {
      "options": {
        "quiet": false,
        "reportFilename": "mochawesome",
        "saveHtml": false,
        "saveJson": true,
        "consoleReporter": "spec",
        "useInlineDiffs": false,
        "code": true
      },
      "version": "7.1.3"
    },
    "marge": {
      "options": {
        "reportDir": "cypress/results",
        "overwrite": false,
        "html": false,
        "json": true
      },
      "version": "6.2.0"
    }
  }
}