{
  "stats": {
    "suites": 231,
    "tests": 528,
    "passes": 477,
    "pending": 0,
    "failures": 51,
    "start": "2022-06-07T02:54:59.049Z",
    "end": "2022-06-07T04:36:09.011Z",
    "duration": 6069962,
    "testsRegistered": 528,
    "passPercent": 90.3409090909091,
    "pendingPercent": 0,
    "other": 0,
    "hasOther": false,
    "skipped": 0,
    "hasSkipped": false
  },
  "results": [
    {
      "uuid": "991ee79e-c4d4-4168-8925-35b68ca4a15b",
      "title": "",
      "fullFile": "cypress/integration/0-v2-markets/0-main-v2-market/1-swap-full/usdt.swap-full.spec.ts",
      "file": "cypress/integration/0-v2-markets/0-main-v2-market/1-swap-full/usdt.swap-full.spec.ts",
      "beforeHooks": [],
      "afterHooks": [],
      "tests": [],
      "suites": [
        {
          "uuid": "f5ea2166-0542-4331-9519-dfd3a732f819",
          "title": "Swap from USDT to BUSD",
          "fullFile": "",
          "file": "",
          "beforeHooks": [],
          "afterHooks": [],
          "tests": [],
          "suites": [
            {
              "uuid": "86dd2743-a63b-498d-b1db-e132819b7def",
              "title": "Supply process for ETH",
              "fullFile": "",
              "file": "",
              "beforeHooks": [],
              "afterHooks": [],
              "tests": [
                {
                  "title": "Open ETH supply popup view",
                  "fullTitle": "Swap from USDT to BUSD Supply process for ETH Open ETH supply popup view",
                  "timedOut": null,
                  "duration": 39492,
                  "state": "passed",
                  "speed": "slow",
                  "pass": true,
                  "fail": false,
                  "pending": false,
                  "context": null,
                  "code": "Object(_actions_steps__WEBPACK_IMPORTED_MODULE_0__[\"doSwitchToDashboardSupplyView\"])();\ncy.get(`[data-cy='dashboardSupplyListItem_${_shortName.toUpperCase()}']`)\n    .find('button:contains(\"Supply\")')\n    .click();\ncy.get(`[data-cy=Modal] h2:contains(\"Supply ${_shortName}\")`).should('be.visible');",
                  "err": {},
                  "uuid": "bed88a22-0709-4acc-b401-ab55577adf5f",
                  "parentUUID": "86dd2743-a63b-498d-b1db-e132819b7def",
                  "isHook": false,
                  "skipped": false
                },
                {
                  "title": "Supply 1000 amount for ETH",
                  "fullTitle": "Swap from USDT to BUSD Supply process for ETH Supply 1000 amount for ETH",
                  "timedOut": null,
                  "duration": 12161,
                  "state": "passed",
                  "speed": "slow",
                  "pass": true,
                  "fail": false,
                  "pending": false,
                  "context": null,
                  "code": "Object(_actions_steps__WEBPACK_IMPORTED_MODULE_0__[\"setAmount\"])({\n    amount,\n    max: isMaxAmount,\n});\nObject(_actions_steps__WEBPACK_IMPORTED_MODULE_0__[\"doConfirm\"])({\n    hasApproval,\n    actionName: _actionName,\n    assetName: _shortName,\n});",
                  "err": {},
                  "uuid": "c9693e94-c4c7-4d58-8cda-b11d6cf379fc",
                  "parentUUID": "86dd2743-a63b-498d-b1db-e132819b7def",
                  "isHook": false,
                  "skipped": false
                },
                {
                  "title": "Close modal popup",
                  "fullTitle": "Swap from USDT to BUSD Supply process for ETH Close modal popup",
                  "timedOut": null,
                  "duration": 2660,
                  "state": "passed",
                  "speed": "slow",
                  "pass": true,
                  "fail": false,
                  "pending": false,
                  "context": null,
                  "code": "cy.get('[data-cy=closeButton]').should('not.be.disabled').click();\ncy.get('[data-cy=Modal]').should('not.exist');",
                  "err": {},
                  "uuid": "174996dd-0840-4978-9588-4e75b0022d97",
                  "parentUUID": "86dd2743-a63b-498d-b1db-e132819b7def",
                  "isHook": false,
                  "skipped": false
                }
              ],
              "suites": [],
              "passes": [
                "bed88a22-0709-4acc-b401-ab55577adf5f",
                "c9693e94-c4c7-4d58-8cda-b11d6cf379fc",
                "174996dd-0840-4978-9588-4e75b0022d97"
              ],
              "failures": [],
              "pending": [],
              "skipped": [],
              "duration": 54313,
              "root": false,
              "rootEmpty": false,
              "_timeout": 2000
            },
            {
              "uuid": "7fec3fac-be4c-48e4-a205-13592650bd6a",
              "title": "Borrow process for USDT",
              "fullFile": "",
              "file": "",
              "beforeHooks": [],
              "afterHooks": [],
              "tests": [
                {
                  "title": "Open USDT borrow popup view",
                  "fullTitle": "Swap from USDT to BUSD Borrow process for USDT Open USDT borrow popup view",
                  "timedOut": null,
                  "duration": 6581,
                  "state": "passed",
                  "speed": "slow",
                  "pass": true,
                  "fail": false,
                  "pending": false,
                  "context": null,
                  "code": "Object(_actions_steps__WEBPACK_IMPORTED_MODULE_0__[\"doSwitchToDashboardBorrowView\"])();\ncy.wait(4000);\ncy.get(`[data-cy='dashboardBorrowListItem_${_shortName.toUpperCase()}']`)\n    .contains('Borrow')\n    .should('not.be.disabled')\n    .click();\ncy.get(`[data-cy=Modal] h2:contains(\"Borrow ${_shortName}\")`).should('be.visible');",
                  "err": {},
                  "uuid": "55dbb3dd-1181-48ea-abc1-1b9cd66d376d",
                  "parentUUID": "7fec3fac-be4c-48e4-a205-13592650bd6a",
                  "isHook": false,
                  "skipped": false
                },
                {
                  "title": "Choose Default borrow option",
                  "fullTitle": "Swap from USDT to BUSD Borrow process for USDT Choose Default borrow option",
                  "timedOut": null,
                  "duration": 15,
                  "state": "passed",
                  "speed": "fast",
                  "pass": true,
                  "fail": false,
                  "pending": false,
                  "context": null,
                  "code": "switch (apyType) {\n    case _fixtures_constans_json__WEBPACK_IMPORTED_MODULE_1__.borrowAPYType.variable:\n        cy.get('[data-cy=Modal] [role=group] button p')\n            .contains('Variable')\n            .click({ force: true });\n        break;\n    case _fixtures_constans_json__WEBPACK_IMPORTED_MODULE_1__.borrowAPYType.stable:\n        cy.get('[data-cy=Modal] [role=group] button p').contains('Stable').click({ force: true });\n        break;\n    default:\n        break;\n}",
                  "err": {},
                  "uuid": "14c1ca37-b623-40a0-bcbc-90017c976e28",
                  "parentUUID": "7fec3fac-be4c-48e4-a205-13592650bd6a",
                  "isHook": false,
                  "skipped": false
                },
                {
                  "title": "Borrow 5 amount for USDT",
                  "fullTitle": "Swap from USDT to BUSD Borrow process for USDT Borrow 5 amount for USDT",
                  "timedOut": null,
                  "duration": 877,
                  "state": "passed",
                  "speed": "slow",
                  "pass": true,
                  "fail": false,
                  "pending": false,
                  "context": null,
                  "code": "Object(_actions_steps__WEBPACK_IMPORTED_MODULE_0__[\"setAmount\"])({\n    amount,\n    max: isMaxAmount,\n});",
                  "err": {},
                  "uuid": "049c4c2c-5d56-4e1c-9724-2e9ebfa5a6ad",
                  "parentUUID": "7fec3fac-be4c-48e4-a205-13592650bd6a",
                  "isHook": false,
                  "skipped": false
                },
                {
                  "title": "Confirmation process",
                  "fullTitle": "Swap from USDT to BUSD Borrow process for USDT Confirmation process",
                  "timedOut": null,
                  "duration": 13608,
                  "state": "passed",
                  "speed": "slow",
                  "pass": true,
                  "fail": false,
                  "pending": false,
                  "context": null,
                  "code": "Object(_actions_steps__WEBPACK_IMPORTED_MODULE_0__[\"doConfirm\"])({\n    hasApproval,\n    actionName: _actionName,\n    assetName: _shortName,\n});",
                  "err": {},
                  "uuid": "688d2ebe-d0de-4e1d-ac0f-28e40485f894",
                  "parentUUID": "7fec3fac-be4c-48e4-a205-13592650bd6a",
                  "isHook": false,
                  "skipped": false
                },
                {
                  "title": "Close modal popup",
                  "fullTitle": "Swap from USDT to BUSD Borrow process for USDT Close modal popup",
                  "timedOut": null,
                  "duration": 1526,
                  "state": "passed",
                  "speed": "slow",
                  "pass": true,
                  "fail": false,
                  "pending": false,
                  "context": null,
                  "code": "cy.get('[data-cy=closeButton]').should('not.be.disabled').click();\ncy.get('[data-cy=Modal]').should('not.exist');",
                  "err": {},
                  "uuid": "365341ea-8c11-4f2c-a8d0-ec349a59dda1",
                  "parentUUID": "7fec3fac-be4c-48e4-a205-13592650bd6a",
                  "isHook": false,
                  "skipped": false
                }
              ],
              "suites": [],
              "passes": [
                "55dbb3dd-1181-48ea-abc1-1b9cd66d376d",
                "14c1ca37-b623-40a0-bcbc-90017c976e28",
                "049c4c2c-5d56-4e1c-9724-2e9ebfa5a6ad",
                "688d2ebe-d0de-4e1d-ac0f-28e40485f894",
                "365341ea-8c11-4f2c-a8d0-ec349a59dda1"
              ],
              "failures": [],
              "pending": [],
              "skipped": [],
              "duration": 22607,
              "root": false,
              "rootEmpty": false,
              "_timeout": 2000
            },
            {
              "uuid": "3409bdab-6f51-4bc4-a96f-3d79dd6d9bd6",
              "title": "Supply process for USDT",
              "fullFile": "",
              "file": "",
              "beforeHooks": [],
              "afterHooks": [],
              "tests": [
                {
                  "title": "Open USDT supply popup view",
                  "fullTitle": "Swap from USDT to BUSD Supply process for USDT Open USDT supply popup view",
                  "timedOut": null,
                  "duration": 2598,
                  "state": "passed",
                  "speed": "slow",
                  "pass": true,
                  "fail": false,
                  "pending": false,
                  "context": null,
                  "code": "Object(_actions_steps__WEBPACK_IMPORTED_MODULE_0__[\"doSwitchToDashboardSupplyView\"])();\ncy.get(`[data-cy='dashboardSupplyListItem_${_shortName.toUpperCase()}']`)\n    .find('button:contains(\"Supply\")')\n    .click();\ncy.get(`[data-cy=Modal] h2:contains(\"Supply ${_shortName}\")`).should('be.visible');",
                  "err": {},
                  "uuid": "21e94f34-34a7-4c82-b7d0-a274b08821a8",
                  "parentUUID": "3409bdab-6f51-4bc4-a96f-3d79dd6d9bd6",
                  "isHook": false,
                  "skipped": false
                },
                {
                  "title": "Supply 5 amount for USDT",
                  "fullTitle": "Swap from USDT to BUSD Supply process for USDT Supply 5 amount for USDT",
                  "timedOut": null,
                  "duration": 15876,
                  "state": "passed",
                  "speed": "slow",
                  "pass": true,
                  "fail": false,
                  "pending": false,
                  "context": null,
                  "code": "Object(_actions_steps__WEBPACK_IMPORTED_MODULE_0__[\"setAmount\"])({\n    amount,\n    max: isMaxAmount,\n});\nObject(_actions_steps__WEBPACK_IMPORTED_MODULE_0__[\"doConfirm\"])({\n    hasApproval,\n    actionName: _actionName,\n    assetName: _shortName,\n});",
                  "err": {},
                  "uuid": "70b97ab2-47f4-4ad4-a993-3450e556db0a",
                  "parentUUID": "3409bdab-6f51-4bc4-a96f-3d79dd6d9bd6",
                  "isHook": false,
                  "skipped": false
                },
                {
                  "title": "Close modal popup",
                  "fullTitle": "Swap from USDT to BUSD Supply process for USDT Close modal popup",
                  "timedOut": null,
                  "duration": 934,
                  "state": "passed",
                  "speed": "slow",
                  "pass": true,
                  "fail": false,
                  "pending": false,
                  "context": null,
                  "code": "cy.get('[data-cy=closeButton]').should('not.be.disabled').click();\ncy.get('[data-cy=Modal]').should('not.exist');",
                  "err": {},
                  "uuid": "399b3f3d-4740-4e0c-94cb-b51883f3aa0e",
                  "parentUUID": "3409bdab-6f51-4bc4-a96f-3d79dd6d9bd6",
                  "isHook": false,
                  "skipped": false
                }
              ],
              "suites": [],
              "passes": [
                "21e94f34-34a7-4c82-b7d0-a274b08821a8",
                "70b97ab2-47f4-4ad4-a993-3450e556db0a",
                "399b3f3d-4740-4e0c-94cb-b51883f3aa0e"
              ],
              "failures": [],
              "pending": [],
              "skipped": [],
              "duration": 19408,
              "root": false,
              "rootEmpty": false,
              "_timeout": 2000
            },
            {
              "uuid": "63b53624-ac6e-4b7c-8014-a1b7357db570",
              "title": "Swap 10 USDT to BUSD",
              "fullFile": "",
              "file": "",
              "beforeHooks": [],
              "afterHooks": [],
              "tests": [
                {
                  "title": "Open Swap modal for USDT",
                  "fullTitle": "Swap from USDT to BUSD Swap 10 USDT to BUSD Open Swap modal for USDT",
                  "timedOut": null,
                  "duration": 2205,
                  "state": "passed",
                  "speed": "slow",
                  "pass": true,
                  "fail": false,
                  "pending": false,
                  "context": null,
                  "code": "Object(_actions_steps__WEBPACK_IMPORTED_MODULE_0__[\"doSwitchToDashboardSupplyView\"])();\nObject(_actions_steps__WEBPACK_IMPORTED_MODULE_0__[\"getDashBoardDepositRow\"])({ assetName: _shortNameFrom, isCollateralType: isCollateralFromAsset })\n    .find(`[data-cy=swapButton]`)\n    .click();\ncy.get(`[data-cy=Modal] h2:contains(\"Swap ${_shortNameFrom}\")`).should('be.visible');",
                  "err": {},
                  "uuid": "a7968c8a-c896-4908-aecb-0b3e9b7efeae",
                  "parentUUID": "63b53624-ac6e-4b7c-8014-a1b7357db570",
                  "isHook": false,
                  "skipped": false
                },
                {
                  "title": "Choose swapping options: swap to asset",
                  "fullTitle": "Swap from USDT to BUSD Swap 10 USDT to BUSD Choose swapping options: swap to asset",
                  "timedOut": null,
                  "duration": 2048,
                  "state": "passed",
                  "speed": "slow",
                  "pass": true,
                  "fail": false,
                  "pending": false,
                  "context": null,
                  "code": "cy.get('[data-cy=Modal]').as('Modal');\ncy.get('@Modal').find('[data-cy=assetSelect]').click();\ncy.get(`[data-cy=\"assetsSelectOption_${_shortNameTo.toUpperCase()}\"]`, { timeout: 10000 })\n    .scrollIntoView()\n    .should('be.visible')\n    .click();\ncy.get(`[data-cy=\"assetsSelectedOption_${_shortNameTo.toUpperCase()}\"]`, {\n    timeout: 10000,\n}).should('be.visible', { timeout: 10000 });",
                  "err": {},
                  "uuid": "4d5c9421-a9cd-438a-884d-f6351e496899",
                  "parentUUID": "63b53624-ac6e-4b7c-8014-a1b7357db570",
                  "isHook": false,
                  "skipped": false
                },
                {
                  "title": "Make approve for 10 amount",
                  "fullTitle": "Swap from USDT to BUSD Swap 10 USDT to BUSD Make approve for 10 amount",
                  "timedOut": null,
                  "duration": 32424,
                  "state": "passed",
                  "speed": "slow",
                  "pass": true,
                  "fail": false,
                  "pending": false,
                  "context": null,
                  "code": "Object(_actions_steps__WEBPACK_IMPORTED_MODULE_0__[\"setAmount\"])({\n    amount,\n    max: isMaxAmount,\n});\nObject(_actions_steps__WEBPACK_IMPORTED_MODULE_0__[\"doConfirm\"])({\n    hasApproval,\n    actionName: _actionName,\n});",
                  "err": {},
                  "uuid": "303f595b-344b-4399-ab96-1fb36653da03",
                  "parentUUID": "63b53624-ac6e-4b7c-8014-a1b7357db570",
                  "isHook": false,
                  "skipped": false
                },
                {
                  "title": "Close modal popup",
                  "fullTitle": "Swap from USDT to BUSD Swap 10 USDT to BUSD Close modal popup",
                  "timedOut": null,
                  "duration": 2387,
                  "state": "passed",
                  "speed": "slow",
                  "pass": true,
                  "fail": false,
                  "pending": false,
                  "context": null,
                  "code": "cy.get('[data-cy=closeButton]').should('not.be.disabled').click();\ncy.get('[data-cy=Modal]').should('not.exist');",
                  "err": {},
                  "uuid": "ccf4bc3d-1b97-43d6-90c6-fa89198380f8",
                  "parentUUID": "63b53624-ac6e-4b7c-8014-a1b7357db570",
                  "isHook": false,
                  "skipped": false
                }
              ],
              "suites": [],
              "passes": [
                "a7968c8a-c896-4908-aecb-0b3e9b7efeae",
                "4d5c9421-a9cd-438a-884d-f6351e496899",
                "303f595b-344b-4399-ab96-1fb36653da03",
                "ccf4bc3d-1b97-43d6-90c6-fa89198380f8"
              ],
              "failures": [],
              "pending": [],
              "skipped": [],
              "duration": 39064,
              "root": false,
              "rootEmpty": false,
              "_timeout": 2000
            },
            {
              "uuid": "0ed9c08b-636b-449c-8042-3051bf5d05e3",
              "title": "Verification dashboard values",
              "fullFile": "",
              "file": "",
              "beforeHooks": [],
              "afterHooks": [],
              "tests": [],
              "suites": [
                {
                  "uuid": "9ed7b153-b87a-46b6-8791-07b66df25f8e",
                  "title": "Verification BUSD deposit, have right values",
                  "fullFile": "",
                  "file": "",
                  "beforeHooks": [],
                  "afterHooks": [],
                  "tests": [
                    {
                      "title": "Check that asset name is BUSD,\n            with collateral type undefined\n            ",
                      "fullTitle": "Swap from USDT to BUSD Verification dashboard values Verification BUSD deposit, have right values Check that asset name is BUSD,\n            with collateral type undefined\n            ",
                      "timedOut": null,
                      "duration": 961,
                      "state": "passed",
                      "speed": "slow",
                      "pass": true,
                      "fail": false,
                      "pending": false,
                      "context": null,
                      "code": "Object(_actions_steps__WEBPACK_IMPORTED_MODULE_0__[\"getDashBoardDepositRow\"])({\n    assetName: _assetName,\n    isCollateralType: estimatedCase.isCollateral,\n}).within(($row) => {\n    expect($row.find(`[data-cy=\"assetName\"]`)).to.contain(estimatedCase.assetName);\n    if (estimatedCase.isCollateral) {\n        expect($row.find('.MuiSwitch-input')).to.have.attr('checked');\n    }\n    else {\n        expect($row.find('.MuiSwitch-input')).to.not.have.attr('checked');\n    }\n    if (estimatedCase.amount) {\n        cy.get('[data-cy=nativeAmount]').contains(estimatedCase.amount.toString());\n    }\n});",
                      "err": {},
                      "uuid": "358e1ec2-a2b8-4beb-81f1-55f459897289",
                      "parentUUID": "9ed7b153-b87a-46b6-8791-07b66df25f8e",
                      "isHook": false,
                      "skipped": false
                    }
                  ],
                  "suites": [],
                  "passes": [
                    "358e1ec2-a2b8-4beb-81f1-55f459897289"
                  ],
                  "failures": [],
                  "pending": [],
                  "skipped": [],
                  "duration": 961,
                  "root": false,
                  "rootEmpty": false,
                  "_timeout": 2000
                }
              ],
              "passes": [],
              "failures": [],
              "pending": [],
              "skipped": [],
              "duration": 0,
              "root": false,
              "rootEmpty": false,
              "_timeout": 2000
            }
          ],
          "passes": [],
          "failures": [],
          "pending": [],
          "skipped": [],
          "duration": 0,
          "root": false,
          "rootEmpty": false,
          "_timeout": 2000
        },
        {
          "uuid": "34667738-ca7d-4bb7-aa6d-dda6338cfa60",
          "title": "Swap from USDT to DAI",
          "fullFile": "",
          "file": "",
          "beforeHooks": [],
          "afterHooks": [],
          "tests": [],
          "suites": [
            {
              "uuid": "f9384ae2-3eef-4c10-83a5-62ad073ff059",
              "title": "Supply process for ETH",
              "fullFile": "",
              "file": "",
              "beforeHooks": [],
              "afterHooks": [],
              "tests": [
                {
                  "title": "Open ETH supply popup view",
                  "fullTitle": "Swap from USDT to DAI Supply process for ETH Open ETH supply popup view",
                  "timedOut": null,
                  "duration": 7751,
                  "state": "passed",
                  "speed": "slow",
                  "pass": true,
                  "fail": false,
                  "pending": false,
                  "context": null,
                  "code": "Object(_actions_steps__WEBPACK_IMPORTED_MODULE_0__[\"doSwitchToDashboardSupplyView\"])();\ncy.get(`[data-cy='dashboardSupplyListItem_${_shortName.toUpperCase()}']`)\n    .find('button:contains(\"Supply\")')\n    .click();\ncy.get(`[data-cy=Modal] h2:contains(\"Supply ${_shortName}\")`).should('be.visible');",
                  "err": {},
                  "uuid": "08b6669b-bbfd-4708-acb1-345d33286ed0",
                  "parentUUID": "f9384ae2-3eef-4c10-83a5-62ad073ff059",
                  "isHook": false,
                  "skipped": false
                },
                {
                  "title": "Supply 1000 amount for ETH",
                  "fullTitle": "Swap from USDT to DAI Supply process for ETH Supply 1000 amount for ETH",
                  "timedOut": null,
                  "duration": 10584,
                  "state": "passed",
                  "speed": "slow",
                  "pass": true,
                  "fail": false,
                  "pending": false,
                  "context": null,
                  "code": "Object(_actions_steps__WEBPACK_IMPORTED_MODULE_0__[\"setAmount\"])({\n    amount,\n    max: isMaxAmount,\n});\nObject(_actions_steps__WEBPACK_IMPORTED_MODULE_0__[\"doConfirm\"])({\n    hasApproval,\n    actionName: _actionName,\n    assetName: _shortName,\n});",
                  "err": {},
                  "uuid": "377d4366-8e60-40d1-92b9-7f22f474f66d",
                  "parentUUID": "f9384ae2-3eef-4c10-83a5-62ad073ff059",
                  "isHook": false,
                  "skipped": false
                },
                {
                  "title": "Close modal popup",
                  "fullTitle": "Swap from USDT to DAI Supply process for ETH Close modal popup",
                  "timedOut": null,
                  "duration": 801,
                  "state": "passed",
                  "speed": "slow",
                  "pass": true,
                  "fail": false,
                  "pending": false,
                  "context": null,
                  "code": "cy.get('[data-cy=closeButton]').should('not.be.disabled').click();\ncy.get('[data-cy=Modal]').should('not.exist');",
                  "err": {},
                  "uuid": "66456558-3e5e-42e1-992e-e36e9945fc78",
                  "parentUUID": "f9384ae2-3eef-4c10-83a5-62ad073ff059",
                  "isHook": false,
                  "skipped": false
                }
              ],
              "suites": [],
              "passes": [
                "08b6669b-bbfd-4708-acb1-345d33286ed0",
                "377d4366-8e60-40d1-92b9-7f22f474f66d",
                "66456558-3e5e-42e1-992e-e36e9945fc78"
              ],
              "failures": [],
              "pending": [],
              "skipped": [],
              "duration": 19136,
              "root": false,
              "rootEmpty": false,
              "_timeout": 2000
            },
            {
              "uuid": "2dc2e36c-84dc-4183-8bff-f2d443b4f595",
              "title": "Borrow process for USDT",
              "fullFile": "",
              "file": "",
              "beforeHooks": [],
              "afterHooks": [],
              "tests": [
                {
                  "title": "Open USDT borrow popup view",
                  "fullTitle": "Swap from USDT to DAI Borrow process for USDT Open USDT borrow popup view",
                  "timedOut": null,
                  "duration": 7387,
                  "state": "passed",
                  "speed": "slow",
                  "pass": true,
                  "fail": false,
                  "pending": false,
                  "context": null,
                  "code": "Object(_actions_steps__WEBPACK_IMPORTED_MODULE_0__[\"doSwitchToDashboardBorrowView\"])();\ncy.wait(4000);\ncy.get(`[data-cy='dashboardBorrowListItem_${_shortName.toUpperCase()}']`)\n    .contains('Borrow')\n    .should('not.be.disabled')\n    .click();\ncy.get(`[data-cy=Modal] h2:contains(\"Borrow ${_shortName}\")`).should('be.visible');",
                  "err": {},
                  "uuid": "b1523704-9e8d-4eb3-8508-76136bb5a116",
                  "parentUUID": "2dc2e36c-84dc-4183-8bff-f2d443b4f595",
                  "isHook": false,
                  "skipped": false
                },
                {
                  "title": "Choose Default borrow option",
                  "fullTitle": "Swap from USDT to DAI Borrow process for USDT Choose Default borrow option",
                  "timedOut": null,
                  "duration": 16,
                  "state": "passed",
                  "speed": "fast",
                  "pass": true,
                  "fail": false,
                  "pending": false,
                  "context": null,
                  "code": "switch (apyType) {\n    case _fixtures_constans_json__WEBPACK_IMPORTED_MODULE_1__.borrowAPYType.variable:\n        cy.get('[data-cy=Modal] [role=group] button p')\n            .contains('Variable')\n            .click({ force: true });\n        break;\n    case _fixtures_constans_json__WEBPACK_IMPORTED_MODULE_1__.borrowAPYType.stable:\n        cy.get('[data-cy=Modal] [role=group] button p').contains('Stable').click({ force: true });\n        break;\n    default:\n        break;\n}",
                  "err": {},
                  "uuid": "0f848660-516e-4d33-9eb3-8918ebe4a74b",
                  "parentUUID": "2dc2e36c-84dc-4183-8bff-f2d443b4f595",
                  "isHook": false,
                  "skipped": false
                },
                {
                  "title": "Borrow 5 amount for USDT",
                  "fullTitle": "Swap from USDT to DAI Borrow process for USDT Borrow 5 amount for USDT",
                  "timedOut": null,
                  "duration": 928,
                  "state": "passed",
                  "speed": "slow",
                  "pass": true,
                  "fail": false,
                  "pending": false,
                  "context": null,
                  "code": "Object(_actions_steps__WEBPACK_IMPORTED_MODULE_0__[\"setAmount\"])({\n    amount,\n    max: isMaxAmount,\n});",
                  "err": {},
                  "uuid": "15b58b8b-913c-4c3a-9474-7a048af59965",
                  "parentUUID": "2dc2e36c-84dc-4183-8bff-f2d443b4f595",
                  "isHook": false,
                  "skipped": false
                },
                {
                  "title": "Confirmation process",
                  "fullTitle": "Swap from USDT to DAI Borrow process for USDT Confirmation process",
                  "timedOut": null,
                  "duration": 9361,
                  "state": "passed",
                  "speed": "slow",
                  "pass": true,
                  "fail": false,
                  "pending": false,
                  "context": null,
                  "code": "Object(_actions_steps__WEBPACK_IMPORTED_MODULE_0__[\"doConfirm\"])({\n    hasApproval,\n    actionName: _actionName,\n    assetName: _shortName,\n});",
                  "err": {},
                  "uuid": "11c19f3b-9ad2-45fa-a1a2-00a255523d8c",
                  "parentUUID": "2dc2e36c-84dc-4183-8bff-f2d443b4f595",
                  "isHook": false,
                  "skipped": false
                },
                {
                  "title": "Close modal popup",
                  "fullTitle": "Swap from USDT to DAI Borrow process for USDT Close modal popup",
                  "timedOut": null,
                  "duration": 2739,
                  "state": "passed",
                  "speed": "slow",
                  "pass": true,
                  "fail": false,
                  "pending": false,
                  "context": null,
                  "code": "cy.get('[data-cy=closeButton]').should('not.be.disabled').click();\ncy.get('[data-cy=Modal]').should('not.exist');",
                  "err": {},
                  "uuid": "93c0e9b7-16cb-4593-9162-cad71c60e4ea",
                  "parentUUID": "2dc2e36c-84dc-4183-8bff-f2d443b4f595",
                  "isHook": false,
                  "skipped": false
                }
              ],
              "suites": [],
              "passes": [
                "b1523704-9e8d-4eb3-8508-76136bb5a116",
                "0f848660-516e-4d33-9eb3-8918ebe4a74b",
                "15b58b8b-913c-4c3a-9474-7a048af59965",
                "11c19f3b-9ad2-45fa-a1a2-00a255523d8c",
                "93c0e9b7-16cb-4593-9162-cad71c60e4ea"
              ],
              "failures": [],
              "pending": [],
              "skipped": [],
              "duration": 20431,
              "root": false,
              "rootEmpty": false,
              "_timeout": 2000
            },
            {
              "uuid": "6ca36ffc-3b4e-480a-a22e-b24f6d9ab399",
              "title": "Supply process for USDT",
              "fullFile": "",
              "file": "",
              "beforeHooks": [],
              "afterHooks": [],
              "tests": [
                {
                  "title": "Open USDT supply popup view",
                  "fullTitle": "Swap from USDT to DAI Supply process for USDT Open USDT supply popup view",
                  "timedOut": null,
                  "duration": 2122,
                  "state": "passed",
                  "speed": "slow",
                  "pass": true,
                  "fail": false,
                  "pending": false,
                  "context": null,
                  "code": "Object(_actions_steps__WEBPACK_IMPORTED_MODULE_0__[\"doSwitchToDashboardSupplyView\"])();\ncy.get(`[data-cy='dashboardSupplyListItem_${_shortName.toUpperCase()}']`)\n    .find('button:contains(\"Supply\")')\n    .click();\ncy.get(`[data-cy=Modal] h2:contains(\"Supply ${_shortName}\")`).should('be.visible');",
                  "err": {},
                  "uuid": "bd36f344-ac0b-405c-88d1-0ef25fafd4f1",
                  "parentUUID": "6ca36ffc-3b4e-480a-a22e-b24f6d9ab399",
                  "isHook": false,
                  "skipped": false
                },
                {
                  "title": "Supply 5 amount for USDT",
                  "fullTitle": "Swap from USDT to DAI Supply process for USDT Supply 5 amount for USDT",
                  "timedOut": null,
                  "duration": 17502,
                  "state": "passed",
                  "speed": "slow",
                  "pass": true,
                  "fail": false,
                  "pending": false,
                  "context": null,
                  "code": "Object(_actions_steps__WEBPACK_IMPORTED_MODULE_0__[\"setAmount\"])({\n    amount,\n    max: isMaxAmount,\n});\nObject(_actions_steps__WEBPACK_IMPORTED_MODULE_0__[\"doConfirm\"])({\n    hasApproval,\n    actionName: _actionName,\n    assetName: _shortName,\n});",
                  "err": {},
                  "uuid": "bc6c5340-9a62-4d96-bfcb-b2df2e29de75",
                  "parentUUID": "6ca36ffc-3b4e-480a-a22e-b24f6d9ab399",
                  "isHook": false,
                  "skipped": false
                },
                {
                  "title": "Close modal popup",
                  "fullTitle": "Swap from USDT to DAI Supply process for USDT Close modal popup",
                  "timedOut": null,
                  "duration": 2839,
                  "state": "passed",
                  "speed": "slow",
                  "pass": true,
                  "fail": false,
                  "pending": false,
                  "context": null,
                  "code": "cy.get('[data-cy=closeButton]').should('not.be.disabled').click();\ncy.get('[data-cy=Modal]').should('not.exist');",
                  "err": {},
                  "uuid": "41a357e4-f75b-4b5f-b6cc-53ea4f157504",
                  "parentUUID": "6ca36ffc-3b4e-480a-a22e-b24f6d9ab399",
                  "isHook": false,
                  "skipped": false
                }
              ],
              "suites": [],
              "passes": [
                "bd36f344-ac0b-405c-88d1-0ef25fafd4f1",
                "bc6c5340-9a62-4d96-bfcb-b2df2e29de75",
                "41a357e4-f75b-4b5f-b6cc-53ea4f157504"
              ],
              "failures": [],
              "pending": [],
              "skipped": [],
              "duration": 22463,
              "root": false,
              "rootEmpty": false,
              "_timeout": 2000
            },
            {
              "uuid": "00364ee7-f3a7-4423-8475-7bc0f0e859fa",
              "title": "Swap 10 USDT to DAI",
              "fullFile": "",
              "file": "",
              "beforeHooks": [],
              "afterHooks": [],
              "tests": [
                {
                  "title": "Open Swap modal for USDT",
                  "fullTitle": "Swap from USDT to DAI Swap 10 USDT to DAI Open Swap modal for USDT",
                  "timedOut": null,
                  "duration": 1495,
                  "state": "passed",
                  "speed": "slow",
                  "pass": true,
                  "fail": false,
                  "pending": false,
                  "context": null,
                  "code": "Object(_actions_steps__WEBPACK_IMPORTED_MODULE_0__[\"doSwitchToDashboardSupplyView\"])();\nObject(_actions_steps__WEBPACK_IMPORTED_MODULE_0__[\"getDashBoardDepositRow\"])({ assetName: _shortNameFrom, isCollateralType: isCollateralFromAsset })\n    .find(`[data-cy=swapButton]`)\n    .click();\ncy.get(`[data-cy=Modal] h2:contains(\"Swap ${_shortNameFrom}\")`).should('be.visible');",
                  "err": {},
                  "uuid": "a814dd43-e0fc-4ff1-bb1e-2ba4a1ea529a",
                  "parentUUID": "00364ee7-f3a7-4423-8475-7bc0f0e859fa",
                  "isHook": false,
                  "skipped": false
                },
                {
                  "title": "Choose swapping options: swap to asset",
                  "fullTitle": "Swap from USDT to DAI Swap 10 USDT to DAI Choose swapping options: swap to asset",
                  "timedOut": null,
                  "duration": 1972,
                  "state": "passed",
                  "speed": "slow",
                  "pass": true,
                  "fail": false,
                  "pending": false,
                  "context": null,
                  "code": "cy.get('[data-cy=Modal]').as('Modal');\ncy.get('@Modal').find('[data-cy=assetSelect]').click();\ncy.get(`[data-cy=\"assetsSelectOption_${_shortNameTo.toUpperCase()}\"]`, { timeout: 10000 })\n    .scrollIntoView()\n    .should('be.visible')\n    .click();\ncy.get(`[data-cy=\"assetsSelectedOption_${_shortNameTo.toUpperCase()}\"]`, {\n    timeout: 10000,\n}).should('be.visible', { timeout: 10000 });",
                  "err": {},
                  "uuid": "e3f9d51d-e4db-4eb6-a821-32de644b6212",
                  "parentUUID": "00364ee7-f3a7-4423-8475-7bc0f0e859fa",
                  "isHook": false,
                  "skipped": false
                },
                {
                  "title": "Make approve for 10 amount",
                  "fullTitle": "Swap from USDT to DAI Swap 10 USDT to DAI Make approve for 10 amount",
                  "timedOut": null,
                  "duration": 22415,
                  "state": "passed",
                  "speed": "slow",
                  "pass": true,
                  "fail": false,
                  "pending": false,
                  "context": null,
                  "code": "Object(_actions_steps__WEBPACK_IMPORTED_MODULE_0__[\"setAmount\"])({\n    amount,\n    max: isMaxAmount,\n});\nObject(_actions_steps__WEBPACK_IMPORTED_MODULE_0__[\"doConfirm\"])({\n    hasApproval,\n    actionName: _actionName,\n});",
                  "err": {},
                  "uuid": "8396181e-2dd2-4f41-89ee-e4471ad4f453",
                  "parentUUID": "00364ee7-f3a7-4423-8475-7bc0f0e859fa",
                  "isHook": false,
                  "skipped": false
                },
                {
                  "title": "Close modal popup",
                  "fullTitle": "Swap from USDT to DAI Swap 10 USDT to DAI Close modal popup",
                  "timedOut": null,
                  "duration": 3275,
                  "state": "passed",
                  "speed": "slow",
                  "pass": true,
                  "fail": false,
                  "pending": false,
                  "context": null,
                  "code": "cy.get('[data-cy=closeButton]').should('not.be.disabled').click();\ncy.get('[data-cy=Modal]').should('not.exist');",
                  "err": {},
                  "uuid": "8ed621d0-7970-417a-a86a-fc85540fc49d",
                  "parentUUID": "00364ee7-f3a7-4423-8475-7bc0f0e859fa",
                  "isHook": false,
                  "skipped": false
                }
              ],
              "suites": [],
              "passes": [
                "a814dd43-e0fc-4ff1-bb1e-2ba4a1ea529a",
                "e3f9d51d-e4db-4eb6-a821-32de644b6212",
                "8396181e-2dd2-4f41-89ee-e4471ad4f453",
                "8ed621d0-7970-417a-a86a-fc85540fc49d"
              ],
              "failures": [],
              "pending": [],
              "skipped": [],
              "duration": 29157,
              "root": false,
              "rootEmpty": false,
              "_timeout": 2000
            },
            {
              "uuid": "5066a7d6-884c-4674-8cab-f825e1481e50",
              "title": "Verification dashboard values",
              "fullFile": "",
              "file": "",
              "beforeHooks": [],
              "afterHooks": [],
              "tests": [],
              "suites": [
                {
                  "uuid": "81447edf-e592-4699-90e1-12073a7baf7f",
                  "title": "Verification DAI deposit, have right values",
                  "fullFile": "",
                  "file": "",
                  "beforeHooks": [],
                  "afterHooks": [],
                  "tests": [
                    {
                      "title": "Check that asset name is DAI,\n            with collateral type undefined\n            ",
                      "fullTitle": "Swap from USDT to DAI Verification dashboard values Verification DAI deposit, have right values Check that asset name is DAI,\n            with collateral type undefined\n            ",
                      "timedOut": null,
                      "duration": 780,
                      "state": "failed",
                      "speed": null,
                      "pass": false,
                      "fail": true,
                      "pending": false,
                      "context": null,
                      "code": "Object(_actions_steps__WEBPACK_IMPORTED_MODULE_0__[\"getDashBoardDepositRow\"])({\n    assetName: _assetName,\n    isCollateralType: estimatedCase.isCollateral,\n}).within(($row) => {\n    expect($row.find(`[data-cy=\"assetName\"]`)).to.contain(estimatedCase.assetName);\n    if (estimatedCase.isCollateral) {\n        expect($row.find('.MuiSwitch-input')).to.have.attr('checked');\n    }\n    else {\n        expect($row.find('.MuiSwitch-input')).to.not.have.attr('checked');\n    }\n    if (estimatedCase.amount) {\n        cy.get('[data-cy=nativeAmount]').contains(estimatedCase.amount.toString());\n    }\n});",
                      "err": {
                        "message": "AssertionError: expected '<input.MuiSwitch-input.PrivateSwitchBase-input.css-1m9pwf3>' not to have attribute 'checked'",
                        "estack": "AssertionError: expected '<input.MuiSwitch-input.PrivateSwitchBase-input.css-1m9pwf3>' not to have attribute 'checked'\n    at Context.eval (http://localhost:3000/__cypress/tests?p=cypress/integration/0-v2-markets/0-main-v2-market/1-swap-full/usdt.swap-full.spec.ts:49177:87)",
                        "diff": null
                      },
                      "uuid": "fcd4bfd0-9bc6-4b5a-918e-d2c009a3f899",
                      "parentUUID": "81447edf-e592-4699-90e1-12073a7baf7f",
                      "isHook": false,
                      "skipped": false
                    }
                  ],
                  "suites": [],
                  "passes": [],
                  "failures": [
                    "fcd4bfd0-9bc6-4b5a-918e-d2c009a3f899"
                  ],
                  "pending": [],
                  "skipped": [],
                  "duration": 780,
                  "root": false,
                  "rootEmpty": false,
                  "_timeout": 2000
                }
              ],
              "passes": [],
              "failures": [],
              "pending": [],
              "skipped": [],
              "duration": 0,
              "root": false,
              "rootEmpty": false,
              "_timeout": 2000
            }
          ],
          "passes": [],
          "failures": [],
          "pending": [],
          "skipped": [],
          "duration": 0,
          "root": false,
          "rootEmpty": false,
          "_timeout": 2000
        },
        {
          "uuid": "7a05a381-f750-4713-8bc5-6240a02ffe75",
          "title": "Swap from USDT to FEI",
          "fullFile": "",
          "file": "",
          "beforeHooks": [],
          "afterHooks": [],
          "tests": [],
          "suites": [
            {
              "uuid": "af74ae2b-6bad-4702-bd1c-97d64beedd42",
              "title": "Supply process for ETH",
              "fullFile": "",
              "file": "",
              "beforeHooks": [],
              "afterHooks": [],
              "tests": [
                {
                  "title": "Open ETH supply popup view",
                  "fullTitle": "Swap from USDT to FEI Supply process for ETH Open ETH supply popup view",
                  "timedOut": null,
                  "duration": 8058,
                  "state": "passed",
                  "speed": "slow",
                  "pass": true,
                  "fail": false,
                  "pending": false,
                  "context": null,
                  "code": "Object(_actions_steps__WEBPACK_IMPORTED_MODULE_0__[\"doSwitchToDashboardSupplyView\"])();\ncy.get(`[data-cy='dashboardSupplyListItem_${_shortName.toUpperCase()}']`)\n    .find('button:contains(\"Supply\")')\n    .click();\ncy.get(`[data-cy=Modal] h2:contains(\"Supply ${_shortName}\")`).should('be.visible');",
                  "err": {},
                  "uuid": "629cbdb7-d30b-4c32-bad6-9d3635d5ae08",
                  "parentUUID": "af74ae2b-6bad-4702-bd1c-97d64beedd42",
                  "isHook": false,
                  "skipped": false
                },
                {
                  "title": "Supply 1000 amount for ETH",
                  "fullTitle": "Swap from USDT to FEI Supply process for ETH Supply 1000 amount for ETH",
                  "timedOut": null,
                  "duration": 10998,
                  "state": "passed",
                  "speed": "slow",
                  "pass": true,
                  "fail": false,
                  "pending": false,
                  "context": null,
                  "code": "Object(_actions_steps__WEBPACK_IMPORTED_MODULE_0__[\"setAmount\"])({\n    amount,\n    max: isMaxAmount,\n});\nObject(_actions_steps__WEBPACK_IMPORTED_MODULE_0__[\"doConfirm\"])({\n    hasApproval,\n    actionName: _actionName,\n    assetName: _shortName,\n});",
                  "err": {},
                  "uuid": "8079b59c-f7ee-4a54-ae36-462776e775c7",
                  "parentUUID": "af74ae2b-6bad-4702-bd1c-97d64beedd42",
                  "isHook": false,
                  "skipped": false
                },
                {
                  "title": "Close modal popup",
                  "fullTitle": "Swap from USDT to FEI Supply process for ETH Close modal popup",
                  "timedOut": null,
                  "duration": 3053,
                  "state": "passed",
                  "speed": "slow",
                  "pass": true,
                  "fail": false,
                  "pending": false,
                  "context": null,
                  "code": "cy.get('[data-cy=closeButton]').should('not.be.disabled').click();\ncy.get('[data-cy=Modal]').should('not.exist');",
                  "err": {},
                  "uuid": "bd7860b4-2819-4732-a4ff-3c9b6cda59e7",
                  "parentUUID": "af74ae2b-6bad-4702-bd1c-97d64beedd42",
                  "isHook": false,
                  "skipped": false
                }
              ],
              "suites": [],
              "passes": [
                "629cbdb7-d30b-4c32-bad6-9d3635d5ae08",
                "8079b59c-f7ee-4a54-ae36-462776e775c7",
                "bd7860b4-2819-4732-a4ff-3c9b6cda59e7"
              ],
              "failures": [],
              "pending": [],
              "skipped": [],
              "duration": 22109,
              "root": false,
              "rootEmpty": false,
              "_timeout": 2000
            },
            {
              "uuid": "1bebebd2-1dfd-4add-9e56-1b3100aace56",
              "title": "Borrow process for USDT",
              "fullFile": "",
              "file": "",
              "beforeHooks": [],
              "afterHooks": [],
              "tests": [
                {
                  "title": "Open USDT borrow popup view",
                  "fullTitle": "Swap from USDT to FEI Borrow process for USDT Open USDT borrow popup view",
                  "timedOut": null,
                  "duration": 5380,
                  "state": "passed",
                  "speed": "slow",
                  "pass": true,
                  "fail": false,
                  "pending": false,
                  "context": null,
                  "code": "Object(_actions_steps__WEBPACK_IMPORTED_MODULE_0__[\"doSwitchToDashboardBorrowView\"])();\ncy.wait(4000);\ncy.get(`[data-cy='dashboardBorrowListItem_${_shortName.toUpperCase()}']`)\n    .contains('Borrow')\n    .should('not.be.disabled')\n    .click();\ncy.get(`[data-cy=Modal] h2:contains(\"Borrow ${_shortName}\")`).should('be.visible');",
                  "err": {},
                  "uuid": "0ff67753-a63d-4c59-9958-463bea4dd2e9",
                  "parentUUID": "1bebebd2-1dfd-4add-9e56-1b3100aace56",
                  "isHook": false,
                  "skipped": false
                },
                {
                  "title": "Choose Default borrow option",
                  "fullTitle": "Swap from USDT to FEI Borrow process for USDT Choose Default borrow option",
                  "timedOut": null,
                  "duration": 21,
                  "state": "passed",
                  "speed": "fast",
                  "pass": true,
                  "fail": false,
                  "pending": false,
                  "context": null,
                  "code": "switch (apyType) {\n    case _fixtures_constans_json__WEBPACK_IMPORTED_MODULE_1__.borrowAPYType.variable:\n        cy.get('[data-cy=Modal] [role=group] button p')\n            .contains('Variable')\n            .click({ force: true });\n        break;\n    case _fixtures_constans_json__WEBPACK_IMPORTED_MODULE_1__.borrowAPYType.stable:\n        cy.get('[data-cy=Modal] [role=group] button p').contains('Stable').click({ force: true });\n        break;\n    default:\n        break;\n}",
                  "err": {},
                  "uuid": "e324587b-1180-4bd2-8279-bb7ff7fae670",
                  "parentUUID": "1bebebd2-1dfd-4add-9e56-1b3100aace56",
                  "isHook": false,
                  "skipped": false
                },
                {
                  "title": "Borrow 5 amount for USDT",
                  "fullTitle": "Swap from USDT to FEI Borrow process for USDT Borrow 5 amount for USDT",
                  "timedOut": null,
                  "duration": 853,
                  "state": "passed",
                  "speed": "slow",
                  "pass": true,
                  "fail": false,
                  "pending": false,
                  "context": null,
                  "code": "Object(_actions_steps__WEBPACK_IMPORTED_MODULE_0__[\"setAmount\"])({\n    amount,\n    max: isMaxAmount,\n});",
                  "err": {},
                  "uuid": "d3fc0c15-852e-4be7-9b04-68b5789fc30c",
                  "parentUUID": "1bebebd2-1dfd-4add-9e56-1b3100aace56",
                  "isHook": false,
                  "skipped": false
                },
                {
                  "title": "Confirmation process",
                  "fullTitle": "Swap from USDT to FEI Borrow process for USDT Confirmation process",
                  "timedOut": null,
                  "duration": 8701,
                  "state": "passed",
                  "speed": "slow",
                  "pass": true,
                  "fail": false,
                  "pending": false,
                  "context": null,
                  "code": "Object(_actions_steps__WEBPACK_IMPORTED_MODULE_0__[\"doConfirm\"])({\n    hasApproval,\n    actionName: _actionName,\n    assetName: _shortName,\n});",
                  "err": {},
                  "uuid": "6c3fcbbb-723c-4cf2-8314-56ad2690de80",
                  "parentUUID": "1bebebd2-1dfd-4add-9e56-1b3100aace56",
                  "isHook": false,
                  "skipped": false
                },
                {
                  "title": "Close modal popup",
                  "fullTitle": "Swap from USDT to FEI Borrow process for USDT Close modal popup",
                  "timedOut": null,
                  "duration": 3689,
                  "state": "passed",
                  "speed": "slow",
                  "pass": true,
                  "fail": false,
                  "pending": false,
                  "context": null,
                  "code": "cy.get('[data-cy=closeButton]').should('not.be.disabled').click();\ncy.get('[data-cy=Modal]').should('not.exist');",
                  "err": {},
                  "uuid": "1bce157b-be52-44bf-92db-9678cbd508b8",
                  "parentUUID": "1bebebd2-1dfd-4add-9e56-1b3100aace56",
                  "isHook": false,
                  "skipped": false
                }
              ],
              "suites": [],
              "passes": [
                "0ff67753-a63d-4c59-9958-463bea4dd2e9",
                "e324587b-1180-4bd2-8279-bb7ff7fae670",
                "d3fc0c15-852e-4be7-9b04-68b5789fc30c",
                "6c3fcbbb-723c-4cf2-8314-56ad2690de80",
                "1bce157b-be52-44bf-92db-9678cbd508b8"
              ],
              "failures": [],
              "pending": [],
              "skipped": [],
              "duration": 18644,
              "root": false,
              "rootEmpty": false,
              "_timeout": 2000
            },
            {
              "uuid": "7381325c-f198-4a8c-a406-6e2be3a8bdee",
              "title": "Supply process for USDT",
              "fullFile": "",
              "file": "",
              "beforeHooks": [],
              "afterHooks": [],
              "tests": [
                {
                  "title": "Open USDT supply popup view",
                  "fullTitle": "Swap from USDT to FEI Supply process for USDT Open USDT supply popup view",
                  "timedOut": null,
                  "duration": 822,
                  "state": "passed",
                  "speed": "slow",
                  "pass": true,
                  "fail": false,
                  "pending": false,
                  "context": null,
                  "code": "Object(_actions_steps__WEBPACK_IMPORTED_MODULE_0__[\"doSwitchToDashboardSupplyView\"])();\ncy.get(`[data-cy='dashboardSupplyListItem_${_shortName.toUpperCase()}']`)\n    .find('button:contains(\"Supply\")')\n    .click();\ncy.get(`[data-cy=Modal] h2:contains(\"Supply ${_shortName}\")`).should('be.visible');",
                  "err": {},
                  "uuid": "9d36836f-815a-4233-914a-d89d0540ef20",
                  "parentUUID": "7381325c-f198-4a8c-a406-6e2be3a8bdee",
                  "isHook": false,
                  "skipped": false
                },
                {
                  "title": "Supply 5 amount for USDT",
                  "fullTitle": "Swap from USDT to FEI Supply process for USDT Supply 5 amount for USDT",
                  "timedOut": null,
                  "duration": 19331,
                  "state": "passed",
                  "speed": "slow",
                  "pass": true,
                  "fail": false,
                  "pending": false,
                  "context": null,
                  "code": "Object(_actions_steps__WEBPACK_IMPORTED_MODULE_0__[\"setAmount\"])({\n    amount,\n    max: isMaxAmount,\n});\nObject(_actions_steps__WEBPACK_IMPORTED_MODULE_0__[\"doConfirm\"])({\n    hasApproval,\n    actionName: _actionName,\n    assetName: _shortName,\n});",
                  "err": {},
                  "uuid": "655cbc8e-74fc-4af5-b47d-e27381a13843",
                  "parentUUID": "7381325c-f198-4a8c-a406-6e2be3a8bdee",
                  "isHook": false,
                  "skipped": false
                },
                {
                  "title": "Close modal popup",
                  "fullTitle": "Swap from USDT to FEI Supply process for USDT Close modal popup",
                  "timedOut": null,
                  "duration": 900,
                  "state": "passed",
                  "speed": "slow",
                  "pass": true,
                  "fail": false,
                  "pending": false,
                  "context": null,
                  "code": "cy.get('[data-cy=closeButton]').should('not.be.disabled').click();\ncy.get('[data-cy=Modal]').should('not.exist');",
                  "err": {},
                  "uuid": "5b24778c-a8c1-428d-b667-83c515c5b4f2",
                  "parentUUID": "7381325c-f198-4a8c-a406-6e2be3a8bdee",
                  "isHook": false,
                  "skipped": false
                }
              ],
              "suites": [],
              "passes": [
                "9d36836f-815a-4233-914a-d89d0540ef20",
                "655cbc8e-74fc-4af5-b47d-e27381a13843",
                "5b24778c-a8c1-428d-b667-83c515c5b4f2"
              ],
              "failures": [],
              "pending": [],
              "skipped": [],
              "duration": 21053,
              "root": false,
              "rootEmpty": false,
              "_timeout": 2000
            },
            {
              "uuid": "9c16515e-6e6e-44b2-a1d6-be5552653a58",
              "title": "Swap 10 USDT to FEI",
              "fullFile": "",
              "file": "",
              "beforeHooks": [],
              "afterHooks": [],
              "tests": [
                {
                  "title": "Open Swap modal for USDT",
                  "fullTitle": "Swap from USDT to FEI Swap 10 USDT to FEI Open Swap modal for USDT",
                  "timedOut": null,
                  "duration": 4540,
                  "state": "passed",
                  "speed": "slow",
                  "pass": true,
                  "fail": false,
                  "pending": false,
                  "context": null,
                  "code": "Object(_actions_steps__WEBPACK_IMPORTED_MODULE_0__[\"doSwitchToDashboardSupplyView\"])();\nObject(_actions_steps__WEBPACK_IMPORTED_MODULE_0__[\"getDashBoardDepositRow\"])({ assetName: _shortNameFrom, isCollateralType: isCollateralFromAsset })\n    .find(`[data-cy=swapButton]`)\n    .click();\ncy.get(`[data-cy=Modal] h2:contains(\"Swap ${_shortNameFrom}\")`).should('be.visible');",
                  "err": {},
                  "uuid": "dd6f5495-75a6-4dcb-a990-d5526cdf6e8a",
                  "parentUUID": "9c16515e-6e6e-44b2-a1d6-be5552653a58",
                  "isHook": false,
                  "skipped": false
                },
                {
                  "title": "Choose swapping options: swap to asset",
                  "fullTitle": "Swap from USDT to FEI Swap 10 USDT to FEI Choose swapping options: swap to asset",
                  "timedOut": null,
                  "duration": 2481,
                  "state": "passed",
                  "speed": "slow",
                  "pass": true,
                  "fail": false,
                  "pending": false,
                  "context": null,
                  "code": "cy.get('[data-cy=Modal]').as('Modal');\ncy.get('@Modal').find('[data-cy=assetSelect]').click();\ncy.get(`[data-cy=\"assetsSelectOption_${_shortNameTo.toUpperCase()}\"]`, { timeout: 10000 })\n    .scrollIntoView()\n    .should('be.visible')\n    .click();\ncy.get(`[data-cy=\"assetsSelectedOption_${_shortNameTo.toUpperCase()}\"]`, {\n    timeout: 10000,\n}).should('be.visible', { timeout: 10000 });",
                  "err": {},
                  "uuid": "d5a2f73e-0925-46d7-b168-ed679989e948",
                  "parentUUID": "9c16515e-6e6e-44b2-a1d6-be5552653a58",
                  "isHook": false,
                  "skipped": false
                },
                {
                  "title": "Make approve for 10 amount",
                  "fullTitle": "Swap from USDT to FEI Swap 10 USDT to FEI Make approve for 10 amount",
                  "timedOut": null,
                  "duration": 19066,
                  "state": "passed",
                  "speed": "slow",
                  "pass": true,
                  "fail": false,
                  "pending": false,
                  "context": null,
                  "code": "Object(_actions_steps__WEBPACK_IMPORTED_MODULE_0__[\"setAmount\"])({\n    amount,\n    max: isMaxAmount,\n});\nObject(_actions_steps__WEBPACK_IMPORTED_MODULE_0__[\"doConfirm\"])({\n    hasApproval,\n    actionName: _actionName,\n});",
                  "err": {},
                  "uuid": "8640f03a-0971-4087-b7f5-5262e72461e4",
                  "parentUUID": "9c16515e-6e6e-44b2-a1d6-be5552653a58",
                  "isHook": false,
                  "skipped": false
                },
                {
                  "title": "Close modal popup",
                  "fullTitle": "Swap from USDT to FEI Swap 10 USDT to FEI Close modal popup",
                  "timedOut": null,
                  "duration": 2398,
                  "state": "passed",
                  "speed": "slow",
                  "pass": true,
                  "fail": false,
                  "pending": false,
                  "context": null,
                  "code": "cy.get('[data-cy=closeButton]').should('not.be.disabled').click();\ncy.get('[data-cy=Modal]').should('not.exist');",
                  "err": {},
                  "uuid": "31e9ebba-8f29-4d9b-91b2-b1059c56056a",
                  "parentUUID": "9c16515e-6e6e-44b2-a1d6-be5552653a58",
                  "isHook": false,
                  "skipped": false
                }
              ],
              "suites": [],
              "passes": [
                "dd6f5495-75a6-4dcb-a990-d5526cdf6e8a",
                "d5a2f73e-0925-46d7-b168-ed679989e948",
                "8640f03a-0971-4087-b7f5-5262e72461e4",
                "31e9ebba-8f29-4d9b-91b2-b1059c56056a"
              ],
              "failures": [],
              "pending": [],
              "skipped": [],
              "duration": 28485,
              "root": false,
              "rootEmpty": false,
              "_timeout": 2000
            },
            {
              "uuid": "bb4072bc-1256-4cc2-b665-00865ce77e2f",
              "title": "Verification dashboard values",
              "fullFile": "",
              "file": "",
              "beforeHooks": [],
              "afterHooks": [],
              "tests": [],
              "suites": [
                {
                  "uuid": "12e7c6cc-f23a-4146-bc98-9b69f609f556",
                  "title": "Verification FEI deposit, have right values",
                  "fullFile": "",
                  "file": "",
                  "beforeHooks": [],
                  "afterHooks": [],
                  "tests": [
                    {
                      "title": "Check that asset name is FEI,\n            with collateral type undefined\n            ",
                      "fullTitle": "Swap from USDT to FEI Verification dashboard values Verification FEI deposit, have right values Check that asset name is FEI,\n            with collateral type undefined\n            ",
                      "timedOut": null,
                      "duration": 681,
                      "state": "failed",
                      "speed": null,
                      "pass": false,
                      "fail": true,
                      "pending": false,
                      "context": null,
                      "code": "Object(_actions_steps__WEBPACK_IMPORTED_MODULE_0__[\"getDashBoardDepositRow\"])({\n    assetName: _assetName,\n    isCollateralType: estimatedCase.isCollateral,\n}).within(($row) => {\n    expect($row.find(`[data-cy=\"assetName\"]`)).to.contain(estimatedCase.assetName);\n    if (estimatedCase.isCollateral) {\n        expect($row.find('.MuiSwitch-input')).to.have.attr('checked');\n    }\n    else {\n        expect($row.find('.MuiSwitch-input')).to.not.have.attr('checked');\n    }\n    if (estimatedCase.amount) {\n        cy.get('[data-cy=nativeAmount]').contains(estimatedCase.amount.toString());\n    }\n});",
                      "err": {
                        "message": "AssertionError: expected '<input.MuiSwitch-input.PrivateSwitchBase-input.css-1m9pwf3>' not to have attribute 'checked'",
                        "estack": "AssertionError: expected '<input.MuiSwitch-input.PrivateSwitchBase-input.css-1m9pwf3>' not to have attribute 'checked'\n    at Context.eval (http://localhost:3000/__cypress/tests?p=cypress/integration/0-v2-markets/0-main-v2-market/1-swap-full/usdt.swap-full.spec.ts:49177:87)",
                        "diff": null
                      },
                      "uuid": "b1ae58c9-2fb7-4e7b-92b4-9c1eb82421d6",
                      "parentUUID": "12e7c6cc-f23a-4146-bc98-9b69f609f556",
                      "isHook": false,
                      "skipped": false
                    }
                  ],
                  "suites": [],
                  "passes": [],
                  "failures": [
                    "b1ae58c9-2fb7-4e7b-92b4-9c1eb82421d6"
                  ],
                  "pending": [],
                  "skipped": [],
                  "duration": 681,
                  "root": false,
                  "rootEmpty": false,
                  "_timeout": 2000
                }
              ],
              "passes": [],
              "failures": [],
              "pending": [],
              "skipped": [],
              "duration": 0,
              "root": false,
              "rootEmpty": false,
              "_timeout": 2000
            }
          ],
          "passes": [],
          "failures": [],
          "pending": [],
          "skipped": [],
          "duration": 0,
          "root": false,
          "rootEmpty": false,
          "_timeout": 2000
        },
        {
          "uuid": "1332c998-86b9-48d4-9c55-1034e5d61446",
          "title": "Swap from USDT to FRAX",
          "fullFile": "",
          "file": "",
          "beforeHooks": [],
          "afterHooks": [],
          "tests": [],
          "suites": [
            {
              "uuid": "87140403-061c-4da1-9225-3baca8922a09",
              "title": "Supply process for ETH",
              "fullFile": "",
              "file": "",
              "beforeHooks": [],
              "afterHooks": [],
              "tests": [
                {
                  "title": "Open ETH supply popup view",
                  "fullTitle": "Swap from USDT to FRAX Supply process for ETH Open ETH supply popup view",
                  "timedOut": null,
                  "duration": 7952,
                  "state": "passed",
                  "speed": "slow",
                  "pass": true,
                  "fail": false,
                  "pending": false,
                  "context": null,
                  "code": "Object(_actions_steps__WEBPACK_IMPORTED_MODULE_0__[\"doSwitchToDashboardSupplyView\"])();\ncy.get(`[data-cy='dashboardSupplyListItem_${_shortName.toUpperCase()}']`)\n    .find('button:contains(\"Supply\")')\n    .click();\ncy.get(`[data-cy=Modal] h2:contains(\"Supply ${_shortName}\")`).should('be.visible');",
                  "err": {},
                  "uuid": "48f613d4-833d-44b5-b7c2-d8ffff40a071",
                  "parentUUID": "87140403-061c-4da1-9225-3baca8922a09",
                  "isHook": false,
                  "skipped": false
                },
                {
                  "title": "Supply 1000 amount for ETH",
                  "fullTitle": "Swap from USDT to FRAX Supply process for ETH Supply 1000 amount for ETH",
                  "timedOut": null,
                  "duration": 13284,
                  "state": "passed",
                  "speed": "slow",
                  "pass": true,
                  "fail": false,
                  "pending": false,
                  "context": null,
                  "code": "Object(_actions_steps__WEBPACK_IMPORTED_MODULE_0__[\"setAmount\"])({\n    amount,\n    max: isMaxAmount,\n});\nObject(_actions_steps__WEBPACK_IMPORTED_MODULE_0__[\"doConfirm\"])({\n    hasApproval,\n    actionName: _actionName,\n    assetName: _shortName,\n});",
                  "err": {},
                  "uuid": "6fdc5af0-6be5-4033-b771-498a2740a60e",
                  "parentUUID": "87140403-061c-4da1-9225-3baca8922a09",
                  "isHook": false,
                  "skipped": false
                },
                {
                  "title": "Close modal popup",
                  "fullTitle": "Swap from USDT to FRAX Supply process for ETH Close modal popup",
                  "timedOut": null,
                  "duration": 4014,
                  "state": "passed",
                  "speed": "slow",
                  "pass": true,
                  "fail": false,
                  "pending": false,
                  "context": null,
                  "code": "cy.get('[data-cy=closeButton]').should('not.be.disabled').click();\ncy.get('[data-cy=Modal]').should('not.exist');",
                  "err": {},
                  "uuid": "5e55f5ad-927b-4313-abe2-21da334f4de0",
                  "parentUUID": "87140403-061c-4da1-9225-3baca8922a09",
                  "isHook": false,
                  "skipped": false
                }
              ],
              "suites": [],
              "passes": [
                "48f613d4-833d-44b5-b7c2-d8ffff40a071",
                "6fdc5af0-6be5-4033-b771-498a2740a60e",
                "5e55f5ad-927b-4313-abe2-21da334f4de0"
              ],
              "failures": [],
              "pending": [],
              "skipped": [],
              "duration": 25250,
              "root": false,
              "rootEmpty": false,
              "_timeout": 2000
            },
            {
              "uuid": "39cb2458-dede-4c2f-8406-63087ab1cda2",
              "title": "Borrow process for USDT",
              "fullFile": "",
              "file": "",
              "beforeHooks": [],
              "afterHooks": [],
              "tests": [
                {
                  "title": "Open USDT borrow popup view",
                  "fullTitle": "Swap from USDT to FRAX Borrow process for USDT Open USDT borrow popup view",
                  "timedOut": null,
                  "duration": 5807,
                  "state": "passed",
                  "speed": "slow",
                  "pass": true,
                  "fail": false,
                  "pending": false,
                  "context": null,
                  "code": "Object(_actions_steps__WEBPACK_IMPORTED_MODULE_0__[\"doSwitchToDashboardBorrowView\"])();\ncy.wait(4000);\ncy.get(`[data-cy='dashboardBorrowListItem_${_shortName.toUpperCase()}']`)\n    .contains('Borrow')\n    .should('not.be.disabled')\n    .click();\ncy.get(`[data-cy=Modal] h2:contains(\"Borrow ${_shortName}\")`).should('be.visible');",
                  "err": {},
                  "uuid": "3d7de1af-7b72-49d2-ba83-336695b1180d",
                  "parentUUID": "39cb2458-dede-4c2f-8406-63087ab1cda2",
                  "isHook": false,
                  "skipped": false
                },
                {
                  "title": "Choose Default borrow option",
                  "fullTitle": "Swap from USDT to FRAX Borrow process for USDT Choose Default borrow option",
                  "timedOut": null,
                  "duration": 23,
                  "state": "passed",
                  "speed": "fast",
                  "pass": true,
                  "fail": false,
                  "pending": false,
                  "context": null,
                  "code": "switch (apyType) {\n    case _fixtures_constans_json__WEBPACK_IMPORTED_MODULE_1__.borrowAPYType.variable:\n        cy.get('[data-cy=Modal] [role=group] button p')\n            .contains('Variable')\n            .click({ force: true });\n        break;\n    case _fixtures_constans_json__WEBPACK_IMPORTED_MODULE_1__.borrowAPYType.stable:\n        cy.get('[data-cy=Modal] [role=group] button p').contains('Stable').click({ force: true });\n        break;\n    default:\n        break;\n}",
                  "err": {},
                  "uuid": "7896a211-600b-4ef8-9df2-abbf10af6256",
                  "parentUUID": "39cb2458-dede-4c2f-8406-63087ab1cda2",
                  "isHook": false,
                  "skipped": false
                },
                {
                  "title": "Borrow 5 amount for USDT",
                  "fullTitle": "Swap from USDT to FRAX Borrow process for USDT Borrow 5 amount for USDT",
                  "timedOut": null,
                  "duration": 997,
                  "state": "passed",
                  "speed": "slow",
                  "pass": true,
                  "fail": false,
                  "pending": false,
                  "context": null,
                  "code": "Object(_actions_steps__WEBPACK_IMPORTED_MODULE_0__[\"setAmount\"])({\n    amount,\n    max: isMaxAmount,\n});",
                  "err": {},
                  "uuid": "f94057d2-cb25-447f-b76a-baba9ea92f82",
                  "parentUUID": "39cb2458-dede-4c2f-8406-63087ab1cda2",
                  "isHook": false,
                  "skipped": false
                },
                {
                  "title": "Confirmation process",
                  "fullTitle": "Swap from USDT to FRAX Borrow process for USDT Confirmation process",
                  "timedOut": null,
                  "duration": 10170,
                  "state": "passed",
                  "speed": "slow",
                  "pass": true,
                  "fail": false,
                  "pending": false,
                  "context": null,
                  "code": "Object(_actions_steps__WEBPACK_IMPORTED_MODULE_0__[\"doConfirm\"])({\n    hasApproval,\n    actionName: _actionName,\n    assetName: _shortName,\n});",
                  "err": {},
                  "uuid": "f6131641-fac5-490d-89a8-0a2114b99aec",
                  "parentUUID": "39cb2458-dede-4c2f-8406-63087ab1cda2",
                  "isHook": false,
                  "skipped": false
                },
                {
                  "title": "Close modal popup",
                  "fullTitle": "Swap from USDT to FRAX Borrow process for USDT Close modal popup",
                  "timedOut": null,
                  "duration": 1550,
                  "state": "passed",
                  "speed": "slow",
                  "pass": true,
                  "fail": false,
                  "pending": false,
                  "context": null,
                  "code": "cy.get('[data-cy=closeButton]').should('not.be.disabled').click();\ncy.get('[data-cy=Modal]').should('not.exist');",
                  "err": {},
                  "uuid": "0319733c-72d7-4115-aa51-9d02cabdcd38",
                  "parentUUID": "39cb2458-dede-4c2f-8406-63087ab1cda2",
                  "isHook": false,
                  "skipped": false
                }
              ],
              "suites": [],
              "passes": [
                "3d7de1af-7b72-49d2-ba83-336695b1180d",
                "7896a211-600b-4ef8-9df2-abbf10af6256",
                "f94057d2-cb25-447f-b76a-baba9ea92f82",
                "f6131641-fac5-490d-89a8-0a2114b99aec",
                "0319733c-72d7-4115-aa51-9d02cabdcd38"
              ],
              "failures": [],
              "pending": [],
              "skipped": [],
              "duration": 18547,
              "root": false,
              "rootEmpty": false,
              "_timeout": 2000
            },
            {
              "uuid": "4119ab32-e734-4818-b6fc-18ddb4d43ac3",
              "title": "Supply process for USDT",
              "fullFile": "",
              "file": "",
              "beforeHooks": [],
              "afterHooks": [],
              "tests": [
                {
                  "title": "Open USDT supply popup view",
                  "fullTitle": "Swap from USDT to FRAX Supply process for USDT Open USDT supply popup view",
                  "timedOut": null,
                  "duration": 3528,
                  "state": "passed",
                  "speed": "slow",
                  "pass": true,
                  "fail": false,
                  "pending": false,
                  "context": null,
                  "code": "Object(_actions_steps__WEBPACK_IMPORTED_MODULE_0__[\"doSwitchToDashboardSupplyView\"])();\ncy.get(`[data-cy='dashboardSupplyListItem_${_shortName.toUpperCase()}']`)\n    .find('button:contains(\"Supply\")')\n    .click();\ncy.get(`[data-cy=Modal] h2:contains(\"Supply ${_shortName}\")`).should('be.visible');",
                  "err": {},
                  "uuid": "d29d842a-4e2c-48f1-a360-d6434b03f563",
                  "parentUUID": "4119ab32-e734-4818-b6fc-18ddb4d43ac3",
                  "isHook": false,
                  "skipped": false
                },
                {
                  "title": "Supply 5 amount for USDT",
                  "fullTitle": "Swap from USDT to FRAX Supply process for USDT Supply 5 amount for USDT",
                  "timedOut": null,
                  "duration": 17148,
                  "state": "passed",
                  "speed": "slow",
                  "pass": true,
                  "fail": false,
                  "pending": false,
                  "context": null,
                  "code": "Object(_actions_steps__WEBPACK_IMPORTED_MODULE_0__[\"setAmount\"])({\n    amount,\n    max: isMaxAmount,\n});\nObject(_actions_steps__WEBPACK_IMPORTED_MODULE_0__[\"doConfirm\"])({\n    hasApproval,\n    actionName: _actionName,\n    assetName: _shortName,\n});",
                  "err": {},
                  "uuid": "3cec8944-e20a-49d1-93a0-84387bf25d3b",
                  "parentUUID": "4119ab32-e734-4818-b6fc-18ddb4d43ac3",
                  "isHook": false,
                  "skipped": false
                },
                {
                  "title": "Close modal popup",
                  "fullTitle": "Swap from USDT to FRAX Supply process for USDT Close modal popup",
                  "timedOut": null,
                  "duration": 975,
                  "state": "passed",
                  "speed": "slow",
                  "pass": true,
                  "fail": false,
                  "pending": false,
                  "context": null,
                  "code": "cy.get('[data-cy=closeButton]').should('not.be.disabled').click();\ncy.get('[data-cy=Modal]').should('not.exist');",
                  "err": {},
                  "uuid": "dee8024f-2bcc-4327-aa7a-db3fb3f003a3",
                  "parentUUID": "4119ab32-e734-4818-b6fc-18ddb4d43ac3",
                  "isHook": false,
                  "skipped": false
                }
              ],
              "suites": [],
              "passes": [
                "d29d842a-4e2c-48f1-a360-d6434b03f563",
                "3cec8944-e20a-49d1-93a0-84387bf25d3b",
                "dee8024f-2bcc-4327-aa7a-db3fb3f003a3"
              ],
              "failures": [],
              "pending": [],
              "skipped": [],
              "duration": 21651,
              "root": false,
              "rootEmpty": false,
              "_timeout": 2000
            },
            {
              "uuid": "44c7f96c-b938-4d20-a5f5-b942aac3c32c",
              "title": "Swap 10 USDT to FRAX",
              "fullFile": "",
              "file": "",
              "beforeHooks": [],
              "afterHooks": [],
              "tests": [
                {
                  "title": "Open Swap modal for USDT",
                  "fullTitle": "Swap from USDT to FRAX Swap 10 USDT to FRAX Open Swap modal for USDT",
                  "timedOut": null,
[...]
                  "fail": false,
                  "pending": false,
                  "context": null,
                  "code": "cy.get('[data-cy=closeButton]').should('not.be.disabled').click();\ncy.get('[data-cy=Modal]').should('not.exist');",
                  "err": {},
                  "uuid": "d7302b73-a5c6-4f44-ad60-edf93f4abd39",
                  "parentUUID": "75edccae-496a-4f83-adb9-00892c457a12",
                  "isHook": false,
                  "skipped": false
                }
              ],
              "suites": [],
              "passes": [
                "d7a6ab18-cb77-45c4-845e-fe038df2c0ef",
                "d0c8f43a-2080-423e-8d59-eabaddc05943",
                "d7302b73-a5c6-4f44-ad60-edf93f4abd39"
              ],
              "failures": [],
              "pending": [],
              "skipped": [],
              "duration": 22065,
              "root": false,
              "rootEmpty": false,
              "_timeout": 2000
            },
            {
              "uuid": "3e6e09bf-c46c-4458-a2da-2a36f0cc1e8f",
              "title": "Borrow process for USDT",
              "fullFile": "",
              "file": "",
              "beforeHooks": [],
              "afterHooks": [],
              "tests": [
                {
                  "title": "Open USDT borrow popup view",
                  "fullTitle": "Swap from USDT to WETH Borrow process for USDT Open USDT borrow popup view",
                  "timedOut": null,
                  "duration": 7958,
                  "state": "passed",
                  "speed": "slow",
                  "pass": true,
                  "fail": false,
                  "pending": false,
                  "context": null,
                  "code": "Object(_actions_steps__WEBPACK_IMPORTED_MODULE_0__[\"doSwitchToDashboardBorrowView\"])();\ncy.wait(4000);\ncy.get(`[data-cy='dashboardBorrowListItem_${_shortName.toUpperCase()}']`)\n    .contains('Borrow')\n    .should('not.be.disabled')\n    .click();\ncy.get(`[data-cy=Modal] h2:contains(\"Borrow ${_shortName}\")`).should('be.visible');",
                  "err": {},
                  "uuid": "257bca43-e113-4548-a930-c695df0ca39d",
                  "parentUUID": "3e6e09bf-c46c-4458-a2da-2a36f0cc1e8f",
                  "isHook": false,
                  "skipped": false
                },
                {
                  "title": "Choose Default borrow option",
                  "fullTitle": "Swap from USDT to WETH Borrow process for USDT Choose Default borrow option",
                  "timedOut": null,
                  "duration": 45,
                  "state": "passed",
                  "speed": "medium",
                  "pass": true,
                  "fail": false,
                  "pending": false,
                  "context": null,
                  "code": "switch (apyType) {\n    case _fixtures_constans_json__WEBPACK_IMPORTED_MODULE_1__.borrowAPYType.variable:\n        cy.get('[data-cy=Modal] [role=group] button p')\n            .contains('Variable')\n            .click({ force: true });\n        break;\n    case _fixtures_constans_json__WEBPACK_IMPORTED_MODULE_1__.borrowAPYType.stable:\n        cy.get('[data-cy=Modal] [role=group] button p').contains('Stable').click({ force: true });\n        break;\n    default:\n        break;\n}",
                  "err": {},
                  "uuid": "cb048b61-0b99-43f0-854f-24c17d65594f",
                  "parentUUID": "3e6e09bf-c46c-4458-a2da-2a36f0cc1e8f",
                  "isHook": false,
                  "skipped": false
                },
                {
                  "title": "Borrow 5 amount for USDT",
                  "fullTitle": "Swap from USDT to WETH Borrow process for USDT Borrow 5 amount for USDT",
                  "timedOut": null,
                  "duration": 1092,
                  "state": "passed",
                  "speed": "slow",
                  "pass": true,
                  "fail": false,
                  "pending": false,
                  "context": null,
                  "code": "Object(_actions_steps__WEBPACK_IMPORTED_MODULE_0__[\"setAmount\"])({\n    amount,\n    max: isMaxAmount,\n});",
                  "err": {},
                  "uuid": "6de8f156-c632-46d2-8ceb-be57cbd20f50",
                  "parentUUID": "3e6e09bf-c46c-4458-a2da-2a36f0cc1e8f",
                  "isHook": false,
                  "skipped": false
                },
                {
                  "title": "Confirmation process",
                  "fullTitle": "Swap from USDT to WETH Borrow process for USDT Confirmation process",
                  "timedOut": null,
                  "duration": 12720,
                  "state": "passed",
                  "speed": "slow",
                  "pass": true,
                  "fail": false,
                  "pending": false,
                  "context": null,
                  "code": "Object(_actions_steps__WEBPACK_IMPORTED_MODULE_0__[\"doConfirm\"])({\n    hasApproval,\n    actionName: _actionName,\n    assetName: _shortName,\n});",
                  "err": {},
                  "uuid": "224253be-2b3c-4f7c-9707-861690fabb01",
                  "parentUUID": "3e6e09bf-c46c-4458-a2da-2a36f0cc1e8f",
                  "isHook": false,
                  "skipped": false
                },
                {
                  "title": "Close modal popup",
                  "fullTitle": "Swap from USDT to WETH Borrow process for USDT Close modal popup",
                  "timedOut": null,
                  "duration": 1073,
                  "state": "passed",
                  "speed": "slow",
                  "pass": true,
                  "fail": false,
                  "pending": false,
                  "context": null,
                  "code": "cy.get('[data-cy=closeButton]').should('not.be.disabled').click();\ncy.get('[data-cy=Modal]').should('not.exist');",
                  "err": {},
                  "uuid": "a93f843a-5714-4968-9535-ccf5ee6e1e05",
                  "parentUUID": "3e6e09bf-c46c-4458-a2da-2a36f0cc1e8f",
                  "isHook": false,
                  "skipped": false
                }
              ],
              "suites": [],
              "passes": [
                "257bca43-e113-4548-a930-c695df0ca39d",
                "cb048b61-0b99-43f0-854f-24c17d65594f",
                "6de8f156-c632-46d2-8ceb-be57cbd20f50",
                "224253be-2b3c-4f7c-9707-861690fabb01",
                "a93f843a-5714-4968-9535-ccf5ee6e1e05"
              ],
              "failures": [],
              "pending": [],
              "skipped": [],
              "duration": 22888,
              "root": false,
              "rootEmpty": false,
              "_timeout": 2000
            },
            {
              "uuid": "1050f744-8ccf-44fc-a7ca-862010de0178",
              "title": "Supply process for USDT",
              "fullFile": "",
              "file": "",
              "beforeHooks": [],
              "afterHooks": [],
              "tests": [
                {
                  "title": "Open USDT supply popup view",
                  "fullTitle": "Swap from USDT to WETH Supply process for USDT Open USDT supply popup view",
                  "timedOut": null,
                  "duration": 2837,
                  "state": "passed",
                  "speed": "slow",
                  "pass": true,
                  "fail": false,
                  "pending": false,
                  "context": null,
                  "code": "Object(_actions_steps__WEBPACK_IMPORTED_MODULE_0__[\"doSwitchToDashboardSupplyView\"])();\ncy.get(`[data-cy='dashboardSupplyListItem_${_shortName.toUpperCase()}']`)\n    .find('button:contains(\"Supply\")')\n    .click();\ncy.get(`[data-cy=Modal] h2:contains(\"Supply ${_shortName}\")`).should('be.visible');",
                  "err": {},
                  "uuid": "64c89db2-28dc-499d-80ba-aa319e2b9d1e",
                  "parentUUID": "1050f744-8ccf-44fc-a7ca-862010de0178",
                  "isHook": false,
                  "skipped": false
                },
                {
                  "title": "Supply 5 amount for USDT",
                  "fullTitle": "Swap from USDT to WETH Supply process for USDT Supply 5 amount for USDT",
                  "timedOut": null,
                  "duration": 17391,
                  "state": "passed",
                  "speed": "slow",
                  "pass": true,
                  "fail": false,
                  "pending": false,
                  "context": null,
                  "code": "Object(_actions_steps__WEBPACK_IMPORTED_MODULE_0__[\"setAmount\"])({\n    amount,\n    max: isMaxAmount,\n});\nObject(_actions_steps__WEBPACK_IMPORTED_MODULE_0__[\"doConfirm\"])({\n    hasApproval,\n    actionName: _actionName,\n    assetName: _shortName,\n});",
                  "err": {},
                  "uuid": "b03dc953-4c46-4b91-b0e3-892d98e017fe",
                  "parentUUID": "1050f744-8ccf-44fc-a7ca-862010de0178",
                  "isHook": false,
                  "skipped": false
                },
                {
                  "title": "Close modal popup",
                  "fullTitle": "Swap from USDT to WETH Supply process for USDT Close modal popup",
                  "timedOut": null,
                  "duration": 3172,
                  "state": "passed",
                  "speed": "slow",
                  "pass": true,
                  "fail": false,
                  "pending": false,
                  "context": null,
                  "code": "cy.get('[data-cy=closeButton]').should('not.be.disabled').click();\ncy.get('[data-cy=Modal]').should('not.exist');",
                  "err": {},
                  "uuid": "8ac937fd-c9c4-4725-bd80-112ca84c5e9c",
                  "parentUUID": "1050f744-8ccf-44fc-a7ca-862010de0178",
                  "isHook": false,
                  "skipped": false
                }
              ],
              "suites": [],
              "passes": [
                "64c89db2-28dc-499d-80ba-aa319e2b9d1e",
                "b03dc953-4c46-4b91-b0e3-892d98e017fe",
                "8ac937fd-c9c4-4725-bd80-112ca84c5e9c"
              ],
              "failures": [],
              "pending": [],
              "skipped": [],
              "duration": 23400,
              "root": false,
              "rootEmpty": false,
              "_timeout": 2000
            },
            {
              "uuid": "661f44e9-3b75-4a65-818d-c8621df55b8c",
              "title": "Swap 10 USDT to WETH",
              "fullFile": "",
              "file": "",
              "beforeHooks": [],
              "afterHooks": [],
              "tests": [
                {
                  "title": "Open Swap modal for USDT",
                  "fullTitle": "Swap from USDT to WETH Swap 10 USDT to WETH Open Swap modal for USDT",
                  "timedOut": null,
                  "duration": 3570,
                  "state": "passed",
                  "speed": "slow",
                  "pass": true,
                  "fail": false,
                  "pending": false,
                  "context": null,
                  "code": "Object(_actions_steps__WEBPACK_IMPORTED_MODULE_0__[\"doSwitchToDashboardSupplyView\"])();\nObject(_actions_steps__WEBPACK_IMPORTED_MODULE_0__[\"getDashBoardDepositRow\"])({ assetName: _shortNameFrom, isCollateralType: isCollateralFromAsset })\n    .find(`[data-cy=swapButton]`)\n    .click();\ncy.get(`[data-cy=Modal] h2:contains(\"Swap ${_shortNameFrom}\")`).should('be.visible');",
                  "err": {},
                  "uuid": "05d2d9ee-1be1-49ae-9d9f-8e017c1e04bd",
                  "parentUUID": "661f44e9-3b75-4a65-818d-c8621df55b8c",
                  "isHook": false,
                  "skipped": false
                },
                {
                  "title": "Choose swapping options: swap to asset",
                  "fullTitle": "Swap from USDT to WETH Swap 10 USDT to WETH Choose swapping options: swap to asset",
                  "timedOut": null,
                  "duration": 2017,
                  "state": "passed",
                  "speed": "slow",
                  "pass": true,
                  "fail": false,
                  "pending": false,
                  "context": null,
                  "code": "cy.get('[data-cy=Modal]').as('Modal');\ncy.get('@Modal').find('[data-cy=assetSelect]').click();\ncy.get(`[data-cy=\"assetsSelectOption_${_shortNameTo.toUpperCase()}\"]`, { timeout: 10000 })\n    .scrollIntoView()\n    .should('be.visible')\n    .click();\ncy.get(`[data-cy=\"assetsSelectedOption_${_shortNameTo.toUpperCase()}\"]`, {\n    timeout: 10000,\n}).should('be.visible', { timeout: 10000 });",
                  "err": {},
                  "uuid": "3e1b6f65-bf3f-4d44-8653-e5ee0b3c6924",
                  "parentUUID": "661f44e9-3b75-4a65-818d-c8621df55b8c",
                  "isHook": false,
                  "skipped": false
                },
                {
                  "title": "Make approve for 10 amount",
                  "fullTitle": "Swap from USDT to WETH Swap 10 USDT to WETH Make approve for 10 amount",
                  "timedOut": null,
                  "duration": 39300,
                  "state": "passed",
                  "speed": "slow",
                  "pass": true,
                  "fail": false,
                  "pending": false,
                  "context": null,
                  "code": "Object(_actions_steps__WEBPACK_IMPORTED_MODULE_0__[\"setAmount\"])({\n    amount,\n    max: isMaxAmount,\n});\nObject(_actions_steps__WEBPACK_IMPORTED_MODULE_0__[\"doConfirm\"])({\n    hasApproval,\n    actionName: _actionName,\n});",
                  "err": {},
                  "uuid": "af3cc484-e9c6-4349-a618-8aa76005b463",
                  "parentUUID": "661f44e9-3b75-4a65-818d-c8621df55b8c",
                  "isHook": false,
                  "skipped": false
                },
                {
                  "title": "Close modal popup",
                  "fullTitle": "Swap from USDT to WETH Swap 10 USDT to WETH Close modal popup",
                  "timedOut": null,
                  "duration": 996,
                  "state": "passed",
                  "speed": "slow",
                  "pass": true,
                  "fail": false,
                  "pending": false,
                  "context": null,
                  "code": "cy.get('[data-cy=closeButton]').should('not.be.disabled').click();\ncy.get('[data-cy=Modal]').should('not.exist');",
                  "err": {},
                  "uuid": "086cec46-8211-4fe5-983e-9a9614e99d03",
                  "parentUUID": "661f44e9-3b75-4a65-818d-c8621df55b8c",
                  "isHook": false,
                  "skipped": false
                }
              ],
              "suites": [],
              "passes": [
                "05d2d9ee-1be1-49ae-9d9f-8e017c1e04bd",
                "3e1b6f65-bf3f-4d44-8653-e5ee0b3c6924",
                "af3cc484-e9c6-4349-a618-8aa76005b463",
                "086cec46-8211-4fe5-983e-9a9614e99d03"
              ],
              "failures": [],
              "pending": [],
              "skipped": [],
              "duration": 45883,
              "root": false,
              "rootEmpty": false,
              "_timeout": 2000
            },
            {
              "uuid": "9fe649b6-7f13-436f-a7f1-b7e404ff3175",
              "title": "Verification dashboard values",
              "fullFile": "",
              "file": "",
              "beforeHooks": [],
              "afterHooks": [],
              "tests": [],
              "suites": [
                {
                  "uuid": "67bed2f7-65b6-4b29-a9f7-093725413dcc",
                  "title": "Verification WETH deposit, have right values",
                  "fullFile": "",
                  "file": "",
                  "beforeHooks": [],
                  "afterHooks": [],
                  "tests": [
                    {
                      "title": "Check that asset name is WETH,\n            with collateral type undefined\n            ",
                      "fullTitle": "Swap from USDT to WETH Verification dashboard values Verification WETH deposit, have right values Check that asset name is WETH,\n            with collateral type undefined\n            ",
                      "timedOut": null,
                      "duration": 40713,
                      "state": "failed",
                      "speed": null,
                      "pass": false,
                      "fail": true,
                      "pending": false,
                      "context": null,
                      "code": "Object(_actions_steps__WEBPACK_IMPORTED_MODULE_0__[\"getDashBoardDepositRow\"])({\n    assetName: _assetName,\n    isCollateralType: estimatedCase.isCollateral,\n}).within(($row) => {\n    expect($row.find(`[data-cy=\"assetName\"]`)).to.contain(estimatedCase.assetName);\n    if (estimatedCase.isCollateral) {\n        expect($row.find('.MuiSwitch-input')).to.have.attr('checked');\n    }\n    else {\n        expect($row.find('.MuiSwitch-input')).to.not.have.attr('checked');\n    }\n    if (estimatedCase.amount) {\n        cy.get('[data-cy=nativeAmount]').contains(estimatedCase.amount.toString());\n    }\n});",
                      "err": {
                        "message": "AssertionError: Timed out retrying after 40000ms: Expected to find element: `[data-cy*='dashboardSuppliedListItem_WETH_']`, but never found it.",
                        "estack": "AssertionError: Timed out retrying after 40000ms: Expected to find element: `[data-cy*='dashboardSuppliedListItem_WETH_']`, but never found it.\n    at getDashBoardDepositRow (http://localhost:3000/__cypress/tests?p=cypress/integration/0-v2-markets/0-main-v2-market/1-swap-full/usdt.swap-full.spec.ts:48566:19)\n    at Context.eval (http://localhost:3000/__cypress/tests?p=cypress/integration/0-v2-markets/0-main-v2-market/1-swap-full/usdt.swap-full.spec.ts:49168:106)",
                        "diff": null
                      },
                      "uuid": "1190a99b-6fdb-4d64-8275-5584fc045aea",
                      "parentUUID": "67bed2f7-65b6-4b29-a9f7-093725413dcc",
                      "isHook": false,
                      "skipped": false
                    }
                  ],
                  "suites": [],
                  "passes": [],
                  "failures": [
                    "1190a99b-6fdb-4d64-8275-5584fc045aea"
                  ],
                  "pending": [],
                  "skipped": [],
                  "duration": 40713,
                  "root": false,
                  "rootEmpty": false,
                  "_timeout": 2000
                }
              ],
              "passes": [],
              "failures": [],
              "pending": [],
              "skipped": [],
              "duration": 0,
              "root": false,
              "rootEmpty": false,
              "_timeout": 2000
            }
          ],
          "passes": [],
          "failures": [],
          "pending": [],
          "skipped": [],
          "duration": 0,
          "root": false,
          "rootEmpty": false,
          "_timeout": 2000
        }
      ],
      "passes": [],
      "failures": [],
      "pending": [],
      "skipped": [],
      "duration": 0,
      "root": true,
      "rootEmpty": true,
      "_timeout": 2000
    }
  ],
  "meta": {
    "mocha": {
      "version": "7.0.1"
    },
    "mochawesome": {
      "options": {
        "quiet": false,
        "reportFilename": "mochawesome",
        "saveHtml": false,
        "saveJson": true,
        "consoleReporter": "spec",
        "useInlineDiffs": false,
        "code": true
      },
      "version": "7.1.3"
    },
    "marge": {
      "options": {
        "reportDir": "cypress/results",
        "overwrite": false,
        "html": false,
        "json": true
      },
      "version": "6.2.0"
    }
  }
}